code 0x10474c004 code_size 137216
restore function_index 50
restore function_index 68
restore function_index 52
main_env created 0x140008000 0x600000450020

invoke_init_c
wakeup.release
invoke main 0x140008000 0x600000450020
[2024-09-18 16:48:45.762] [error] [wamr_export.cpp:364] wamr_handle_map old:< 140737314920320 > new:< 140737314920320 >
[2024-09-18 16:48:45.764] [info] [wamr.cpp:568] Recover time: 0.198664

Trial 286 took 766.542831 seconds.
Trial 287 took 0.777004 seconds.
Trial 288 took 0.748810 seconds.
Trial 289 took 0.768862 seconds.
Trial 290 took 0.740044 seconds.
Trial 291 took 0.766859 seconds.
Trial 292 took 0.751722 seconds.
Trial 293 took 0.741384 seconds.
Trial 294 took 0.760509 seconds.
Trial 295 took 0.746774 seconds.
Trial 296 took 0.721614 seconds.
Trial 297 took 0.766351 seconds.
Trial 298 took 0.753223 seconds.
Trial 299 took 0.742107 seconds.
Trial 300 took 0.767885 seconds.
Trial 301 took 0.727489 seconds.
Trial 302 took 0.758080 seconds.
Trial 303 took 0.761748 seconds.
Trial 304 took 0.717190 seconds.
Trial 305 took 0.705661 seconds.
Trial 306 took 0.781014 seconds.
Trial 307 took 0.723280 seconds.
Trial 308 took 0.718939 seconds.
Trial 309 took 0.693281 seconds.
Trial 310 took 0.713925 seconds.
Trial 311 took 0.786007 seconds.
Trial 312 took 0.709461 seconds.
Trial 313 took 0.734878 seconds.
Trial 314 took 0.768529 seconds.
Trial 315 took 0.763892 seconds.
Trial 316 took 0.775723 seconds.
Trial 317 took 0.713860 seconds.
Trial 318 took 0.782599 seconds.
Trial 319 took 0.775549 seconds.
Trial 320 took 0.727858 seconds.
Trial 321 took 0.731812 seconds.
Trial 322 took 0.721326 seconds.
Trial 323 took 0.723113 seconds.
Trial 324 took 0.726006 seconds.
Trial 325 took 0.718968 seconds.
Trial 326 took 0.755287 seconds.
Trial 327 took 0.737046 seconds.
Trial 328 took 0.744456 seconds.
Trial 329 took 0.766135 seconds.
Trial 330 took 0.721947 seconds.
Trial 331 took 0.713598 seconds.
Trial 332 took 0.712270 seconds.
Trial 333 took 0.805309 seconds.
Trial 334 took 0.711033 seconds.
Trial 335 took 0.721470 seconds.
Trial 336 took 0.700292 seconds.
Trial 337 took 0.700402 seconds.
Trial 338 took 0.775162 seconds.
Trial 339 took 0.719310 seconds.
Trial 340 took 0.736465 seconds.
Trial 341 took 0.700225 seconds.
Trial 342 took 0.718087 seconds.
Trial 343 took 0.698226 seconds.
Trial 344 took 0.715149 seconds.
Trial 345 took 0.714617 seconds.
Trial 346 took 0.697794 seconds.
Trial 347 took 0.716343 seconds.
Trial 348 took 0.699645 seconds.
Trial 349 took 0.730741 seconds.
Trial 350 took 0.700779 seconds.
Trial 351 took 0.724560 seconds.
Trial 352 took 0.709481 seconds.
Trial 353 took 0.696278 seconds.
Trial 354 took 0.752349 seconds.
Trial 355 took 0.698465 seconds.
Trial 356 took 0.693214 seconds.
Trial 357 took 0.696049 seconds.
Trial 358 took 0.702397 seconds.
Trial 359 took 0.687303 seconds.
Trial 360 took 0.700902 seconds.
Trial 361 took 0.759438 seconds.
Trial 362 took 0.708564 seconds.
Trial 363 took 0.725255 seconds.
Trial 364 took 0.717700 seconds.
Trial 365 took 0.694864 seconds.
Trial 366 took 0.697309 seconds.
Trial 367 took 0.693260 seconds.
Trial 368 took 0.737865 seconds.
Trial 369 took 0.718839 seconds.
Trial 370 took 0.715653 seconds.
Trial 371 took 0.731945 seconds.
Trial 372 took 0.691311 seconds.
Trial 373 took 0.747836 seconds.
Trial 374 took 0.707146 seconds.
Trial 375 took 0.722537 seconds.
Trial 376 took 0.707947 seconds.
Trial 377 took 0.724440 seconds.
Trial 378 took 0.702064 seconds.
Trial 379 took 0.712989 seconds.
Trial 380 took 0.703805 seconds.
Trial 381 took 0.690010 seconds.
Trial 382 took 0.712180 seconds.
Trial 383 took 0.763309 seconds.
Trial 384 took 0.702939 seconds.
Trial 385 took 0.707342 seconds.
Trial 386 took 0.731180 seconds.
Trial 387 took 0.705440 seconds.
Trial 388 took 0.693960 seconds.
Trial 389 took 0.754634 seconds.
Trial 390 took 0.700538 seconds.
Trial 391 took 0.715736 seconds.
Trial 392 took 0.689614 seconds.
Trial 393 took 0.734599 seconds.
Trial 394 took 0.696231 seconds.
Trial 395 took 0.737158 seconds.
Trial 396 took 0.726855 seconds.
Trial 397 took 0.714874 seconds.
Trial 398 took 0.704925 seconds.
Trial 399 took 0.700256 seconds.
Trial 400 took 0.730049 seconds.
Trial 401 took 0.687189 seconds.
Trial 402 took 0.703428 seconds.
Trial 403 took 0.737386 seconds.
Trial 404 took 0.708298 seconds.
Trial 405 took 0.693846 seconds.
Trial 406 took 0.714284 seconds.
Trial 407 took 0.701082 seconds.
Trial 408 took 0.723354 seconds.
Trial 409 took 0.694219 seconds.
Trial 410 took 0.734164 seconds.
Trial 411 took 0.697697 seconds.
Trial 412 took 0.719412 seconds.
Trial 413 took 0.724983 seconds.
Trial 414 took 0.694758 seconds.
Trial 415 took 0.713051 seconds.
Trial 416 took 0.692142 seconds.
Trial 417 took 0.725102 seconds.
Trial 418 took 0.744418 seconds.
Trial 419 took 0.716829 seconds.
Trial 420 took 0.695004 seconds.
Trial 421 took 0.721378 seconds.
Trial 422 took 0.710869 seconds.
Trial 423 took 0.689122 seconds.
Trial 424 took 0.720127 seconds.
Trial 425 took 0.715456 seconds.
Trial 426 took 0.711808 seconds.
Trial 427 took 0.709476 seconds.
Trial 428 took 0.716547 seconds.
Trial 429 took 0.699872 seconds.
Trial 430 took 0.701490 seconds.
Trial 431 took 0.747071 seconds.
Trial 432 took 0.703569 seconds.
Trial 433 took 0.706041 seconds.
Trial 434 took 0.712430 seconds.
Trial 435 took 0.695278 seconds.
Trial 436 took 0.674252 seconds.
Trial 437 took 0.738300 seconds.
Trial 438 took 0.748392 seconds.
Trial 439 took 0.693004 seconds.
Trial 440 took 0.717845 seconds.
Trial 441 took 0.705612 seconds.
Trial 442 took 0.713196 seconds.
Trial 443 took 0.730303 seconds.
Trial 444 took 0.686794 seconds.
Trial 445 took 0.730389 seconds.
Trial 446 took 0.697113 seconds.
Trial 447 took 0.716957 seconds.
Trial 448 took 0.712073 seconds.
Trial 449 took 0.706102 seconds.
Trial 450 took 0.715746 seconds.
Trial 451 took 0.708009 seconds.
Trial 452 took 0.727887 seconds.
Trial 453 took 0.742052 seconds.
Trial 454 took 0.736966 seconds.
Trial 455 took 0.729420 seconds.
Trial 456 took 0.711952 seconds.
Trial 457 took 0.712006 seconds.
Trial 458 took 0.694917 seconds.
Trial 459 took 0.751527 seconds.
Trial 460 took 0.733062 seconds.
Trial 461 took 0.704342 seconds.
Trial 462 took 0.710821 seconds.
Trial 463 took 0.724002 seconds.
Trial 464 took 0.702775 seconds.
Trial 465 took 0.703422 seconds.
Trial 466 took 0.745745 seconds.
Trial 467 took 0.712490 seconds.
Trial 468 took 0.694302 seconds.
Trial 469 took 0.704366 seconds.
Trial 470 took 0.711879 seconds.
Trial 471 took 0.705435 seconds.
Trial 472 took 0.706266 seconds.
Trial 473 took 0.741593 seconds.
Trial 474 took 0.710612 seconds.
Trial 475 took 0.716670 seconds.
Trial 476 took 0.716796 seconds.
Trial 477 took 0.702642 seconds.
Trial 478 took 0.701755 seconds.
Trial 479 took 0.702430 seconds.
Trial 480 took 0.734132 seconds.
Trial 481 took 0.694326 seconds.
Trial 482 took 0.734093 seconds.
Trial 483 took 0.704660 seconds.
Trial 484 took 0.717027 seconds.
Trial 485 took 0.693617 seconds.
Trial 486 took 0.708165 seconds.
Trial 487 took 0.718133 seconds.
Trial 488 took 0.708289 seconds.
Trial 489 took 0.724816 seconds.
Trial 490 took 1.157223 seconds.
Trial 491 took 0.711822 seconds.
Trial 492 took 0.686569 seconds.
Trial 493 took 0.727021 seconds.
Trial 494 took 0.711798 seconds.
Trial 495 took 0.699121 seconds.
Trial 496 took 0.707361 seconds.
Trial 497 took 0.725399 seconds.
Trial 498 took 0.684485 seconds.
Trial 499 took 0.722714 seconds.
Trial 500 took 0.724621 seconds.
Trial 501 took 0.736626 seconds.
Trial 502 took 0.720077 seconds.
Trial 503 took 0.720664 seconds.
Trial 504 took 0.702709 seconds.
Trial 505 took 0.707424 seconds.
Trial 506 took 0.708565 seconds.
Trial 507 took 0.695480 seconds.
Trial 508 took 0.726210 seconds.
Trial 509 took 0.705656 seconds.
Trial 510 took 0.707610 seconds.
Trial 511 took 0.731140 seconds.
Trial 512 took 0.739405 seconds.
Trial 513 took 0.713500 seconds.
Trial 514 took 0.708057 seconds.
Trial 515 took 0.766880 seconds.
Trial 516 took 0.715396 seconds.
Trial 517 took 0.728207 seconds.
Trial 518 took 0.724859 seconds.
Trial 519 took 0.705945 seconds.
Trial 520 took 0.690943 seconds.
Trial 521 took 0.735759 seconds.
Trial 522 took 0.727584 seconds.
Trial 523 took 0.708141 seconds.
Trial 524 took 0.708898 seconds.
Trial 525 took 0.702958 seconds.
Trial 526 took 0.704978 seconds.
Trial 527 took 0.714270 seconds.
Trial 528 took 0.714088 seconds.
Trial 529 took 0.717929 seconds.
Trial 530 took 0.719094 seconds.
Trial 531 took 0.693095 seconds.
Trial 532 took 0.723741 seconds.
Trial 533 took 0.728815 seconds.
Trial 534 took 0.714688 seconds.
Trial 535 took 0.721890 seconds.
Trial 536 took 0.718542 seconds.
Trial 537 took 0.712215 seconds.
Trial 538 took 0.749337 seconds.
Trial 539 took 0.820464 seconds.
^CCaught signal 2, performing custom logic...
serializing
[2024-09-18 16:51:49.190] [info] [wamr_interp_frame.cpp:83] function_index 52 ip_offset 526 lp 0x140008df8 sp 0x140008f7c sp_offset 97
1 71056 70992 112 70880 0 1000 100000 1000 1000 1000 1000000 3 8000000 71072 1000 100000 100000000 3 800000000 8071088 1000 100000 100000000 3 800000000 808071104 71072 1000 1000 8071088 1000 100000 0 540 1000 540 1000 1 1 1 48 70928 70928 0 1000 1000 100000 71072 1000 8071088 1000 808071104 1000 0 1072693248 0 0 0 32 70912 70912 0 1726649508 0 1726649507 0 1 0 0 1072693248 410576 0 590112 0 4294787760 4294967295 0 3238390400 0 1093567616 540684843 3217488649 3086054261 1072316733 539 3086054261 1072316733 1190 539 1 540 0 0 0 70912 0 
[2024-09-18 16:51:49.190] [info] [wamr_interp_frame.cpp:83] function_index 68 ip_offset 109 lp 0x140008da8 sp 0x140008dbc sp_offset 5
70992 71056 71024 1 71056 
[2024-09-18 16:51:49.190] [info] [wamr_interp_frame.cpp:83] function_index 50 ip_offset 40 lp 0x140008d60 sp 0x140008d64 sp_offset 1
0 
[2024-09-18 16:51:49.972] [info] [wamr.cpp:1005] Snapshot time: 0.840066 s
[2024-09-18 16:51:49.972] [info] [wamr.cpp:1006] Max Interval: 0
[2024-09-18 16:51:49.972] [info] [wamr.cpp:1007] Memory usage: 11016 MB
