code 0x40000004 code_size 164480
restore function_index 50
restore function_index 68
restore function_index 52
main_env created 0x5555557b2a40 0x5555557a5dd0

invoke_init_c
wakeup.release
invoke main 0x5555557b2a40 0x5555557a5dd0
[2024-09-18 03:46:00.038] [error] [wamr_export.cpp:364] wamr_handle_map old:< 8663361856 > new:< 8663361856 >
[2024-09-18 03:46:00.038] [info] [wamr.cpp:568] Recover time: 0.806304

Trial 540 took 6851.627919 seconds.
Trial 541 took 1.042516 seconds.
Trial 542 took 0.235232 seconds.
Trial 543 took 0.251760 seconds.
Trial 544 took 0.243234 seconds.
Trial 545 took 0.225375 seconds.
Trial 546 took 0.226236 seconds.
Trial 547 took 0.221142 seconds.
Trial 548 took 0.223389 seconds.
Trial 549 took 0.217496 seconds.
Trial 550 took 0.218343 seconds.
Trial 551 took 0.237782 seconds.
Trial 552 took 0.244834 seconds.
Trial 553 took 0.239315 seconds.
Trial 554 took 0.244568 seconds.
Trial 555 took 0.237035 seconds.
Trial 556 took 0.250933 seconds.
Trial 557 took 0.249865 seconds.
Trial 558 took 0.233676 seconds.
Trial 559 took 0.293286 seconds.
Trial 560 took 0.283850 seconds.
Trial 561 took 0.279393 seconds.
Trial 562 took 0.279681 seconds.
Trial 563 took 0.293230 seconds.
Trial 564 took 0.271979 seconds.
Trial 565 took 0.245155 seconds.
Trial 566 took 0.238163 seconds.
Trial 567 took 0.249082 seconds.
Trial 568 took 0.262441 seconds.
Trial 569 took 0.260449 seconds.
Trial 570 took 0.264044 seconds.
Trial 571 took 0.263909 seconds.
Trial 572 took 0.256566 seconds.
Trial 573 took 0.267450 seconds.
Trial 574 took 0.253886 seconds.
Trial 575 took 0.244854 seconds.
Trial 576 took 0.241399 seconds.
Trial 577 took 0.272844 seconds.
Trial 578 took 0.228160 seconds.
Trial 579 took 0.250298 seconds.
Trial 580 took 0.240128 seconds.
Trial 581 took 0.256780 seconds.
Trial 582 took 0.244324 seconds.
Trial 583 took 0.244358 seconds.
Trial 584 took 0.222839 seconds.
Trial 585 took 0.223457 seconds.
Trial 586 took 0.256799 seconds.
Trial 587 took 0.262240 seconds.
Trial 588 took 0.240312 seconds.
Trial 589 took 0.238846 seconds.
Trial 590 took 0.236939 seconds.
Trial 591 took 0.220015 seconds.
Trial 592 took 0.232304 seconds.
Trial 593 took 0.233172 seconds.
Trial 594 took 0.232659 seconds.
Trial 595 took 0.228883 seconds.
Trial 596 took 0.229515 seconds.
Trial 597 took 0.230067 seconds.
Trial 598 took 0.230178 seconds.
Trial 599 took 0.229271 seconds.
Trial 600 took 0.234964 seconds.
Trial 601 took 0.227349 seconds.
Trial 602 took 0.238803 seconds.
Trial 603 took 0.240177 seconds.
Trial 604 took 0.240201 seconds.
Trial 605 took 0.226206 seconds.
Trial 606 took 0.224460 seconds.
Trial 607 took 0.240807 seconds.
Trial 608 took 0.230956 seconds.
Trial 609 took 0.247304 seconds.
Trial 610 took 0.227850 seconds.
Trial 611 took 0.223569 seconds.
Trial 612 took 0.230029 seconds.
Trial 613 took 0.241295 seconds.
Trial 614 took 0.243854 seconds.
Trial 615 took 0.243536 seconds.
Trial 616 took 0.244037 seconds.
Trial 617 took 0.225986 seconds.
Trial 618 took 0.248174 seconds.
Trial 619 took 0.228440 seconds.
Trial 620 took 0.228664 seconds.
Trial 621 took 0.235986 seconds.
Trial 622 took 0.237393 seconds.
Trial 623 took 0.263048 seconds.
Trial 624 took 0.234861 seconds.
Trial 625 took 0.254864 seconds.
Trial 626 took 0.226489 seconds.
Trial 627 took 0.243454 seconds.
Trial 628 took 0.231596 seconds.
Trial 629 took 0.223004 seconds.
Trial 630 took 0.229555 seconds.
Trial 631 took 0.229494 seconds.
Trial 632 took 0.246464 seconds.
Trial 633 took 0.240295 seconds.
Trial 634 took 0.235557 seconds.
Trial 635 took 0.237789 seconds.
Trial 636 took 0.242258 seconds.
Trial 637 took 0.226791 seconds.
Trial 638 took 0.235985 seconds.
Trial 639 took 0.234629 seconds.
Trial 640 took 0.558223 seconds.
Trial 641 took 0.284983 seconds.
Trial 642 took 0.287231 seconds.
Trial 643 took 0.271229 seconds.
Trial 644 took 0.279592 seconds.
Trial 645 took 0.278996 seconds.
Trial 646 took 0.282649 seconds.
Trial 647 took 0.285452 seconds.
Trial 648 took 1.060210 seconds.
Trial 649 took 0.236547 seconds.
Trial 650 took 0.236728 seconds.
Trial 651 took 0.230417 seconds.
Trial 652 took 0.997510 seconds.
Trial 653 took 0.242654 seconds.
Trial 654 took 0.231723 seconds.
Trial 655 took 0.244883 seconds.
Trial 656 took 0.615050 seconds.
Trial 657 took 0.243820 seconds.
Trial 658 took 0.227364 seconds.
Trial 659 took 0.230741 seconds.
Trial 660 took 0.227688 seconds.
Trial 661 took 0.234021 seconds.
Trial 662 took 0.238537 seconds.
Trial 663 took 0.241102 seconds.
Trial 664 took 0.230945 seconds.
Trial 665 took 0.231751 seconds.
Trial 666 took 0.225857 seconds.
Trial 667 took 0.243050 seconds.
Trial 668 took 0.239074 seconds.
Trial 669 took 0.226113 seconds.
Trial 670 took 0.231314 seconds.
Trial 671 took 0.237426 seconds.
Trial 672 took 0.224892 seconds.
Trial 673 took 0.236670 seconds.
Trial 674 took 0.226564 seconds.
Trial 675 took 0.235670 seconds.
Trial 676 took 0.228714 seconds.
Trial 677 took 0.253772 seconds.
Trial 678 took 0.220328 seconds.
Trial 679 took 0.260969 seconds.
Trial 680 took 0.232239 seconds.
Trial 681 took 0.235932 seconds.
Trial 682 took 0.237053 seconds.
Trial 683 took 0.245413 seconds.
Trial 684 took 0.239445 seconds.
Trial 685 took 0.233959 seconds.
Trial 686 took 0.244652 seconds.
Trial 687 took 0.226816 seconds.
Trial 688 took 0.240176 seconds.
Trial 689 took 0.232709 seconds.
Trial 690 took 0.234430 seconds.
Trial 691 took 0.596474 seconds.
Trial 692 took 0.266240 seconds.
Trial 693 took 1.190888 seconds.
Trial 694 took 0.230660 seconds.
Trial 695 took 0.257985 seconds.
Trial 696 took 0.235141 seconds.
Trial 697 took 0.231734 seconds.
Trial 698 took 0.227080 seconds.
Trial 699 took 0.232933 seconds.
Trial 700 took 0.247115 seconds.
Trial 701 took 0.238685 seconds.
Trial 702 took 0.225950 seconds.
Trial 703 took 0.231180 seconds.
Trial 704 took 0.247171 seconds.
Trial 705 took 0.232069 seconds.
Trial 706 took 0.244078 seconds.
Trial 707 took 0.231511 seconds.
Trial 708 took 0.239418 seconds.
Trial 709 took 0.255630 seconds.
Trial 710 took 0.219273 seconds.
Trial 711 took 0.245625 seconds.
Trial 712 took 0.243298 seconds.
Trial 713 took 0.257612 seconds.
Trial 714 took 0.253939 seconds.
Trial 715 took 0.239714 seconds.
Trial 716 took 0.264708 seconds.
Trial 717 took 0.231633 seconds.
Trial 718 took 0.230892 seconds.
Trial 719 took 0.228481 seconds.
Trial 720 took 0.238906 seconds.
Trial 721 took 0.240222 seconds.
Trial 722 took 0.227755 seconds.
Trial 723 took 0.238196 seconds.
Trial 724 took 0.234458 seconds.
Trial 725 took 0.238555 seconds.
Trial 726 took 0.224377 seconds.
Trial 727 took 0.235593 seconds.
Trial 728 took 0.245479 seconds.
Trial 729 took 0.235033 seconds.
Trial 730 took 0.604095 seconds.
Trial 731 took 0.262749 seconds.
Trial 732 took 0.259966 seconds.
Trial 733 took 0.236575 seconds.
Trial 734 took 0.237790 seconds.
Trial 735 took 0.230113 seconds.
Trial 736 took 0.255009 seconds.
Trial 737 took 0.270288 seconds.
Trial 738 took 0.233910 seconds.
Trial 739 took 0.237200 seconds.
Trial 740 took 0.243886 seconds.
Trial 741 took 0.235967 seconds.
Trial 742 took 0.246188 seconds.
Trial 743 took 0.242867 seconds.
Trial 744 took 0.239105 seconds.
Trial 745 took 0.243190 seconds.
Trial 746 took 0.317037 seconds.
Trial 747 took 0.275553 seconds.
Trial 748 took 0.249247 seconds.
Trial 749 took 0.251940 seconds.
Trial 750 took 0.244447 seconds.
Trial 751 took 0.242169 seconds.
Trial 752 took 0.702144 seconds.
Trial 753 took 0.232793 seconds.
Trial 754 took 0.228265 seconds.
Trial 755 took 0.259231 seconds.
Trial 756 took 0.234021 seconds.
Trial 757 took 0.253249 seconds.
Trial 758 took 0.240845 seconds.
Trial 759 took 0.267517 seconds.
Trial 760 took 0.256403 seconds.
Trial 761 took 0.237563 seconds.
Trial 762 took 0.237563 seconds.
Trial 763 took 0.233404 seconds.
Trial 764 took 0.242891 seconds.
Trial 765 took 0.231657 seconds.
Trial 766 took 0.246108 seconds.
Trial 767 took 0.236035 seconds.
Trial 768 took 0.230551 seconds.
Trial 769 took 0.246250 seconds.
Trial 770 took 0.231563 seconds.
Trial 771 took 0.227592 seconds.
Trial 772 took 0.250114 seconds.
Trial 773 took 0.236849 seconds.
Trial 774 took 0.239744 seconds.
Trial 775 took 0.246138 seconds.
Trial 776 took 0.739693 seconds.
Trial 777 took 0.226491 seconds.
Trial 778 took 0.236011 seconds.
Trial 779 took 0.242858 seconds.
Trial 780 took 0.223041 seconds.
Trial 781 took 0.244456 seconds.
Trial 782 took 0.249241 seconds.
Trial 783 took 0.232927 seconds.
Trial 784 took 0.236848 seconds.
Trial 785 took 0.225490 seconds.
Trial 786 took 0.239024 seconds.
Trial 787 took 0.251198 seconds.
Trial 788 took 0.223381 seconds.
Trial 789 took 0.227049 seconds.
Trial 790 took 0.225663 seconds.
Trial 791 took 0.228068 seconds.
Trial 792 took 0.226466 seconds.
Trial 793 took 0.228029 seconds.
Trial 794 took 0.219372 seconds.
Trial 795 took 0.223472 seconds.
Trial 796 took 0.228515 seconds.
Trial 797 took 0.227897 seconds.
Trial 798 took 0.239157 seconds.
Trial 799 took 0.250664 seconds.
Trial 800 took 0.229245 seconds.
Trial 801 took 0.223043 seconds.
Trial 802 took 0.225490 seconds.
Trial 803 took 0.219908 seconds.
Trial 804 took 0.231062 seconds.
Trial 805 took 0.231690 seconds.
Trial 806 took 0.235809 seconds.
Trial 807 took 0.241423 seconds.
Trial 808 took 0.220213 seconds.
Trial 809 took 0.241120 seconds.
Trial 810 took 0.248758 seconds.
Trial 811 took 0.225414 seconds.
Trial 812 took 0.234027 seconds.
Trial 813 took 0.232512 seconds.
Trial 814 took 0.230633 seconds.
Trial 815 took 0.235397 seconds.
Trial 816 took 0.223669 seconds.
Trial 817 took 0.221303 seconds.
Trial 818 took 0.246123 seconds.
Trial 819 took 0.241632 seconds.
Trial 820 took 0.237788 seconds.
Trial 821 took 0.230895 seconds.
Trial 822 took 0.223651 seconds.
Trial 823 took 0.242976 seconds.
Trial 824 took 0.237285 seconds.
Trial 825 took 0.256250 seconds.
Trial 826 took 0.235039 seconds.
Trial 827 took 0.251099 seconds.
Trial 828 took 0.222831 seconds.
Trial 829 took 0.236762 seconds.
Trial 830 took 0.220803 seconds.
Trial 831 took 0.239119 seconds.
Trial 832 took 0.244774 seconds.
Trial 833 took 0.221005 seconds.
Trial 834 took 0.238577 seconds.
Trial 835 took 0.238532 seconds.
Trial 836 took 0.235579 seconds.
Trial 837 took 0.229739 seconds.
Trial 838 took 0.225947 seconds.
Trial 839 took 0.240612 seconds.
Trial 840 took 0.234140 seconds.
Trial 841 took 0.245889 seconds.
Trial 842 took 0.232114 seconds.
Trial 843 took 0.224861 seconds.
Trial 844 took 0.229907 seconds.
Trial 845 took 0.235947 seconds.
Trial 846 took 0.230773 seconds.
Trial 847 took 0.251973 seconds.
Trial 848 took 0.242013 seconds.
Trial 849 took 0.227290 seconds.
Trial 850 took 0.241245 seconds.
Trial 851 took 0.235661 seconds.
Trial 852 took 0.237871 seconds.
Trial 853 took 0.226387 seconds.
Trial 854 took 0.242607 seconds.
Trial 855 took 0.230258 seconds.
Trial 856 took 0.239874 seconds.
Trial 857 took 0.229499 seconds.
Trial 858 took 0.229049 seconds.
Trial 859 took 0.220878 seconds.
Trial 860 took 0.223001 seconds.
Trial 861 took 0.221716 seconds.
Trial 862 took 0.252716 seconds.
Trial 863 took 0.233829 seconds.
Trial 864 took 0.238963 seconds.
Trial 865 took 0.240655 seconds.
Trial 866 took 0.222070 seconds.
Trial 867 took 0.231483 seconds.
Trial 868 took 0.235820 seconds.
Trial 869 took 0.236569 seconds.
Trial 870 took 0.234020 seconds.
Trial 871 took 0.229591 seconds.
Trial 872 took 0.228253 seconds.
Trial 873 took 0.220738 seconds.
Trial 874 took 0.225533 seconds.
Trial 875 took 0.230944 seconds.
Trial 876 took 0.251086 seconds.
Trial 877 took 0.247716 seconds.
Trial 878 took 0.229134 seconds.
Trial 879 took 0.234405 seconds.
Trial 880 took 0.228440 seconds.
Trial 881 took 0.227541 seconds.
Trial 882 took 0.242012 seconds.
Trial 883 took 0.230320 seconds.
Trial 884 took 0.237325 seconds.
Trial 885 took 0.231183 seconds.
Trial 886 took 0.227278 seconds.
Trial 887 took 0.253110 seconds.
Trial 888 took 0.225968 seconds.
Trial 889 took 0.222222 seconds.
Trial 890 took 0.231529 seconds.
Trial 891 took 0.253506 seconds.
Trial 892 took 0.232862 seconds.
Trial 893 took 0.237483 seconds.
Trial 894 took 0.230288 seconds.
Trial 895 took 0.231625 seconds.
Trial 896 took 0.252471 seconds.
Trial 897 took 0.221477 seconds.
^CCaught signal 2, performing custom logic...
^C[2024-09-18 03:47:32.954] [info] [wamr_interp_frame.cpp:82] function_index 52 ip_offset 526 lp 0x5555557b3820 sp 0x5555557b39a4 sp_offset 97
1 71056 70992 112 70880 0 1000 100000 1000 1000 1000 1000000 3 8000000 71072 1000 100000 100000000 3 800000000 8071088 1000 100000 100000000 3 800000000 808071104 71072 1000 1000 8071088 1000 100000 0 898 1000 898 1000 1 1 1 48 70928 70928 0 1000 1000 100000 71072 1000 8071088 1000 808071104 1000 0 1072693248 0 0 0 32 70912 70912 0 1726656451 0 1726656450 0 1 0 0 1072693248 152741 0 931264 0 4294188773 4294967295 0 3240608310 0 1093567616 285598145 3219712425 3152574716 1070356827 897 3152574716 1070356827 1190 897 1 898 0 0 0 70912 0 
[2024-09-18 03:47:32.954] [info] [wamr_interp_frame.cpp:82] function_index 68 ip_offset 109 lp 0x5555557b37d0 sp 0x5555557b37e4 sp_offset 5
70992 71056 71024 1 71056 
[2024-09-18 03:47:32.954] [info] [wamr_interp_frame.cpp:82] function_index 50 ip_offset 40 lp 0x5555557b3788 sp 0x5555557b378c sp_offset 1
0 
[2024-09-18 03:47:34.943] [info] [wamr.cpp:1005] Snapshot time: 2.347502 s
[2024-09-18 03:47:34.943] [info] [wamr.cpp:1006] Max Interval: 0
[2024-09-18 03:47:34.943] [info] [wamr.cpp:1007] Memory usage: 11014 MB