Generate Time:       1.30382
Build Time:          1.52430
Graph has 1048576 nodes and 15699691 undirected edges for degree: 14
Trial Time:          0.36593
Trial Time:          0.41013
Trial Time:          0.39828
Trial Time:          0.35927
Trial Time:          0.42805
Trial Time:          0.39259
Trial Time:          0.40081
Trial Time:          0.53841
Trial Time:          0.56527
Trial Time:          0.39103
Trial Time:          0.34932
Trial Time:          0.33005
Trial Time:          0.36636
Trial Time:          0.42894
Trial Time:          0.36822
Trial Time:          0.38962
Trial Time:          0.44880
Trial Time:          0.51618
Trial Time:          0.34638
Trial Time:          0.35713
Trial Time:          0.40390
Trial Time:          0.44124
Trial Time:          0.35676
Trial Time:          0.33336
Trial Time:          0.36116
Trial Time:          0.46062
Trial Time:          0.39864
Trial Time:          0.46000
Trial Time:          0.35140
Trial Time:          0.39942
Trial Time:          0.37602
Trial Time:          0.34426
Trial Time:          0.37803
Trial Time:          0.40676
Trial Time:          0.44285
Trial Time:          0.36560
Trial Time:          0.36232
Trial Time:          0.35072
Trial Time:          0.37391
Trial Time:          0.34198
Trial Time:          0.42281
Trial Time:          0.35265
Trial Time:          0.38637
Trial Time:          0.40880
Trial Time:          0.40527
Trial Time:          0.40514
Trial Time:          0.42578
Trial Time:          0.38183
Trial Time:          0.49046
Trial Time:          0.32477
Trial Time:          0.44930
Trial Time:          0.39319
Trial Time:          0.51298
Trial Time:          0.53335
Trial Time:          0.44246
Trial Time:          0.42570
Trial Time:          0.45085
Trial Time:          0.44009
Trial Time:          0.45163
Trial Time:          0.51419
Trial Time:          0.46727
Trial Time:          0.47583
Trial Time:          0.37700
Trial Time:          0.41550
Trial Time:          0.36936
Trial Time:          0.48659
Trial Time:          0.42686
Trial Time:          0.48495
Trial Time:          0.40372
Trial Time:          0.43463
Trial Time:          0.50001
Trial Time:          0.44201
Trial Time:          0.46688
Trial Time:          0.47744
Trial Time:          0.44090
Trial Time:          0.46516
Trial Time:          0.43213
Trial Time:          0.42445
Trial Time:          0.49564
Trial Time:          0.47648
Trial Time:          0.44429
Trial Time:          0.47029
Trial Time:          0.46026
Trial Time:          0.44274
Trial Time:          0.44797
Trial Time:          0.29727
Trial Time:          0.37853
Trial Time:          0.42321
Trial Time:          0.48987
Trial Time:          0.47613
Trial Time:          0.42004
Trial Time:          0.40644
Trial Time:          0.40211
Trial Time:          0.44594
Trial Time:          0.45576
Trial Time:          0.37625
Trial Time:          0.42336
Trial Time:          0.33669
Trial Time:          0.37697
Trial Time:          0.42766
Average Time:        0.41842
[2024-05-08 19:58:49.796] [info] [restore.cpp:141] Execution time: 84.897481 s
