code 0x40000004 code_size 7908476
[2024-05-08 19:59:50.484] [info] [wamr_read_write.h:134] [Server] Bind socket 128.114.53.32 12353
[2024-05-08 19:59:50.484] [info] [wamr_read_write.h:139] [Server] Listening on socket
restore function_index 52
restore function_index 5016
restore function_index 1238
restore function_index 1232
restore function_index 1123
restore function_index 807
restore function_index 810
restore function_index 929
restore function_index 1222
main_env created 0x555555a92ed0 0x55555594d9d0

[2024-05-08 20:00:49.154] [error] [wamr.cpp:604] 0 126084343113408
[2024-05-08 20:00:49.154] [error] [wamr_export.cpp:380] insert_parent_child 0 1
restore function_index 5441
restore function_index 5410
restore function_index 887
restore function_index 835
restore function_index 810
restore function_index 929
restore function_index 1222
restore_env: 0x555555ad0c30 0x55555594dbb0
restored child env
thread mgr: save_restore_call_chain 0x55555594dbb0
[2024-05-08 20:00:49.155] [error] [wamr_export.cpp:364] wamr_handle_map old:< 126084343113408 > new:< 140737353897664 >
child spawned 0x555555a92ed0 0x55555594ad20

[2024-05-08 20:00:49.155] [error] [wamr.cpp:604] 0 126084337522368
[2024-05-08 20:00:49.155] [error] [wamr_export.cpp:380] insert_parent_child 0 2
restore function_index 5441
restore function_index 5410
restore function_index 887
restore function_index 835
restore function_index 810
restore function_index 929
restore function_index 1222
restore_env: 0x55555585a1e0 0x55555594df70
restored child env
thread mgr: save_restore_call_chain 0x55555594df70
[2024-05-08 20:00:49.155] [error] [wamr_export.cpp:364] wamr_handle_map old:< 126084337522368 > new:< 140737352554176 >
child spawned 0x555555a92ed0 0x555555948f70

[2024-05-08 20:00:49.155] [error] [wamr.cpp:604] 0 126084337452736
[2024-05-08 20:00:49.155] [error] [wamr_export.cpp:380] insert_parent_child 0 3
restore function_index 5441
restore function_index 5410
restore function_index 887
restore function_index 835
restore function_index 810
restore function_index 929
restore function_index 1222
restore_env: 0x55555589d4e0 0x55555594e050
restored child env
thread mgr: save_restore_call_chain 0x55555594e050
[2024-05-08 20:00:49.156] [error] [wamr_export.cpp:364] wamr_handle_map old:< 126084337452736 > new:< 140737348400832 >
child spawned 0x555555a92ed0 0x555555947490

invoke_init_c
wakeup.release
invoke main 0x555555a92ed0 0x55555594d9d0
[2024-05-08 20:00:49.156] [error] [wamr_export.cpp:364] wamr_handle_map old:< 126084341857280 > new:< 140737352567808 >
invoke side0x555555ae1af8
invoke side0x555555af45b8
[2024-05-08 20:00:49.156] [info] [wamr.cpp:568] Recover time: 0.227654

invoke side0x555555957838
Trial Time:          1699207.01300
Trial Time:          0.10801
Trial Time:          0.11843
Trial Time:          0.10288
Trial Time:          0.10527
Trial Time:          0.11639
Trial Time:          0.10499
Trial Time:          0.10200
Trial Time:          0.10648
Trial Time:          0.12836
Trial Time:          0.10634
Trial Time:          0.11100
Trial Time:          0.11243
Trial Time:          0.12083
Trial Time:          0.10656
Trial Time:          0.11170
Trial Time:          0.10605
Trial Time:          0.10633
Trial Time:          0.10796
Trial Time:          0.10760
Trial Time:          0.10611
Trial Time:          0.10616
Trial Time:          0.10837
Trial Time:          0.12807
Trial Time:          0.10757
Trial Time:          0.10293
Trial Time:          0.10335
Trial Time:          0.11986
Trial Time:          0.09784
Trial Time:          0.12622
Trial Time:          0.10806
Trial Time:          0.10685
Trial Time:          0.14184
Trial Time:          0.10682
Trial Time:          0.10760
Trial Time:          0.10269
Trial Time:          0.10263
Trial Time:          0.10820
Trial Time:          0.15266
Trial Time:          0.11847
Trial Time:          0.10906
Trial Time:          0.10671
Trial Time:          0.10538
Trial Time:          0.10704
Trial Time:          0.10379
Trial Time:          0.10366
Trial Time:          0.10589
Trial Time:          0.10677
Trial Time:          0.10537
Trial Time:          0.11185
Trial Time:          0.11704
Trial Time:          0.11135
Trial Time:          0.10577
Trial Time:          0.11533
Trial Time:          0.10842
Trial Time:          0.12240
Trial Time:          0.10074
Trial Time:          0.11381
Trial Time:          0.10163
Trial Time:          0.10748
Trial Time:          0.11499
Trial Time:          0.10456
Trial Time:          0.10129
Trial Time:          0.10908
Trial Time:          0.11102
Trial Time:          0.11297
Trial Time:          0.11086
Trial Time:          0.10290
Trial Time:          0.12138
Trial Time:          0.10633
Trial Time:          0.11095
Trial Time:          0.10490
Trial Time:          0.10643
Trial Time:          0.10534
Trial Time:          0.12653
Trial Time:          0.11837
Trial Time:          0.10308
Trial Time:          0.10111
Trial Time:          0.11302
Trial Time:          0.10023
Trial Time:          0.10446
Trial Time:          0.10073
Trial Time:          0.10565
Trial Time:          0.11628
Trial Time:          0.10536
Trial Time:          0.10153
Trial Time:          0.11268
Trial Time:          0.11458
Trial Time:          0.10564
Trial Time:          0.10266
Trial Time:          0.10169
Trial Time:          0.11041
Trial Time:          0.09746
Trial Time:          0.11118
Trial Time:          0.11199
Trial Time:          0.10390
Trial Time:          0.10295
Trial Time:          0.11334
Trial Time:          0.10898
Trial Time:          0.09962
Trial Time:          0.09678
Trial Time:          0.10983
Trial Time:          0.10742
Trial Time:          0.09870
Trial Time:          0.10425
Trial Time:          0.10125
Trial Time:          0.10287
Trial Time:          0.10031
Trial Time:          0.11754
Trial Time:          0.10836
Trial Time:          0.10670
Trial Time:          0.11167
Trial Time:          0.11120
Trial Time:          0.10465
Trial Time:          0.10016
Trial Time:          0.10232
Trial Time:          0.09688
Trial Time:          0.10471
Trial Time:          0.10476
Trial Time:          0.10247
Trial Time:          0.10160
Trial Time:          0.10338
Trial Time:          0.11116
Trial Time:          0.13197
Trial Time:          0.09897
Trial Time:          0.10083
Trial Time:          0.10265
Trial Time:          0.10366
Trial Time:          0.10376
Trial Time:          0.10069
Trial Time:          0.10825
Trial Time:          0.11621
Trial Time:          0.11504
Trial Time:          0.10021
Trial Time:          0.10162
Trial Time:          0.10167
Trial Time:          0.10382
Trial Time:          0.10018
Trial Time:          0.09824
Trial Time:          0.11269
Trial Time:          0.10562
Trial Time:          0.10552
Trial Time:          0.09994
Trial Time:          0.09443
Trial Time:          0.09838
Trial Time:          0.10773
Trial Time:          0.10113
Trial Time:          0.10288
Trial Time:          0.10195
Trial Time:          0.09938
Trial Time:          0.10035
Trial Time:          0.10277
Trial Time:          0.09590
Trial Time:          0.10842
Trial Time:          0.09959
Trial Time:          0.09993
Trial Time:          0.10090
Trial Time:          0.10191
Trial Time:          0.10049
Trial Time:          0.09648
Trial Time:          0.09522
Trial Time:          0.09373
Trial Time:          0.11325
Trial Time:          0.09967
Trial Time:          0.09934
Trial Time:          0.09873
Trial Time:          0.10934
Trial Time:          0.10670
Trial Time:          0.11569
Trial Time:          0.09482
Trial Time:          0.09685
Trial Time:          0.10438
Trial Time:          0.09886
Trial Time:          0.10286
Trial Time:          0.11391
Trial Time:          0.11605
Trial Time:          0.10324
Trial Time:          0.10552
Trial Time:          0.11038
Trial Time:          0.11412
Trial Time:          0.11419
Trial Time:          0.10931
Trial Time:          0.10743
Trial Time:          0.10237
Trial Time:          0.11499
Trial Time:          0.10392
Trial Time:          0.10532
Trial Time:          0.10199
Trial Time:          0.10984
Trial Time:          0.12956
Trial Time:          0.10686
Trial Time:          0.10444
Trial Time:          0.10334
Trial Time:          0.10991
Trial Time:          0.10692
Trial Time:          0.11217
Trial Time:          0.10063
Trial Time:          0.09829
Trial Time:          0.10438
Trial Time:          0.11531
Trial Time:          0.11654
Trial Time:          0.10009
Trial Time:          0.10291
Trial Time:          0.10573
Trial Time:          0.12081
Trial Time:          0.11876
Trial Time:          0.10030
Trial Time:          0.11156
Trial Time:          0.11076
Trial Time:          0.11208
Trial Time:          0.11676
Trial Time:          0.11048
Trial Time:          0.10230
Trial Time:          0.10967
Trial Time:          0.10246
Trial Time:          0.10185
Trial Time:          0.11504
Trial Time:          0.10826
Trial Time:          0.10902
Trial Time:          0.10512
Trial Time:          0.10944
Trial Time:          0.10729
Trial Time:          0.10442
Trial Time:          0.10128
Trial Time:          0.10442
Trial Time:          0.10465
Trial Time:          0.10849
Trial Time:          0.10579
Trial Time:          0.10184
Trial Time:          0.10623
Trial Time:          0.10973
Trial Time:          0.10144
Trial Time:          0.11700
Trial Time:          0.10930
Trial Time:          0.11540
Trial Time:          0.10686
Trial Time:          0.10058
Trial Time:          0.11233
Trial Time:          0.11570
Trial Time:          0.10627
Trial Time:          0.11158
Trial Time:          0.10189
Trial Time:          0.10608
Trial Time:          0.08677
Trial Time:          0.07639
Trial Time:          0.09014
Trial Time:          0.10250
Trial Time:          0.10248
Trial Time:          0.10100
Trial Time:          0.10890
Trial Time:          0.10065
Trial Time:          0.09681
Trial Time:          0.10402
Trial Time:          0.10040
Trial Time:          0.10311
Trial Time:          0.11318
Trial Time:          0.11384
Trial Time:          0.11805
Trial Time:          0.10710
Trial Time:          0.11475
Trial Time:          0.11483
Trial Time:          0.10637
Trial Time:          0.11284
Trial Time:          0.10554
Trial Time:          0.11210
Trial Time:          0.10894
Trial Time:          0.10858
Trial Time:          0.10687
Trial Time:          0.10676
Trial Time:          0.11922
Trial Time:          0.11031
Trial Time:          0.11552
Trial Time:          0.10469
Trial Time:          0.10183
Trial Time:          0.11139
Trial Time:          0.11701
Trial Time:          0.10988
Trial Time:          0.10872
Trial Time:          0.10704
Trial Time:          0.10682
Trial Time:          0.10895
Trial Time:          0.10603
Trial Time:          0.09825
Trial Time:          0.12237
Trial Time:          0.10582
Trial Time:          0.10680
Trial Time:          0.10732
Trial Time:          0.10497
Trial Time:          0.10720
Trial Time:          0.10311
Trial Time:          0.11304
Trial Time:          0.10800
Trial Time:          0.10918
Trial Time:          0.10449
Trial Time:          0.10045
Trial Time:          0.09598
Trial Time:          0.10129
Trial Time:          0.11179
Trial Time:          0.10543
Trial Time:          0.11423
Trial Time:          0.11208
Trial Time:          0.10858
Trial Time:          0.11527
Trial Time:          0.10833
Trial Time:          0.10663
Trial Time:          0.11196
Trial Time:          0.10659
Trial Time:          0.10893
Trial Time:          0.10422
Trial Time:          0.11093
Trial Time:          0.10897
Trial Time:          0.10420
Trial Time:          0.11755
Trial Time:          0.10328
Trial Time:          0.09738
Trial Time:          0.11271
Trial Time:          0.12021
Trial Time:          0.11091
Trial Time:          0.10725
Trial Time:          0.10831
Trial Time:          0.09910
Trial Time:          0.10468
Trial Time:          0.10360
Trial Time:          0.11215
Trial Time:          0.10665
Trial Time:          0.10228
Trial Time:          0.10697
Trial Time:          0.10237
Trial Time:          0.11863
Trial Time:          0.11270
Trial Time:          0.10196
Trial Time:          0.10579
Trial Time:          0.10306
Trial Time:          0.11111
Average Time:        0.11332
Thread 1 exitsThread 2 exitsThread 3 exitstimed out so signaling again
[2024-05-08 19:59:29.796] [info] [restore.cpp:141] Execution time: 84.897481 s