^@code 0x41a00004 code_size 7908476
[2024-05-08 19:56:42.241] [[32minfo[m] [wamr_read_write.h:134] [Server] Bind socket 128.114.59.200 12346
[2024-05-08 19:56:42.241] [[32minfo[m] [wamr_read_write.h:139] [Server] Listening on socket
restore function_index 52
restore function_index 5016
restore function_index 1238
restore function_index 1232
restore function_index 1123
restore function_index 807
restore function_index 810
restore function_index 929
restore function_index 1222
main_env created 0x5aacc68d37b0 0x5aacc63d3e10

[2024-05-08 19:57:19.004] [[31m[1merror[m] [wamr.cpp:604] 0 140737353897664
[2024-05-08 19:57:19.004] [[31m[1merror[m] [wamr_export.cpp:380] insert_parent_child 0 1
restore function_index 5441
restore function_index 5410
restore function_index 887
restore function_index 835
restore function_index 810
restore function_index 929
restore function_index 1222
restore_env: 0x5aacc66cb770 0x5aacc63d3ff0
restored child env
thread mgr: save_restore_call_chain 0x5aacc63d3ff0
[2024-05-08 19:57:19.004] [[31m[1merror[m] [wamr_export.cpp:364] wamr_handle_map old:< 140737353897664 > new:< 140553258411712 >
child spawned 0x5aacc68d37b0 0x5aacc63d4ef0

[2024-05-08 19:57:19.005] [[31m[1merror[m] [wamr.cpp:604] 0 140737352554176
[2024-05-08 19:57:19.005] [[31m[1merror[m] [wamr_export.cpp:380] insert_parent_child 0 2
restore function_index 5441
restore function_index 5410
restore function_index 887
restore function_index 835
restore function_index 810
restore function_index 929
restore function_index 1222
restore_env: 0x5aacc6450ca0 0x5aacc63d43c0
restored child env
thread mgr: save_restore_call_chain 0x5aacc63d43c0
[2024-05-08 19:57:19.005] [[31m[1merror[m] [wamr_export.cpp:364] wamr_handle_map old:< 140737352554176 > new:< 140553252824768 >
child spawned 0x5aacc68d37b0 0x5aacc63d4790

[2024-05-08 19:57:19.005] [[31m[1merror[m] [wamr.cpp:604] 0 140737348400832
[2024-05-08 19:57:19.005] [[31m[1merror[m] [wamr_export.cpp:380] insert_parent_child 0 3
restore function_index 5441
restore function_index 5410
restore function_index 887
restore function_index 835
restore function_index 810
restore function_index 929
restore function_index 1222
restore_env: 0x5aacc6499550 0x5aacc68f9980
restored child env
thread mgr: save_restore_call_chain 0x5aacc68f9980
[2024-05-08 19:57:19.006] [[31m[1merror[m] [wamr_export.cpp:364] wamr_handle_map old:< 140737348400832 > new:< 140553252755136 >
child spawned 0x5aacc68d37b0 0x5aacc63d27c0

invoke_init_c
wakeup.release
invoke main 0x5aacc68d37b0 0x5aacc63d3e10
[2024-05-08 19:57:19.006] [[31m[1merror[m] [wamr_export.cpp:364] wamr_handle_map old:< 140737352567808 > new:< 140553256201216 >
[2024-05-08 19:57:19.006] [[32minfo[m] [wamr.cpp:568] Recover time: 0.180739

invoke side0x5aacc68e4678
invoke side0x5aacc68f7138
invoke side0x5aacc66e1be8
0.04110
Trial Time:          0.04318
Trial Time:          0.03770
Trial Time:          0.03913
Trial Time:          0.03944
Trial Time:          0.03628
Trial Time:          0.03282
Trial Time:          0.03843
Trial Time:          0.03758
Trial Time:          0.04082
Trial Time:          0.04014
Trial Time:          0.03980
Trial Time:          0.03338
Trial Time:          0.03723
Trial Time:          0.03518
Trial Time:          0.03815
Trial Time:          0.03985
Trial Time:          0.04828
Trial Time:          0.03594
Trial Time:          0.04665
Trial Time:          0.04564
Trial Time:          -1699191.11941
Trial Time:          0.10518
Trial Time:          0.11013
Trial Time:          0.10797
Trial Time:          0.10021
Trial Time:          0.11055
Trial Time:          0.10299
Trial Time:          0.10395
Trial Time:          0.10095
Trial Time:          0.10904
Trial Time:          0.10256
Trial Time:          0.10775
Trial Time:          0.09851
Trial Time:          0.10846
Trial Time:          0.10949
Trial Time:          0.10411
Trial Time:          0.10526
Trial Time:          0.10844
Trial Time:          0.10892
Trial Time:          0.10656
Trial Time:          0.10441
Trial Time:          0.10418
Trial Time:          0.10580
Trial Time:          0.10651
Trial Time:          0.10221
Trial Time:          0.10531
Trial Time:          0.11713
Trial Time:          0.10407
Trial Time:          0.10250
Trial Time:          0.10814
Trial Time:          0.10342
Trial Time:          0.10939
Trial Time:          0.12785
Trial Time:          0.10556
Trial Time:          0.10726
Trial Time:          0.10311
Trial Time:          0.10562
Trial Time:          0.10735
Trial Time:          0.10487
Trial Time:          0.10450
Trial Time:          0.10016
Trial Time:          0.10451
Trial Time:          0.11004
Trial Time:          0.10496
Trial Time:          0.10964
Trial Time:          0.10365
Trial Time:          0.10390
Trial Time:          0.10026
Trial Time:          0.10230
Trial Time:          0.10281
Trial Time:          0.11143
Trial Time:          0.11277
Trial Time:          0.09846
Trial Time:          0.10707
Trial Time:          0.11423
Trial Time:          0.10284
Trial Time:          0.10677
Trial Time:          0.10926
Trial Time:          0.10075
Trial Time:          0.10679
Trial Time:          0.10188
Trial Time:          0.10792
Trial Time:          0.10920
Trial Time:          0.10914
Trial Time:          0.10321
Trial Time:          0.11125
Trial Time:          0.11021
Trial Time:          0.10188
Trial Time:          0.11104
Trial Time:          0.10149
Trial Time:          0.09991
Trial Time:          0.10439
Trial Time:          0.10152
Trial Time:          0.10966
Trial Time:          0.10640
Trial Time:          0.10018
Trial Time:          0.10065
Trial Time:          0.10245
Trial Time:          0.10955
Trial Time:          0.10310
Trial Time:          0.10245
Trial Time:          0.10128
Trial Time:          0.11163
Trial Time:          0.10507
Trial Time:          0.10870
Trial Time:          0.10068
Trial Time:          0.10449
Trial Time:          0.10061
Trial Time:          0.10049
Trial Time:          0.10965
Trial Time:          0.10380
Trial Time:          0.10174
Trial Time:          0.10174
Trial Time:          0.09998
Trial Time:          0.09978
Trial Time:          0.10252
Trial Time:          0.10365
Trial Time:          0.11118
Trial Time:          0.12022
Trial Time:          0.11018
Trial Time:          0.10067
Trial Time:          0.11044
Trial Time:          0.10060
Trial Time:          0.10177
Trial Time:          0.10937
Trial Time:          0.10477
Trial Time:          0.10445
Trial Time:          0.10886
Trial Time:          0.10934
Trial Time:          0.10745
Trial Time:          0.10577
Trial Time:          0.10471
Trial Time:          0.11505
Trial Time:          0.10004
Trial Time:          0.11077
Trial Time:          0.10055
Trial Time:          0.10885
Trial Time:          0.10739
Trial Time:          0.10370
Trial Time:          0.10147
Trial Time:          0.10523
Trial Time:          0.10832
Trial Time:          0.12304
Trial Time:          0.11001
Trial Time:          0.10348
Trial Time:          0.10185
Trial Time:          0.11019
Trial Time:          0.10314
Trial Time:          0.11394
Trial Time:          0.10576
Trial Time:          0.10313
Trial Time:          0.12427
Trial Time:          0.11013
Trial Time:          0.10051
Trial Time:          0.10048
Trial Time:          0.10220
Trial Time:          0.10644
Trial Time:          0.13128
Trial Time:          0.11026
Trial Time:          0.10951
Trial Time:          0.10064
Trial Time:          0.10580
Trial Time:          0.10448
Trial Time:          0.10142
Trial Time:          0.10022
Trial Time:          0.10419
Trial Time:          0.10843
Trial Time:          0.10590
Trial Time:          0.10937
Trial Time:          0.10208
Trial Time:          0.10578
Trial Time:          0.11119
Trial Time:          0.11127
Trial Time:          0.10268
Trial Time:          0.11372
Trial Time:          0.10010
Trial Time:          0.11011
Trial Time:          0.10287
Trial Time:          0.11066
Trial Time:          0.10092
Trial Time:          0.10769
Trial Time:          0.10228
Trial Time:          0.10847
Trial Time:          0.11074
Trial Time:          0.10968
Trial Time:          0.10925
Trial Time:          0.10052
Trial Time:          0.11396
Trial Time:          0.10659
Trial Time:          0.09795
Trial Time:          0.10252
Trial Time:          0.10435
Trial Time:          0.10264
Trial Time:          0.10446
Trial Time:          0.11418
Trial Time:          0.10176
Trial Time:          0.10511
Trial Time:          0.10504
Trial Time:          0.10119
Trial Time:          0.10883
Trial Time:          0.10298
Trial Time:          0.11177
Trial Time:          0.10209
Trial Time:          0.11073
Trial Time:          0.10064
Trial Time:          0.10616
Trial Time:          0.11454
Trial Time:          0.11028
Trial Time:          0.10105
Trial Time:          0.10455
Trial Time:          0.10914
Trial Time:          0.10183
Trial Time:          0.10147
Trial Time:          0.10041
Trial Time:          0.10704
Trial Time:          0.10637
Trial Time:          0.10324
Trial Time:          0.10951
Trial Time:          0.10048
Trial Time:          0.10053
Trial Time:          0.11201
Trial Time:          0.10073
Trial Time:          0.10059
Trial Time:          0.10923
Trial Time:          0.10156
Trial Time:          0.10540
Trial Time:          0.10236
Trial Time:          0.11065
Trial Time:          0.10590
Trial Time:          0.10502
Trial Time:          0.10155
Trial Time:          0.10854
Trial Time:          0.10228
Trial Time:          0.10650
Trial Time:          0.10513
Trial Time:          0.10232
Trial Time:          0.10830
Trial Time:          0.10020
Trial Time:          0.10174
Trial Time:          0.10303
Trial Time:          0.10019
Trial Time:          0.11295
Trial Time:          0.11724
Trial Time:          0.10170
Trial Time:          0.10423
Trial Time:          0.10155
Trial Time:          0.11094
Trial Time:          0.10748
Trial Time:          0.10513
Trial Time:          0.10852
Trial Time:          0.11155
Trial Time:          0.11153
Trial Time:          0.10323
Trial Time:          0.10603
Trial Time:          0.10694
Trial Time:          0.10369
Trial Time:          0.10022
Trial Time:          0.10933
Trial Time:          0.10834
Trial Time:          0.10412
Trial Time:          0.10231
Trial Time:          0.10092
Trial Time:          0.10525
Trial Time:          0.10195
Trial Time:          0.10058
Trial Time:          0.10009
Trial Time:          0.10693
Trial Time:          0.10842
Trial Time:          0.10155
Trial Time:          0.10289
Trial Time:          0.10100
Trial Time:          0.10292
Trial Time:          0.11414
Trial Time:          0.10112
Trial Time:          0.10501
Trial Time:          0.10226
Trial Time:          0.10234
Trial Time:          0.10350
Trial Time:          0.10112
Trial Time:          0.10497
Trial Time:          0.10243
Trial Time:          0.11381
Trial Time:          0.10473
Trial Time:          0.11079
Trial Time:          0.10932
Trial Time:          0.10891
Trial Time:          0.10274
Trial Time:          0.10662
Trial Time:          0.10245
Trial Time:          0.10202
Trial Time:          0.10999
Trial Time:          0.10209
Trial Time:          0.10587
Trial Time:          0.11098
Trial Time:          0.10880
Trial Time:          0.10296
Trial Time:          0.11334
Trial Time:          0.11178
Trial Time:          0.10457
Trial Time:          0.10754
Trial Time:          0.10884
Trial Time:          0.10125
Trial Time:          0.10509
Trial Time:          0.11453
Trial Time:          0.10186
Trial Time:          0.10854
Trial Time:          0.10301
Trial Time:          0.11034
Trial Time:          0.10941
Trial Time:          0.10662
Trial Time:          0.10533
Trial Time:          0.10406
Trial Time:          0.10025
Trial Time:          0.10933
Trial Time:          0.10039
Trial Time:          0.10164
Trial Time:          0.10007
Trial Time:          0.10775
Trial Time:          0.11298
Trial Time:          0.11071
Trial Time:          0.10100
Trial Time:          0.10186
Trial Time:          0.11003
Trial Time:          0.11128
Trial Time:          0.10146
Trial Time:          0.10004
Trial Time:          0.10945
Trial Time:          0.10983
Trial Time:          0.11683
Trial Time:          0.10827
Trial Time:          0.10453
Trial Time:          0.10519
Trial Time:          0.11027
Trial Time:          0.10230
Trial Time:          0.10131
Trial Time:          0.11306
Trial Time:          0.10479
Trial Time:          0.10912
Trial Time:          0.10495
Trial Time:          0.10730
Trial Time:          0.10437
Trial Time:          0.10093
Trial Time:          0.10437
Trial Time:          0.10357
Trial Time:          0.10238
Trial Time:          0.10970
Trial Time:          0.10674
Trial Time:          0.10036
Trial Time:          0.10527
Trial Time:          0.10411
Trial Time:          0.10059
Trial Time:          0.10494
Trial Time:          0.10305
Trial Time:          0.11078
Trial Time:Caught signal 2, performing custom logic...
serializing
serializing
[2024-05-08 19:58:01.051] [[32minfo[m] [wamr_interp_frame.cpp:82] function_index 1222 ip_offset 234 lp 0x5aacc649a534 sp 0x5aacc649a574 sp_offset 16
101414840 137692952 24291 133427904 837996 276880 141890432 137692928 1048576 0 101414664 3 1048575 134270240 125881600 130075920 
[2024-05-08 19:58:01.051] [[32minfo[m] [wamr_interp_frame.cpp:82] function_index 929 ip_offset 380 lp 0x5aacc649a474 sp 0x5aacc649a4ac sp_offset 14
278 3 3 5 134514324 137692944 137692956 137692952 282000 282196 276896 276880 276904 278 
[2024-05-08 19:58:01.051] [[32minfo[m] [wamr_interp_frame.cpp:82] function_index 810 ip_offset 254 lp 0x5aacc649a408 sp 0x5aacc649a43c sp_offset 13
3 134513856 136637184 3 134514324 5 278 138876 278 3 3 5 134514324 
[2024-05-08 19:58:01.051] [[32minfo[m] [wamr_interp_frame.cpp:82] function_index 835 ip_offset 482 lp 0x5aacc649a3a0 sp 0x5aacc649a3cc sp_offset 11
136637184 137692960 136748 3 136637248 12 1 0 0 3 172 
[2024-05-08 19:58:01.051] [[32minfo[m] [wamr_interp_frame.cpp:82] function_index 887 ip_offset 343 lp 0x5aacc649a348 sp 0x5aacc649a35c sp_offset 5
136637184 137693040 3 0 136637184 
[2024-05-08 19:58:01.051] [[32minfo[m] [wamr_interp_frame.cpp:82] function_index 5410 ip_offset 32 lp 0x5aacc649a2e0 sp 0x5aacc649a308 sp_offset 10
3 137693160 137693204 0 0 0 0 0 136637184 179 
[2024-05-08 19:58:01.051] [[32minfo[m] [wamr_interp_frame.cpp:82] function_index 5441 ip_offset 27 lp 0x5aacc649a298 sp 0x5aacc649a2a8 sp_offset 4
3 137693160 3 137693160 
[2024-05-08 19:58:01.051] [[32minfo[m] [wamr_interp_frame.cpp:82] function_index 1222 ip_offset 181 lp 0x5aacc6451c84 sp 0x5aacc6451cc4 sp_offset 16
69955956 136636248 340718 132383788 576967 276880 141890432 136636224 1048576 0 576968 2 786431 134270240 125881600 130075920 
[2024-05-08 19:58:01.051] [[32minfo[m] [wamr_interp_frame.cpp:82] function_index 929 ip_offset 380 lp 0x5aacc6451bc4 sp 0x5aacc6451bfc sp_offset 14
278 2 2 5 134514324 136636240 136636252 136636248 282000 282196 276896 276880 276904 278 
[2024-05-08 19:58:01.051] [[32minfo[m] [wamr_interp_frame.cpp:82] function_index 810 ip_offset 254 lp 0x5aacc6451b58 sp 0x5aacc6451b8c sp_offset 13
2 134513856 135580608 2 134514324 5 278 138876 278 2 2 5 134514324 
[2024-05-08 19:58:01.051] [[32minfo[m] [wamr_interp_frame.cpp:82] function_index 835 ip_offset 482 lp 0x5aacc6451af0 sp 0x5aacc6451b1c sp_offset 11
135580608 136636256 136748 2 135580672 8 1 0 0 2 172 
[2024-05-08 19:58:01.051] [[32minfo[m] [wamr_interp_frame.cpp:82] function_index 887 ip_offset 343 lp 0x5aacc6451a98 sp 0x5aacc6451aac sp_offset 5
135580608 136636336 2 0 135580608 
[2024-05-08 19:58:01.051] [[32minfo[m] [wamr_interp_frame.cpp:82] function_index 5410 ip_offset 32 lp 0x5aacc6451a30 sp 0x5aacc6451a58 sp_offset 10
2 136636456 136636500 0 0 0 0 0 135580608 179 
[2024-05-08 19:58:01.051] [[32minfo[m] [wamr_interp_frame.cpp:82] function_index 5441 ip_offset 27 lp 0x5aacc64519e8 sp 0x5aacc64519f8 sp_offset 4
2 136636456 2 136636456 
[2024-05-08 19:58:01.051] [[32minfo[m] [wamr_interp_frame.cpp:82] function_index 1222 ip_offset 181 lp 0x5aacc66cc754 sp 0x5aacc66cc794 sp_offset 16
38501752 135579672 91180 131329208 313322 276880 141890432 135579648 1048576 0 313323 1 524287 134270240 125881600 130075920 
[2024-05-08 19:58:01.051] [[32minfo[m] [wamr_interp_frame.cpp:82] function_index 929 ip_offset 380 lp 0x5aacc66cc694 sp 0x5aacc66cc6cc sp_offset 14
278 1 1 5 134514324 135579664 135579676 135579672 282000 282196 276896 276880 276904 278 
[2024-05-08 19:58:01.051] [[32minfo[m] [wamr_interp_frame.cpp:82] function_index 810 ip_offset 254 lp 0x5aacc66cc628 sp 0x5aacc66cc65c sp_offset 13
1 134513856 134524160 1 134514324 5 278 138876 278 1 1 5 134514324 
[2024-05-08 19:58:01.052] [[32minfo[m] [wamr_interp_frame.cpp:82] function_index 835 ip_offset 482 lp 0x5aacc66cc5c0 sp 0x5aacc66cc5ec sp_offset 11
134524160 135579680 136748 1 134524224 4 1 0 0 1 172 
[2024-05-08 19:58:01.052] [[32minfo[m] [wamr_interp_frame.cpp:82] function_index 887 ip_offset 343 lp 0x5aacc66cc568 sp 0x5aacc66cc57c sp_offset 5
134524160 135579760 1 0 134524160 
[2024-05-08 19:58:01.052] [[32minfo[m] [wamr_interp_frame.cpp:82] function_index 5410 ip_offset 32 lp 0x5aacc66cc500 sp 0x5aacc66cc528 sp_offset 10
1 135579880 135579924 0 0 0 0 0 134524160 179 
[2024-05-08 19:58:01.052] [[32minfo[m] [wamr_interp_frame.cpp:82] function_index 5441 ip_offset 27 lp 0x5aacc66cc4b8 sp 0x5aacc66cc4c8 sp_offset 4
1 135579880 1 135579880 
[2024-05-08 19:58:01.052] [[32minfo[m] [wamr_interp_frame.cpp:82] function_index 1222 ip_offset 181 lp 0x5aacc68d4970 sp 0x5aacc68d49b0 sp_offset 16
7132592 275320 7519 130295924 55001 276880 141890432 275296 1048576 0 55002 0 262143 134270240 125881600 130075920 
[2024-05-08 19:58:01.052] [[32minfo[m] [wamr_interp_frame.cpp:82] function_index 929 ip_offset 380 lp 0x5aacc68d48b0 sp 0x5aacc68d48e8 sp_offset 14
278 0 0 5 134514324 275312 275324 275320 282000 282196 276896 276880 276904 278 
[2024-05-08 19:58:01.052] [[32minfo[m] [wamr_interp_frame.cpp:82] function_index 810 ip_offset 254 lp 0x5aacc68d4844 sp 0x5aacc68d4878 sp_offset 13
0 134513856 134518016 0 134514324 5 278 138876 278 0 0 5 134514324 
[2024-05-08 19:58:01.052] [[32minfo[m] [wamr_interp_frame.cpp:82] function_index 807 ip_offset 10457 lp 0x5aacc68d4778 sp 0x5aacc68d47f0 sp_offset 30
124720 0 1 5 278 172 276588 134513856 275328 0 0 0 134524096 134502080 0 134513856 0 0 0 1 4 0 0 1 0 0 41 1 0 172 
[2024-05-08 19:58:01.052] [[32minfo[m] [wamr_interp_frame.cpp:82] function_index 1123 ip_offset 54 lp 0x5aacc68d4708 sp 0x5aacc68d473c sp_offset 13
124720 5 278 276720 276576 0 124720 0 1 5 278 172 276588 
[2024-05-08 19:58:01.052] [[32minfo[m] [wamr_interp_frame.cpp:82] function_index 1232 ip_offset 1557 lp 0x5aacc68d4650 sp 0x5aacc68d46c8 sp_offset 30
282196 282000 1 0 15 18 276592 0 276704 3415998370 48239 141890432 75440 0 31303243 0 18 0 15 0 3414620952 48239 0 0 0 0 124720 5 278 276720 
[2024-05-08 19:58:01.052] [[32minfo[m] [wamr_interp_frame.cpp:82] function_index 1238 ip_offset 1463 lp 0x5aacc68d4590 sp 0x5aacc68d460c sp_offset 31
0 63 276928 129720080 279472 959620 282072 3401075565 48239 309 0 4237384234 3990238821 308 0 2703954439 3241798988 458 4294967295 125881600 1048576 0 2202937517 1069130972 0 282196 282000 959620 0 15 18 
[2024-05-08 19:58:01.052] [[32minfo[m] [wamr_interp_frame.cpp:82] function_index 5016 ip_offset 109 lp 0x5aacc68d4540 sp 0x5aacc68d4554 sp_offset 5
282208 282336 282288 3 282336 
[2024-05-08 19:58:01.052] [[32minfo[m] [wamr_interp_frame.cpp:82] function_index 52 ip_offset 40 lp 0x5aacc68d44f8 sp 0x5aacc68d44fc sp_offset 1
0 
[2024-05-08 19:58:46.865] [info] [wamr.cpp:1005] Snapshot time: 4.87988 s
[2024-05-08 19:58:46.865] [info] [wamr.cpp:1006] Memory usage: 7256 MB
Connection to 128.114.59.200 closed.

