Generate Time:       5.17736
Build Time:          2.47255
Graph has 1048576 nodes and 15699691 undirected edges for degree: 14
Trial Time:          0.04979
Trial Time:          0.05300
Trial Time:          0.04948
Trial Time:          0.04992
Trial Time:          0.06783
Trial Time:          0.07285
Trial Time:          0.07255
Trial Time:          0.05605
Trial Time:          0.06291
Trial Time:          0.05411
Trial Time:          0.04991
Trial Time:          0.04935
Trial Time:          0.07187
Trial Time:          0.06954
Trial Time:          0.07063
Trial Time:          0.06746
Trial Time:          0.06270
Trial Time:          0.06107
Trial Time:          0.05212
Trial Time:          0.04896
Trial Time:          0.05243
Trial Time:          0.05348
Trial Time:          0.07271
Trial Time:          0.04912
Trial Time:          0.04970
Trial Time:          0.05447
Trial Time:          0.06452
Trial Time:          0.05000
Trial Time:          0.07221
Trial Time:          0.07091
Trial Time:          0.07404
Trial Time:          0.07279
Trial Time:          0.07203
Trial Time:          0.07314
Trial Time:          0.06620
Trial Time:          0.05334
Trial Time:          0.07268
Trial Time:          0.07282
Trial Time:          0.06736
Trial Time:          0.07114
Trial Time:          0.07420
Trial Time:          0.04996
Trial Time:          0.06647
Trial Time:          0.06179
Trial Time:          0.06845
Trial Time:          0.05012
Trial Time:          0.07245
Trial Time:          0.05049
Trial Time:          0.07294
Trial Time:          0.05052
Trial Time:          0.07213
Trial Time:          0.06504
Trial Time:          0.05341
Trial Time:          0.07018
Trial Time:          0.05058
Trial Time:          0.05336
Trial Time:          0.07368
Trial Time:          0.04957
Trial Time:          0.04954
Trial Time:          0.07166
Trial Time:          0.04922
Trial Time:          0.05284
Trial Time:          0.07281
Trial Time:          0.07011
Trial Time:          0.07294
Trial Time:          0.05452
Trial Time:          0.07243
Trial Time:          0.05451
Trial Time:          0.05144
Trial Time:          0.05441
Trial Time:          0.04925
Trial Time:          0.07101
Trial Time:          0.07215
Trial Time:          0.05319
Trial Time:          0.04939
Trial Time:          0.07016
Trial Time:          0.06431
Trial Time:          0.07202
Trial Time:          0.06968
Trial Time:          0.07315
Trial Time:          0.07141
Trial Time:          0.07237
Trial Time:          0.07245
Trial Time:          0.05607
Trial Time:          0.07198
Trial Time:          0.05304
Trial Time:          0.05415
Trial Time:          0.07267
Trial Time:          0.06136
Trial Time:          0.06773
Trial Time:          0.06173
Trial Time:          0.06171
Trial Time:          0.07222
Trial Time:          0.05371
Trial Time:          0.05278
Trial Time:          0.06698
Trial Time:          0.07262
Trial Time:          0.05157
Trial Time:          0.04998
Trial Time:          0.04955
Trial Time:          0.05517
Trial Time:          0.07238
Trial Time:          0.07163
Trial Time:          0.05096
Trial Time:          0.05514
Trial Time:          0.06670
Trial Time:          0.06954
Trial Time:          0.04960
Trial Time:          0.06557
Trial Time:          0.06529
Trial Time:          0.07229
Trial Time:          0.07286
Trial Time:          0.07297
Trial Time:          0.05095
Trial Time:          0.07143
Trial Time:          0.05310
Trial Time:          0.06415
Trial Time:          0.07334
Trial Time:          0.05234
Trial Time:          0.07199
Trial Time:          0.07272
Trial Time:          0.05573
Trial Time:          0.04935
Trial Time:          0.06189
Trial Time:          0.06913
Trial Time:          0.05197
Trial Time:          0.06730
Trial Time:          0.06786
Trial Time:          0.05360
Trial Time:          0.07224
Trial Time:          0.05192
Trial Time:          0.07331
Trial Time:          0.07216
Trial Time:          0.04921
Trial Time:          0.05065
Trial Time:          0.07085
Trial Time:          0.04905
Trial Time:          0.07265
Trial Time:          0.06456
Trial Time:          0.04913
Trial Time:          0.05026
Trial Time:          0.05564
Trial Time:          0.07205
Trial Time:          0.07229
Trial Time:          0.06145
Trial Time:          0.07210
Trial Time:          0.07274
Trial Time:          0.05231
Trial Time:          0.05397
Trial Time:          0.05084
Trial Time:          0.06314
Trial Time:          0.05311
Trial Time:          0.07000
Trial Time:          0.06235
Trial Time:          0.06375
Trial Time:          0.07212
Trial Time:          0.04969
Trial Time:          0.07067
Trial Time:          0.07288
Trial Time:          0.04925
Trial Time:          0.06590
Trial Time:          0.07353
Trial Time:          0.06775
Trial Time:          0.04949
Trial Time:          0.04950
Trial Time:          0.06512
Trial Time:          0.07198
Trial Time:          0.05300
Trial Time:          0.07097
Trial Time:          0.05117
Trial Time:          0.07052
Trial Time:          0.07211
Trial Time:          0.06978
Trial Time:          0.07253
Trial Time:          0.06427
Trial Time:          0.04889
Trial Time:          0.05342
Trial Time:          0.06256
Trial Time:          0.07103
Trial Time:          0.05134
Trial Time:          0.04926
Trial Time:          0.04891
Trial Time:          0.04883
Trial Time:          0.06141
Trial Time:          0.06684
Trial Time:          0.07213
Trial Time:          0.07177
Trial Time:          0.07280
Trial Time:          0.05358
Trial Time:          0.07189
Trial Time:          0.05117
Trial Time:          0.07319
Trial Time:          0.06744
Trial Time:          0.06916
Trial Time:          0.07276
Trial Time:          0.07120
Trial Time:          0.05258
Trial Time:          0.07174
Trial Time:          0.07228
Trial Time:          0.05707
Trial Time:          0.07161
Trial Time:          0.05449
Trial Time:          0.07138
Trial Time:          0.05308
Trial Time:          0.07225
Trial Time:          0.04888
Trial Time:          0.06701
Trial Time:          0.06873
Trial Time:          0.07182
Trial Time:          0.07215
Trial Time:          0.07272
Trial Time:          0.05541
Trial Time:          0.05240
Trial Time:          0.05272
Trial Time:          0.04991
Trial Time:          0.07087
Trial Time:          0.05123
Trial Time:          0.07247
Trial Time:          0.06376
Trial Time:          0.07109
Trial Time:          0.06978
Trial Time:          0.07158
Trial Time:          0.04950
Trial Time:          0.07273
Trial Time:          0.07073
Trial Time:          0.05062
Trial Time:          0.06723
Trial Time:          0.04863
Trial Time:          0.06837
Trial Time:          0.06232
Trial Time:          0.07002
Trial Time:          0.05724
Trial Time:          0.07331
Trial Time:          0.05049
Trial Time:          0.05194
Trial Time:          0.06253
Trial Time:          0.04971
Trial Time:          0.07248
Trial Time:          0.07185
Trial Time:          0.07082
Trial Time:          0.05410
Trial Time:          0.05126
Trial Time:          0.05223
Trial Time:          0.07199
Trial Time:          0.05115
Trial Time:          0.05548
Trial Time:          0.07241
Trial Time:          0.06705
Trial Time:          0.06447
Trial Time:          0.06197
Trial Time:          0.05617
Trial Time:          0.07225
Trial Time:          0.07021
Trial Time:          0.07237
Trial Time:          0.07224
Trial Time:          0.06956
Trial Time:          0.07144
Trial Time:          0.07157
Trial Time:          0.07037
Trial Time:          0.07232
Trial Time:          0.06308
Trial Time:          0.07211
Trial Time:          0.07111
Trial Time:          0.06259
Trial Time:          0.06605
Trial Time:          0.07228
Trial Time:          0.07306
Trial Time:          0.05209
Trial Time:          0.05140
Trial Time:          0.06281
Trial Time:          0.07006
Trial Time:          0.06282
Trial Time:          0.07096
Trial Time:          0.07314
Trial Time:          0.07219
Trial Time:          0.06226
Trial Time:          0.04986
Trial Time:          0.07270
Trial Time:          0.07109
Trial Time:          0.07301
Trial Time:          0.05290
Trial Time:          0.04956
Trial Time:          0.06173
Trial Time:          0.07096
Trial Time:          0.05036
Trial Time:          0.04968
Trial Time:          0.06859
Trial Time:          0.05268
Trial Time:          0.06924
Trial Time:          0.07106
Trial Time:          0.05230
Trial Time:          0.04868
Trial Time:          0.04945
Trial Time:          0.07229
Trial Time:          0.07252
Trial Time:          0.07302
Trial Time:          0.04947
Trial Time:          0.06881
Trial Time:          0.07098
Trial Time:          0.07240
Trial Time:          0.06174
Trial Time:          0.06460
Trial Time:          0.07130
Trial Time:          0.05274
Trial Time:          0.07282
Trial Time:          0.07076
Trial Time:          0.05304
Trial Time:          0.06441
Trial Time:          0.07243
Trial Time:          0.07204
Trial Time:          0.05155
Trial Time:          0.04861
Trial Time:          0.04917
Trial Time:          0.05307
Trial Time:          0.04951
Trial Time:          0.07209
Trial Time:          0.07082
Trial Time:          0.07294
Trial Time:          0.06439
Trial Time:          0.06849
Trial Time:          0.07174
Trial Time:          0.06867
Trial Time:          0.07243
Trial Time:          0.04901
Trial Time:          0.05571
Trial Time:          0.07181
Trial Time:          0.05260
Trial Time:          0.07243
Trial Time:          0.06446
Trial Time:          0.06562
Trial Time:          0.07154
Trial Time:          0.06408
Trial Time:          0.05345
Trial Time:          0.07297
Trial Time:          0.05351
Trial Time:          0.07008
Trial Time:          0.06898
Trial Time:          0.05020
Trial Time:          0.06982
Trial Time:          0.07231
Trial Time:          0.06296
Trial Time:          0.06681
Trial Time:          0.05214
Trial Time:          0.06962
Trial Time:          0.05583
Trial Time:          0.07006
Trial Time:          0.07228
Trial Time:          0.05189
Trial Time:          0.06473
Trial Time:          0.07227
Trial Time:          0.04983
Trial Time:          0.07096
Trial Time:          0.05351
Trial Time:          0.05199
Trial Time:          0.07052
Trial Time:          0.04948
Trial Time:          0.07231
Trial Time:          0.04964
Trial Time:          0.07084
Trial Time:          0.04956
Trial Time:          0.07291
Trial Time:          0.05348
Trial Time:          0.07250
Trial Time:          0.10136
Trial Time:          0.08785
Trial Time:          0.05443
Trial Time:          0.07255
Trial Time:          0.05523
Trial Time:          0.04947
Trial Time:          0.07211
Trial Time:          0.05345
Trial Time:          0.07246
Trial Time:          0.07300
Trial Time:          0.07295
Trial Time:          0.06487
Trial Time:          0.06671
Trial Time:          0.07256
Trial Time:          0.06441
Trial Time:          0.05044
Trial Time:          0.05337
Trial Time:          0.07253
Trial Time:          0.07329
Trial Time:          0.07298
Trial Time:          0.15305
Trial Time:          0.11068
Trial Time:          0.07358
Trial Time:          0.05366
Trial Time:          0.07336
Trial Time:          0.05311
Trial Time:          0.07393
Trial Time:          0.08022
Trial Time:          0.05460
Trial Time:          0.05234
Trial Time:          0.07612
Trial Time:          0.04872
Trial Time:          0.05638
Trial Time:          0.05230
Trial Time:          0.07197
Trial Time:          0.07239
Trial Time:          0.06501
Trial Time:          0.04992
Trial Time:          0.05129
Trial Time:          0.07253
Trial Time:          0.06496
Trial Time:          0.06987
Trial Time:          0.07301
Trial Time:          0.05063
Trial Time:          0.05278
Trial Time:          0.07236
Trial Time:          0.07328
Trial Time:          0.07327
Trial Time:          0.05527
Trial Time:          0.05507
Trial Time:          0.05278
Trial Time:          0.06467
Trial Time:          0.05351
Trial Time:          0.06472
Trial Time:          0.07094
Trial Time:          0.05014
Trial Time:          0.06261
Trial Time:          0.07086
Trial Time:          0.07227
Trial Time:          0.04991
Trial Time:          0.07196
Trial Time:          0.07237
Trial Time:          0.07052
Trial Time:          0.07317
Trial Time:          0.05170
Trial Time:          0.05256
Trial Time:          0.06723
Trial Time:          0.06828
Trial Time:          0.07299
Trial Time:          0.05316
Trial Time:          0.05146
Trial Time:          0.04940
Trial Time:          0.05256
Trial Time:          0.05284
Trial Time:          0.05226
Trial Time:          0.07318
Trial Time:          0.05235
Trial Time:          0.06261
Trial Time:          0.07322
Trial Time:          0.06812
Trial Time:          0.04964
Trial Time:          0.07196
Trial Time:          0.07345
Trial Time:          0.04904
Trial Time:          0.07110
Trial Time:          0.07297
Trial Time:          0.04977
Trial Time:          0.05497
Trial Time:          0.04948
Trial Time:          0.06694
Trial Time:          0.07234
Trial Time:          0.05410
Trial Time:          0.07286
Trial Time:          0.05114
Trial Time:          0.07024
Trial Time:          0.07273
Trial Time:          0.07261
Trial Time:          0.07256
Trial Time:          0.05330
Trial Time:          0.06170
Trial Time:          0.07293
Trial Time:          0.07206
Trial Time:          0.06486
Trial Time:          0.04910
Trial Time:          0.05419
Trial Time:          0.06694
Trial Time:          0.04890
Trial Time:          0.07213
Trial Time:          0.06122
Trial Time:          0.04883
Trial Time:          0.06835
Trial Time:          0.07248
Trial Time:          0.05073
Trial Time:          0.07274
Trial Time:          0.07458
Trial Time:          0.07684
Trial Time:          0.07427
Trial Time:          0.05676
Trial Time:          0.07853
Trial Time:          0.07772
Trial Time:          0.05437
Trial Time:          0.07725
Trial Time:          0.07781
Trial Time:          0.05174
Trial Time:          0.07735
Trial Time:          0.05436
Trial Time:          0.07594
Trial Time:          0.05951
Trial Time:          0.07315
Trial Time:          0.07354
Trial Time:          0.05867
Trial Time:          0.07758
Trial Time:          0.07796
Trial Time:          0.07543
Trial Time:          0.07367
Trial Time:          0.07744
Trial Time:          0.06589
Trial Time:          0.05479
Trial Time:          0.07502
Trial Time:          0.05500
Trial Time:          0.07758
Trial Time:          0.07725
Trial Time:          0.06767
Trial Time:          0.07748
Trial Time:          0.05563
Trial Time:          0.07754
Trial Time:          0.05203
Trial Time:          0.07738
Trial Time:          0.07644
Trial Time:          0.07701
Trial Time:          0.05177
Trial Time:          0.05167
Trial Time:          0.07802
Trial Time:          0.07084
Trial Time:          0.05468
Trial Time:          0.07154
Trial Time:          0.07740
Trial Time:          0.07752
Trial Time:          0.06912
Trial Time:          0.07483
Trial Time:          0.06026
Trial Time:          0.05144
Trial Time:          0.07734
Trial Time:          0.05806
Trial Time:          0.05966
Trial Time:          0.05159
Trial Time:          0.07719
Trial Time:          0.06843
Trial Time:          0.05219
Trial Time:          0.07721
Trial Time:          0.07726
Trial Time:          0.05411
Trial Time:          0.05284
Trial Time:          0.07096
Trial Time:          0.05445
Trial Time:          0.07730
Trial Time:          0.07747
Trial Time:          0.05549
Trial Time:          0.07793
Trial Time:          0.07781
Trial Time:          0.07775
Trial Time:          0.06597
Trial Time:          0.07717
Trial Time:          0.05156
Trial Time:          0.05309
Trial Time:          0.05233
Trial Time:          0.05248
Trial Time:          0.05975
Trial Time:          0.07370
Trial Time:          0.05674
Trial Time:          0.07718
Trial Time:          0.07106
Trial Time:          0.07781
Trial Time:          0.05234
Trial Time:          0.07801
Trial Time:          0.07727
Trial Time:          0.07746
Trial Time:          0.07758
Trial Time:          0.07724
Trial Time:          0.05507
Trial Time:          0.07390
Trial Time:          0.07758
Trial Time:          0.06607
Trial Time:          0.07099
Trial Time:          0.07337
Trial Time:          0.05997
Trial Time:          0.07736
Trial Time:          0.05495
Trial Time:          0.07520
Trial Time:          0.05411
Trial Time:          0.07785
Trial Time:          0.05597
Trial Time:          0.05380
Trial Time:          0.05545
Trial Time:          0.07311
Trial Time:          0.05550
Trial Time:          0.06931
Trial Time:          0.07677
Trial Time:          0.06549
Trial Time:          0.05406
Trial Time:          0.05216
Trial Time:          0.05949
Trial Time:          0.05457
Trial Time:          0.07719
Trial Time:          0.07306
Trial Time:          0.07748
Trial Time:          0.07720
Trial Time:          0.05603
Trial Time:          0.07324
Trial Time:          0.07391
Trial Time:          0.07550
Trial Time:          0.07787
Trial Time:          0.05803
Trial Time:          0.07562
Trial Time:          0.05468
Trial Time:          0.07785
Trial Time:          0.07737
Trial Time:          0.07168
Trial Time:          0.07705
Trial Time:          0.07655
Trial Time:          0.05447
Trial Time:          0.05237
Trial Time:          0.07702
Trial Time:          0.07280
Trial Time:          0.07629
Trial Time:          0.05422
Trial Time:          0.07804
Trial Time:          0.05304
Trial Time:          0.07690
Trial Time:          0.07722
Trial Time:          0.07720
Trial Time:          0.07685
Trial Time:          0.07551
Trial Time:          0.05367
Trial Time:          0.06999
Trial Time:          0.07652
Trial Time:          0.07146
Trial Time:          0.05774
Trial Time:          0.07171
Trial Time:          0.07502
Trial Time:          0.07704
Trial Time:          0.06730
Trial Time:          0.05348
Trial Time:          0.07688
Trial Time:          0.07687
Trial Time:          0.05100
Trial Time:          0.07142
Trial Time:          0.06784
Trial Time:          0.07704
Trial Time:          0.07676
Trial Time:          0.07386
Trial Time:          0.07008
Trial Time:          0.05851
Trial Time:          0.07683
Trial Time:          0.07453
Trial Time:          0.05210
Trial Time:          0.07017
Trial Time:          0.07416
Trial Time:          0.07781
Trial Time:          0.07395
Trial Time:          0.05622
Trial Time:          0.07730
Trial Time:          0.07662
Trial Time:          0.07698
Trial Time:          0.07507
Trial Time:          0.07668
Trial Time:          0.05420
Trial Time:          0.07194
Trial Time:          0.07688
Trial Time:          0.05949
Trial Time:          0.07405
Trial Time:          0.07674
Trial Time:          0.05206
Trial Time:          0.07696
Trial Time:          0.07701
Trial Time:          0.07707
Trial Time:          0.07034
Trial Time:          0.05333
Trial Time:          0.07683
Trial Time:          0.05126
Trial Time:          0.06958
Trial Time:          0.07729
Trial Time:          0.07693
Trial Time:          0.07689
Trial Time:          0.07681
Trial Time:          0.05838
Trial Time:          0.05423
Trial Time:          0.06904
Trial Time:          0.07619
Trial Time:          0.05165
Trial Time:          0.07479
Trial Time:          0.07450
Trial Time:          0.07746
Trial Time:          0.07703
Trial Time:          0.05534
Trial Time:          0.05154
Trial Time:          0.07522
Trial Time:          0.07533
Trial Time:          0.06511
Trial Time:          0.05480
Trial Time:          0.05770
Trial Time:          0.05827
Trial Time:          0.06557
Trial Time:          0.07755
Trial Time:          0.07717
Trial Time:          0.05225
Trial Time:          0.05989
Trial Time:          0.06787
Trial Time:          0.07672
Trial Time:          0.07636
Trial Time:          0.05119
Trial Time:          0.05087
Trial Time:          0.05601
Trial Time:          0.05426
Trial Time:          0.05715
Trial Time:          0.05401
Trial Time:          0.07222
Trial Time:          0.06637
Trial Time:          0.05572
Trial Time:          0.07677
Trial Time:          0.07336
Trial Time:          0.07713
Trial Time:          0.06925
Trial Time:          0.05441
Trial Time:          0.06727
Trial Time:          0.07386
Trial Time:          0.07625
Trial Time:          0.05821
Trial Time:          0.07598
Trial Time:          0.07466
Trial Time:          0.07643
Trial Time:          0.07663
Trial Time:          0.07650
Trial Time:          0.05649
Trial Time:          0.07666
Trial Time:          0.05213
Trial Time:          0.07646
Trial Time:          0.05671
Trial Time:          0.05361
Trial Time:          0.07625
Trial Time:          0.05263
Trial Time:          0.07243
Trial Time:          0.07614
Trial Time:          0.05155
Trial Time:          0.05635
Trial Time:          0.05387
Trial Time:          0.05258
Trial Time:          0.07566
Trial Time:          0.05743
Trial Time:          0.06990
Trial Time:          0.07416
Trial Time:          0.05182
Trial Time:          0.07617
Trial Time:          0.07461
Trial Time:          0.07615
Trial Time:          0.07611
Trial Time:          0.07467
Trial Time:          0.07621
Trial Time:          0.05750
Trial Time:          0.07447
Trial Time:          0.05127
Trial Time:          0.07361
Trial Time:          0.07508
Trial Time:          0.05239
Trial Time:          0.07634
Trial Time:          0.05519
Trial Time:          0.05550
Trial Time:          0.05132
Trial Time:          0.05175
Trial Time:          0.06711
Trial Time:          0.06905
Trial Time:          0.06698
Trial Time:          0.07451
Trial Time:          0.07469
Trial Time:          0.07308
Trial Time:          0.05169
Trial Time:          0.06466
Trial Time:          0.05400
Trial Time:          0.05393
Trial Time:          0.05332
Trial Time:          0.06444
Trial Time:          0.07268
Trial Time:          0.05663
Trial Time:          0.05088
Trial Time:          0.07591
Trial Time:          0.07635
Trial Time:          0.05491
Trial Time:          0.07595
Trial Time:          0.05675
Trial Time:          0.05439
Trial Time:          0.08288
Trial Time:          0.09104
Trial Time:          0.09049
Trial Time:          0.07343
Trial Time:          0.05551
Trial Time:          0.07316
Trial Time:          0.05024
Trial Time:          0.07203
Trial Time:          0.05043
Trial Time:          0.05007
Trial Time:          0.07242
Trial Time:          0.06245
Trial Time:          0.05058
Trial Time:          0.07058
Trial Time:          0.05204
Trial Time:          0.06904
Trial Time:          0.06849
Trial Time:          0.05281
Trial Time:          0.05213
Trial Time:          0.04860
Trial Time:          0.05039
Trial Time:          0.05452
Trial Time:          0.05196
Trial Time:          0.07125
Trial Time:          0.07285
Trial Time:          0.07248
Trial Time:          0.07243
Trial Time:          0.06895
Trial Time:          0.05232
Trial Time:          0.07015
Trial Time:          0.14421
Trial Time:          0.07450
Trial Time:          0.07302
Trial Time:          0.07282
Trial Time:          0.07381
Trial Time:          0.07738
Trial Time:          0.05153
Trial Time:          0.07150
Trial Time:          0.07030
Trial Time:          0.05478
Trial Time:          0.06454
Trial Time:          0.07420
Trial Time:          0.07623
Trial Time:          0.06765
Trial Time:          0.05558
Trial Time:          0.05956
Trial Time:          0.07649
Trial Time:          0.05393
Trial Time:          0.07887
Trial Time:          0.05876
Trial Time:          0.05291
Trial Time:          0.07885
Trial Time:          0.07720
Trial Time:          0.05540
Trial Time:          0.05267
Trial Time:          0.07907
Trial Time:          0.07701
Trial Time:          0.07880
Trial Time:          0.06870
Trial Time:          0.05866
Trial Time:          0.07474
Trial Time:          0.05967
Trial Time:          0.05764
Trial Time:          0.07670
Trial Time:          0.07872
Trial Time:          0.07903
Trial Time:          0.06733
Trial Time:          0.05934
Trial Time:          0.05471
Trial Time:          0.05641
Trial Time:          0.07870
Trial Time:          0.05310
Trial Time:          0.06025
Trial Time:          0.06705
Trial Time:          0.07855
Trial Time:          0.05600
Trial Time:          0.05336
Trial Time:          0.05594
Trial Time:          0.05598
Trial Time:          0.06760
Trial Time:          0.06974
Trial Time:          0.05704
Trial Time:          0.07678
Trial Time:          0.07870
Trial Time:          0.05514
Trial Time:          0.06940
Trial Time:          0.07866
Trial Time:          0.07824
Trial Time:          0.06992
Trial Time:          0.06784
Trial Time:          0.06820
Trial Time:          0.05608
Trial Time:          0.07846
Trial Time:          0.07830
Trial Time:          0.05582
Trial Time:          0.07841
Trial Time:          0.07316
Trial Time:          0.05712
Trial Time:          0.07033
Trial Time:          0.07676
Trial Time:          0.07510
Trial Time:          0.05209
Trial Time:          0.05255
Trial Time:          0.05333
Trial Time:          0.07826
Trial Time:          0.07691
Trial Time:          0.07600
Trial Time:          0.05314
Trial Time:          0.07833
Trial Time:          0.07854
Trial Time:          0.07872
Trial Time:          0.07233
Trial Time:          0.07734
Trial Time:          0.05954
Trial Time:          0.05591
Trial Time:          0.07821
Trial Time:          0.06745
Trial Time:          0.06840
Trial Time:          0.05186
Trial Time:          0.07342
Trial Time:          0.05776
Trial Time:          0.05253
Trial Time:          0.05509
Trial Time:          0.07795
Trial Time:          0.05208
Trial Time:          0.05287
Trial Time:          0.07534
Trial Time:          0.05545
Trial Time:          0.07506
Trial Time:          0.05164
Trial Time:          0.05836
Trial Time:          0.05241
Trial Time:          0.05485
Trial Time:          0.07766
Trial Time:          0.06561
Trial Time:          0.05171
Trial Time:          0.05215
Trial Time:          0.07723
Trial Time:          0.07527
Trial Time:          0.06546
Trial Time:          0.05250
Trial Time:          0.07716
Trial Time:          0.05375
Trial Time:          0.07735
Trial Time:          0.07218
Trial Time:          0.07493
Trial Time:          0.07716
Trial Time:          0.07704
Trial Time:          0.07740
Trial Time:          0.07715
Trial Time:          0.05424
Trial Time:          0.06757
Trial Time:          0.06909
Trial Time:          0.07556
Trial Time:          0.05347
Trial Time:          0.05243
Trial Time:          0.07769
Trial Time:          0.07726
Trial Time:          0.07694
Trial Time:          0.05392
Trial Time:          0.07719
Trial Time:          0.07708
Trial Time:          0.07669
Trial Time:          0.07743
Trial Time:          0.05852
Trial Time:          0.05626
Trial Time:          0.07551
Trial Time:          0.07719
Trial Time:          0.06947
Trial Time:          0.05194
Trial Time:          0.05401
Trial Time:          0.05184
Trial Time:          0.05554
Trial Time:          0.07551
Trial Time:          0.07510
Trial Time:          0.05076
Trial Time:          0.05380
Trial Time:          0.07511
Trial Time:          0.07203
Trial Time:          0.05300
Trial Time:          0.07456
Trial Time:          0.05111
Trial Time:          0.07493
Trial Time:          0.07451
Trial Time:          0.07393
Trial Time:          0.05435
Trial Time:          0.04973
Trial Time:          0.07201
Trial Time:          0.05587
Trial Time:          0.07386
Trial Time:          0.05523
Trial Time:          0.05131
Trial Time:          0.04989
Trial Time:          0.06258
Trial Time:          0.07388
Trial Time:          0.07255
Trial Time:          0.07418
Trial Time:          0.07171
Trial Time:          0.07310
Trial Time:          0.04969
Trial Time:          0.05516
Trial Time:          0.07267
Trial Time:          0.06416
Trial Time:          0.05233
Trial Time:          0.05062
Trial Time:          0.07158
Trial Time:          0.07109
Trial Time:          0.07180
Trial Time:          0.07311
Trial Time:          0.06240
Trial Time:          0.05345
Trial Time:          0.07037
Trial Time:          0.07366
Trial Time:          0.07011
Trial Time:          0.05390
Trial Time:          0.05682
Trial Time:          0.05582
Trial Time:          0.07145
Trial Time:          0.07233
Trial Time:          0.07113
Trial Time:          0.05294
Trial Time:          0.07053
Trial Time:          0.07114
Trial Time:          0.07203
Trial Time:          0.07233
Trial Time:          0.06725
Trial Time:          0.07237
Average Time:        0.06523
