[2024-05-06 19:44:24.898] [error] [wamr_export.cpp:380] insert_parent_child 0 1
[2024-05-06 19:44:24.899] [error] [wamr_export.cpp:364] wamr_handle_map old:< 0 > new:< 140737353897664 >
wait 0x7fff36950b64 135514964 2 -1 0
[2024-05-06 19:44:24.899] [error] [wamr_export.cpp:380] insert_parent_child 0 2
[2024-05-06 19:44:24.900] [error] [wamr_export.cpp:364] wamr_handle_map old:< 0 > new:< 140737352554176 >
wait 0x7fff36a52aa4 136571540 2 -1 0
[2024-05-06 19:44:24.900] [error] [wamr_export.cpp:380] insert_parent_child 0 3
[2024-05-06 19:44:24.900] [error] [wamr_export.cpp:364] wamr_handle_map old:< 0 > new:< 140737348400832 >
Generate Time:       1.30708
Build Time:          1.68301
Graph has 1048576 nodes and 15699691 undirected edges for degree: 14
wait 0x7fff36b54a64 137628244 2 -1 0
notify 0x7fff36b54a64 137628244 1
notify 0x7fff36a52aa4 136571540 1
notify 0x7fff36950b64 135514964 1
wake 0x7fff36a52aa4 136571540 2 -1 0
wake 0x7fff36b54a64 137628244 2 -1 0
wake 0x7fff36950b64 135514964 2 -1 0
wait 0x7fff36b54a64 137628244 2 -1 0
wait 0x7fff36950b64 135514964 2 -1 0
wait 0x7fff36a52aa4 136571540 2 -1 0
notify 0x7fff36b54a64 137628244 1
notify 0x7fff36a52aa4 136571540 1
notify 0x7fff36950b64 135514964 1
wake 0x7fff36a52aa4 136571540 2 -1 0
wake 0x7fff36950b64 135514964 2 -1 0
wake 0x7fff36b54a64 137628244 2 -1 0
wait 0x7fff36950b64 135514964 2 -1 0
wait 0x7fff36b54a64 137628244 2 -1 0
wait 0x7fff36a52aa4 136571540 2 -1 0
notify 0x7fff36b54a64 137628244 1
notify 0x7fff36a52aa4 136571540 1
notify 0x7fff36950b64 135514964 1
wake 0x7fff36a52aa4 136571540 2 -1 0
wake 0x7fff36b54a64 137628244 2 -1 0
wake 0x7fff36950b64 135514964 2 -1 0
wait 0x7fff36b549a4 137628052 2 -1 0
wait 0x7fff36a529e4 136571348 2 -1 0
wait 0x7fff36950aa4 135514772 2 -1 0
notify 0x7fff36b549a4 137628052 1
notify 0x7fff36a529e4 136571348 1
notify 0x7fff36950aa4 135514772 1
wake 0x7fff36b549a4 137628052 2 -1 0
wake 0x7fff36950aa4 135514772 2 -1 0
wake 0x7fff36a529e4 136571348 2 -1 0
wait 0x7fff36b549a4 137628052 2 -1 0
wait 0x7fff36a529e4 136571348 2 -1 0
wait 0x7fff36950aa4 135514772 2 -1 0
notify 0x7fff36b549a4 137628052 1
notify 0x7fff36a529e4 136571348 1
notify 0x7fff36950aa4 135514772 1
wake 0x7fff36b549a4 137628052 2 -1 0
wake 0x7fff36a529e4 136571348 2 -1 0
wake 0x7fff36950aa4 135514772 2 -1 0
wait 0x7fff36b549a4 137628052 2 -1 0
wait 0x7fff36a529e4 136571348 2 -1 0
wait 0x7fff36950aa4 135514772 2 -1 0
notify 0x7fff36b549a4 137628052 1
notify 0x7fff36a529e4 136571348 1
notify 0x7fff36950aa4 135514772 1
wake 0x7fff36b549a4 137628052 2 -1 0
wake 0x7fff36950aa4 135514772 2 -1 0
wake 0x7fff36a529e4 136571348 2 -1 0
wait 0x7fff36b549a4 137628052 2 -1 0
wait 0x7fff36a529e4 136571348 2 -1 0
wait 0x7fff36950aa4 135514772 2 -1 0
notify 0x7fff36b549a4 137628052 1
notify 0x7fff36a529e4 136571348 1
notify 0x7fff36950aa4 135514772 1
wake 0x7fff36b549a4 137628052 2 -1 0
wake 0x7fff36a529e4 136571348 2 -1 0
wake 0x7fff36950aa4 135514772 2 -1 0
wait 0x7fff36b54a64 137628244 2 -1 0
wait 0x7fff36a52aa4 136571540 2 -1 0
wait 0x7fff36950b64 135514964 2 -1 0
notify 0x7fff36b54a64 137628244 1
notify 0x7fff36a52aa4 136571540 1
notify 0x7fff36950b64 135514964 1
wake 0x7fff36b54a64 137628244 2 -1 0
wake 0x7fff36a52aa4 136571540 2 -1 0
wake 0x7fff36950b64 135514964 2 -1 0
wait 0x7fff36b549a4 137628052 2 -1 0
wait 0x7fff36a529e4 136571348 2 -1 0
wait 0x7fff36950aa4 135514772 2 -1 0
notify 0x7fff36b549a4 137628052 1
notify 0x7fff36a529e4 136571348 1
notify 0x7fff36950aa4 135514772 1
wake 0x7fff36b549a4 137628052 2 -1 0
wake 0x7fff36950aa4 135514772 2 -1 0
wake 0x7fff36a529e4 136571348 2 -1 0
wait 0x7fff36b54a64 137628244 2 -1 0
wait 0x7fff36a52aa4 136571540 2 -1 0
notify 0x7fff36b54a64 137628244 1
notify 0x7fff36a52aa4 136571540 1
wake 0x7fff36b54a64 137628244 2 -1 0
wake 0x7fff36a52aa4 136571540 2 -1 0
wait 0x7fff36b549a4 137628052 2 -1 0
wait 0x7fff36a529e4 136571348 2 -1 0
wait 0x7fff36950aa4 135514772 2 -1 0
notify 0x7fff36b549a4 137628052 1
notify 0x7fff36a529e4 136571348 1
notify 0x7fff36950aa4 135514772 1
wake 0x7fff36b549a4 137628052 2 -1 0
wake 0x7fff36a529e4 136571348 2 -1 0
wake 0x7fff36950aa4 135514772 2 -1 0
wait 0x7fff36b54a64 137628244 2 -1 0
wait 0x7fff36a52aa4 136571540 2 -1 0
notify 0x7fff36b54a64 137628244 1
notify 0x7fff36a52aa4 136571540 1
wake 0x7fff36a52aa4 136571540 2 -1 0
wake 0x7fff36b54a64 137628244 2 -1 0
wait 0x7fff36b549a4 137628052 2 -1 0
wait 0x7fff36a529e4 136571348 2 -1 0
wait 0x7fff36950aa4 135514772 2 -1 0
notify 0x7fff36b549a4 137628052 1
notify 0x7fff36a529e4 136571348 1
notify 0x7fff36950aa4 135514772 1
wake 0x7fff36b549a4 137628052 2 -1 0
wake 0x7fff36950aa4 135514772 2 -1 0
wake 0x7fff36a529e4 136571348 2 -1 0
wait 0x7fff36b549a4 137628052 2 -1 0
wait 0x7fff36a529e4 136571348 2 -1 0
wait 0x7fff36950aa4 135514772 2 -1 0
notify 0x7fff36b549a4 137628052 1
notify 0x7fff36a529e4 1365713Trial Time:          0.72248
Trial Time:          0.72078
Trial Time:          0.52644
Trial Time:          0.51399
Trial Time:          0.46797
Trial Time:          0.52919
Trial Time:          0.53576
Trial Time:          0.66142
Trial Time:          0.75598
Trial Time:          0.73102
Trial Time:          0.83235
Trial Time:          0.55107
Trial Time:          0.53376
Trial Time:          0.62236
Trial Time:          0.44357
Trial Time:          0.47450
Trial Time:          0.68911
Trial Time:          0.73511
Trial Time:          0.70331
Trial Time:          0.75312
Trial Time:          0.46731
Trial Time:          0.57431
Trial Time:          0.61708
Trial Time:          0.49684
Trial Time:          0.71978
Trial Time:          0.57886
Trial Time:          0.72920
Trial Time:          0.43564
Trial Time:          0.57959
Trial Time:          0.44110
Trial Time:          0.49540
Trial Time:          0.49112
Trial Time:          0.45930
Trial Time:          0.58514
Trial Time:          0.61526
Trial Time:48 1
notify 0x7fff36950aa4 135514772 1
wake 0x7fff36b549a4 137628052 2 -1 0
wake 0x7fff36a529e4 136571348 2 -1 0
wake 0x7fff36950aa4 135514772 2 -1 0
wait 0x7fff36b549a4 137628052 2 -1 0
wait 0x7fff36a529e4 136571348 2 -1 0
wait 0x7fff36950aa4 135514772 2 -1 0
notify 0x7fff36b549a4 137628052 1
notify 0x7fff36a529e4 136571348 1
notify 0x7fff36950aa4 135514772 1
wake 0x7fff36950aa4 135514772 2 -1 0
wake 0x7fff36a529e4 136571348 2 -1 0
wake 0x7fff36b549a4 137628052 2 -1 0
wait 0x7fff36a529e4 136571348 2 -1 0
wait 0x7fff36b549a4 137628052 2 -1 0
wait 0x7fff36950aa4 135514772 2 -1 0
notify 0x7fff36b549a4 137628052 1
notify 0x7fff36a529e4 136571348 1
notify 0x7fff36950aa4 135514772 1
wake 0x7fff36950aa4 135514772 2 -1 0
wake 0x7fff36a529e4 136571348 2 -1 0
wake 0x7fff36b549a4 137628052 2 -1 0
wait 0x7fff36a52aa4 136571540 2 -1 0
wait 0x7fff36b54a64 137628244 2 -1 0
notify 0x7fff36b54a64 137628244 1
notify 0x7fff36a52aa4 136571540 1
wake 0x7fff36a52aa4 136571540 2 -1 0
wake 0x7fff36b54a64 137628244 2 -1 0
wait 0x7fff36a529e4 136571348 2 -1 0
notify 0x7fff36a529e4 136571348 1
wake 0x7fff36a529e4 136571348 2 -1 0
wait 0x7fff36a529e4 136571348 2 -1 0
notify 0x7fff36a529e4 136571348 1
wake 0x7fff36a529e4 136571348 2 -1 0
wait 0x7fff36b549a4 137628052 2 -1 0
wait 0x7fff36a529e4 136571348 2 -1 0
wait 0x7fff36950aa4 135514772 2 -1 0
notify 0x7fff36b549a4 137628052 1
notify 0x7fff36a529e4 136571348 1
notify 0x7fff36950aa4 135514772 1
wake 0x7fff36a529e4 136571348 2 -1 0
wake 0x7fff36b549a4 137628052 2 -1 0
wake 0x7fff36950aa4 135514772 2 -1 0
wait 0x7fff36b54a64 137628244 2 -1 0
wait 0x7fff36a52aa4 136571540 2 -1 0
wait 0x7fff36950b64 135514964 2 -1 0
notify 0x7fff36b54a64 137628244 1
notify 0x7fff36a52aa4 136571540 1
notify 0x7fff36950b64 135514964 1
wake 0x7fff36950b64 135514964 2 -1 0
wake 0x7fff36a52aa4 136571540 2 -1 0
wake 0x7fff36b54a64 137628244 2 -1 0
wait 0x7fff36b549a4 137628052 2 -1 0
wait 0x7fff36a529e4 136571348 2 -1 0
wait 0x7fff36950aa4 135514772 2 -1 0
notify 0x7fff36b549a4 137628052 1
notify 0x7fff36a529e4 136571348 1
notify 0x7fff36950aa4 135514772 1
wake 0x7fff36a529e4 136571348 2 -1 0
wake 0x7fff36b549a4 137628052 2 -1 0
wake 0x7fff36950aa4 135514772 2 -1 0
wait 0x7fff36b549a4 137628052 2 -1 0
notify 0x7fff36b549a4 137628052 1
wake 0x7fff36b549a4 137628052 2 -1 0
wait 0x7fff36b549a4 137628052 2 -1 0
wait 0x7fff36a529e4 136571348 2 -1 0
notify 0x7fff36b549a4 137628052 1
notify 0x7fff36a529e4 136571348 1
wake 0x7fff36a529e4 136571348 2 -1 0
wake 0x7fff36b549a4 137628052 2 -1 0
wait 0x7fff36b549a4 137628052 2 -1 0
wait 0x7fff36a529e4 136571348 2 -1 0
wait 0x7fff36950aa4 135514772 2 -1 0
notify 0x7fff36b549a4 137628052 1
notify 0x7fff36a529e4 136571348 1
notify 0x7fff36950aa4 135514772 1
wake 0x7fff36b549a4 137628052 2 -1 0
wake 0x7fff36950aa4 135514772 2 -1 0
wake 0x7fff36a529e4 136571348 2 -1 0
wait 0x7fff36b549a4 137628052 2 -1 0
wait 0x7fff36a529e4 136571348 2 -1 0
wait 0x7fff36950aa4 135514772 2 -1 0
notify 0x7fff36b549a4 137628052 1
notify 0x7fff36a529e4 136571348 1
notify 0x7fff36950aa4 135514772 1
wake 0x7fff36a529e4 136571348 2 -1 0
wake 0x7fff36950aa4 135514772 2 -1 0
wake 0x7fff36b549a4 137628052 2 -1 0
wait 0x7fff36b54a64 137628244 2 -1 0
wait 0x7fff36a52aa4 136571540 2 -1 0
notify 0x7fff36b54a64 137628244 1
notify 0x7fff36a52aa4 136571540 1
wake 0x7fff36b54a64 137628244 2 -1 0
wake 0x7fff36a52aa4 136571540 2 -1 0
wait 0x7fff36b549a4 137628052 2 -1 0
wait 0x7fff36a529e4 136571348 2 -1 0
wait 0x7fff36950aa4 135514772 2 -1 0
notify 0x7fff36b549a4 137628052 1
notify 0x7fff36a529e4 136571348 1
notify 0x7fff36950aa4 135514772 1
wake 0x7fff36b549a4 137628052 2 -1 0
wake 0x7fff36950aa4 135514772 2 -1 0
wake 0x7fff36a529e4 136571348 2 -1 0
wait 0x7fff36b54a64 137628244 2 -1 0
notify 0x7fff36b54a64 137628244 1
wake 0x7fff36b54a64 137628244 2 -1 0
wait 0x7fff36b549a4 137628052 2 -1 0
wait 0x7fff36a529e4 136571348 2 -1 0
wait 0x7fff36950aa4 135514772 2 -1 0
notify 0x7fff36b549a4 137628052 1
notify 0x7fff36a529e4 136571348 1
notify 0x7fff36950aa4 135514772 1
wake 0x7fff36b549a4 137628052 2 -1 0
wake 0x7fff36a529e4 136571348 2 -1 0
wake 0x7fff36950aa4 135514772 2 -1 0
wait 0x7fff36b54a64 137628244 2 -1 0
wait 0x7fff36a52aa4 136571540 2 -1 0
wait 0x7fff36950b64 135514964 2 -1 0
notify 0x7fff36b54a64 137628244 1
notify 0x7fff36a52aa4 136571540 1
notify 0x7fff36950b64 135514964 1
wake 0x7fff36a52aa4 136571540 2 -1 0
wake 0x7fff36b54a64 137628244 2 -1 0
wake 0x7fff36950b64 135514964 2 -1 0
wait 0x7fff36b549a4 137628052 2 -1 0
wait 0x7fff36a529e4 136571348 2 -1 0
wait 0x7fff36950aa4 135514772 2 -1 0
notify 0x7fff36b549a4 137628052 1
notify 0x7fff36a529e4 136571348 1
notify 0x7fff36950aa4 135514772 1
wake 0x7fff36b549a4 137628052 2 -1 0
wake 0x7fff36950aa4 135514772 2 -1 0
wake 0x7fff36a529e4 136571348 2 -1 0
wait 0x7fff36b54a64 137628244 2 -1 0
wait 0x7fff36a52aa4 136571540 2 -1 0
notify 0x7fff36b54a64 137628244 1
notify 0x7fff36a52aa4 136571540 1
wake 0x7fff36b54a64 137628244 2 -1 0
wake 0x7fff36a52aa4 136571540 2 -1 0
wait 0x7fff36b549a4 137628052 2 -1 0
wait 0x7fff36a529e4 136571348 2 -1 0
wait 0x7fff36950aa4 135514772 2 -1 0
notify 0x7fff36b549a4 137628052 1
notify 0x7fff36a529e4 136571348 1
notify 0x7fff36950aa4 135514772 1
wake 0x7fff36b549a4 137628052 2 -1 0
wake 0x7fff36950aa4 135514772 2 -1 0
wake 0x7fff36a529e4 136571348 2 -1 0
wait 0x7fff36a529e4 136571348 2 -1 0
wait 0x7fff36b549a4 137628052 2 -1 0
notify 0x7fff36b549a4 137628052 1
notify 0x7fff36a529e4 136571348 1
wake 0x7fff36b549a4 137628052 2 -1 0
wake 0x7fff36a529e4 136571348 2 -1 0
wait 0x7fff36a529e4 136571348 2 -1 0
wait 0x7fff2e8477f4 210916 2 -1 0
wait 0x7fff36950aa4 135514772 2 -1 0
notify 0x7fff2e8477f4 210916 1
wake 0x7fff2e8477f4 210916 2 -1 0
notify 0x7fff36a529e4 136571348 1
notify 0x7fff36950aa4 135514772 1
wake 0x7fff36a529e4 136571348 2 -1 0
wake 0x7fff36950aa4 135514772 2 -1 0
wait 0x7fff36b549a4 137628052 2 -1 0
wait 0x7fff36a529e4 136571348 2 -1 0
notify 0x7fff36b549a4 137628052 1
notify 0x7fff36a529e4 136571348 1
wake 0x7fff36b549a4 137628052 2 -1 0
wake 0x7fff36a529e4 136571348 2 -1 0
wait 0x7fff36a529e4 136571348 2 -1 0
wait 0x7fff36b549a4 137628052 2 -1 0
wait 0x7fff36950aa4 135514772 2 -1 0
notify 0x7fff36b549a4 137628052 1
notify 0x7fff36a529e4 136571348 1
wake 0x7fff36b549a4 137628052 2 -1 0
wake 0x7fff36a529e4 136571348 2 -1 0
notify 0x7fff36950aa4 135514772 1
wake 0x7fff36950aa4 135514772 2 -1 0
wait 0x7fff36a529e4 136571348 2 -1 0
notify 0x7fff36a529e4 136571348 1
wake 0x7fff36a529e4 136571348 2 -1 0
wait 0x7fff36a529e4 136571348 2 -1 0
wait 0x7fff36b549a4 137628052 2 -1 0
wait 0x7fff36950aa4 135514772 2 -1 0
notify 0x7fff36b549a4 137628052 1
notify 0x7fff36a529e4 136571348 1
notify 0x7fff36950aa4 135514772 1
wake 0x7fff36b549a4 137628052 2 -1 0
wake 0x7fff36950aa4 135514772 2 -1 0
wake 0x7fff36a529e4 136571348 2 -1 0
wait 0x7fff36a52aa4 136571540 2 -1 0
wait 0x7fff36b54a64 137628244 2 -1 0
notify 0x7fff36b54a64 137628244 1
notify 0x7fff36a52aa4 136571540 1
wake 0x7fff36b54a64 137628244 2 -1 0
wake 0x7fff36a52aa4 136571540 2 -1 0
wait 0x7fff36a529e4 136571348 2 -1 0
wait 0x7fff36b549a4 137628052 2 -1 0
notify 0x7fff36b549a4 137628052 1
notify 0x7fff36a529e4 136571348 1
wake 0x7fff36b549a4 137628052 2 -1 0
wake 0x7fff36a529e4 136571348 2 -1 0
wait 0x7fff36a529e4 136571348 2 -1 0
wait 0x7fff36b549a4 137628052 2 -1 0
wait 0x7fff36950aa4 135514772 2 -1 0
notify 0x7fff36b549a4 137628052 1
notify 0x7fff36a529e4 136571348 1
notify 0x7fff36950aa4 135514772 1
wake 0x7fff36b549a4 137628052 2 -1 0
wake 0x7fff36950aa4 135514772 2 -1 0
wake 0x7fff36a529e4 136571348 2 -1 0
wait 0x7fff36a529e4 136571348 2 -1 0
wait 0x7fff2e8477f4 210916 2 -1 0
wait 0x7fff36b549a4 137628052 2 -1 0
notify 0x7fff2e8477f4 210916 1
wake 0x7fff2e8477f4 210916 2 -1 0
notify 0x7fff36b549a4 137628052 1
notify 0x7fff36a529e4 136571348 1
wake 0x7fff36b549a4 137628052 2 -1 0
wake 0x7fff36a529e4 136571348 2 -1 0
wait 0x7fff36b549a4 137628052 2 -1 0
wait 0x7fff36a529e4 136571348 2 -1 0
notify 0x7fff36b549a4 137628052 1
notify 0x7fff36a529e4 136571348 1
wake 0x7fff36b549a4 137628052 2 -1 0
wake 0x7fff36a529e4 136571348 2 -1 0
wait 0x7fff36b549a4 137628052 2 -1 0
notify 0x7fff36b549a4 137628052          0.53157
Trial Time:          0.58327
Trial Time:          0.52216
Trial Time:          0.56459
Trial Time:          0.53488
Trial Time:          0.71693
Trial Time:          0.45434
Trial Time:          0.66518
Trial Time:          0.77033
Trial Time:          0.64988
Trial Time:          0.53716
Trial Time:          0.61384
Trial Time:          0.56406
Trial Time:          0.75388
Trial Time:          0.64605
Trial Time:          0.86519
Trial Time:          0.66195
Trial Time:          0.67484
Trial Time:          0.66788
Trial Time:          0.65478
Trial Time:          0.67263
Trial Time:          0.48665
Trial Time:          0.62604
Trial Time:          0.74368
Trial Time:          0.66537
Trial Time:          0.70560
Trial Time:          0.77932
Trial Time:          0.64740
Trial Time:          0.65207
Trial Time:          0.57121
Trial Time:          0.55762
Trial Time:          0.80196
Trial Time:          0.58234
Trial Time:          0.59075
Trial Time:          0.41527
Trial Time:           1
wake 0x7fff36b549a4 137628052 2 -1 0
wait 0x7fff36b549a4 137628052 2 -1 0
wait 0x7fff36a529e4 136571348 2 -1 0
wait 0x7fff36950aa4 135514772 2 -1 0
notify 0x7fff36b549a4 137628052 1
notify 0x7fff36a529e4 136571348 1
notify 0x7fff36950aa4 135514772 1
wake 0x7fff36a529e4 136571348 2 -1 0
wake 0x7fff36950aa4 135514772 2 -1 0
wake 0x7fff36b549a4 137628052 2 -1 0
wait 0x7fff36a529e4 136571348 2 -1 0
notify 0x7fff36a529e4 136571348 1
wake 0x7fff36a529e4 136571348 2 -1 0
wait 0x7fff36a529e4 136571348 2 -1 0
notify 0x7fff36a529e4 136571348 1
wake 0x7fff36a529e4 136571348 2 -1 0
wait 0x7fff36b549a4 137628052 2 -1 0
wait 0x7fff36a529e4 136571348 2 -1 0
notify 0x7fff36b549a4 137628052 1
notify 0x7fff36a529e4 136571348 1
wake 0x7fff36b549a4 137628052 2 -1 0
wake 0x7fff36a529e4 136571348 2 -1 0
wait 0x7fff36b54a64 137628244 2 -1 0
wait 0x7fff36a52aa4 136571540 2 -1 0
wait 0x7fff36950b64 135514964 2 -1 0
notify 0x7fff36b54a64 137628244 1
notify 0x7fff36a52aa4 136571540 1
notify 0x7fff36950b64 135514964 1
wake 0x7fff36b54a64 137628244 2 -1 0
wake 0x7fff36950b64 135514964 2 -1 0
wake 0x7fff36a52aa4 136571540 2 -1 0
wait 0x7fff36b549a4 137628052 2 -1 0
wait 0x7fff36a529e4 136571348 2 -1 0
notify 0x7fff36b549a4 137628052 1
notify 0x7fff36a529e4 136571348 1
wake 0x7fff36b549a4 137628052 2 -1 0
wake 0x7fff36a529e4 136571348 2 -1 0
wait 0x7fff36b549a4 137628052 2 -1 0
notify 0x7fff36b549a4 137628052 1
wake 0x7fff36b549a4 137628052 2 -1 0
wait 0x7fff36b549a4 137628052 2 -1 0
wait 0x7fff36a529e4 136571348 2 -1 0
notify 0x7fff36b549a4 137628052 1
notify 0x7fff36a529e4 136571348 1
wake 0x7fff36a529e4 136571348 2 -1 0
wake 0x7fff36b549a4 137628052 2 -1 0
wait 0x7fff36b54a64 137628244 2 -1 0
wait 0x7fff36a52aa4 136571540 2 -1 0
wait 0x7fff36950b64 135514964 2 -1 0
notify 0x7fff36b54a64 137628244 1
notify 0x7fff36a52aa4 136571540 1
notify 0x7fff36950b64 135514964 1
wake 0x7fff36a52aa4 136571540 2 -1 0
wake 0x7fff36950b64 135514964 2 -1 0
wake 0x7fff36b54a64 137628244 2 -1 0
wait 0x7fff36b549a4 137628052 2 -1 0
wait 0x7fff36a529e4 136571348 2 -1 0
wait 0x7fff36950aa4 135514772 2 -1 0
notify 0x7fff36b549a4 137628052 1
notify 0x7fff36a529e4 136571348 1
notify 0x7fff36950aa4 135514772 1
wake 0x7fff36a529e4 136571348 2 -1 0
wake 0x7fff36950aa4 135514772 2 -1 0
wake 0x7fff36b549a4 137628052 2 -1 0
wait 0x7fff36b54a64 137628244 2 -1 0
wait 0x7fff36a52aa4 136571540 2 -1 0
wait 0x7fff36950b64 135514964 2 -1 0
notify 0x7fff36b54a64 137628244 1
notify 0x7fff36a52aa4 136571540 1
notify 0x7fff36950b64 135514964 1
wake 0x7fff36b54a64 137628244 2 -1 0
wake 0x7fff36950b64 135514964 2 -1 0
wake 0x7fff36a52aa4 136571540 2 -1 0
wait 0x7fff36b549a4 137628052 2 -1 0
wait 0x7fff36a529e4 136571348 2 -1 0
wait 0x7fff36950aa4 135514772 2 -1 0
notify 0x7fff36b549a4 137628052 1
notify 0x7fff36a529e4 136571348 1
notify 0x7fff36950aa4 135514772 1
wake 0x7fff36a529e4 136571348 2 -1 0
wake 0x7fff36b549a4 137628052 2 -1 0
wake 0x7fff36950aa4 135514772 2 -1 0
wait 0x7fff36b54a64 137628244 2 -1 0
wait 0x7fff36a52aa4 136571540 2 -1 0
notify 0x7fff36b54a64 137628244 1
notify 0x7fff36a52aa4 136571540 1
wake 0x7fff36b54a64 137628244 2 -1 0
wake 0x7fff36a52aa4 136571540 2 -1 0
wait 0x7fff36b549a4 137628052 2 -1 0
wait 0x7fff36a529e4 136571348 2 -1 0
wait 0x7fff36950aa4 135514772 2 -1 0
notify 0x7fff36b549a4 137628052 1
notify 0x7fff36a529e4 136571348 1
notify 0x7fff36950aa4 135514772 1
wake 0x7fff36b549a4 137628052 2 -1 0
wake 0x7fff36950aa4 135514772 2 -1 0
wake 0x7fff36a529e4 136571348 2 -1 0
wait 0x7fff36b54a64 137628244 2 -1 0
wait 0x7fff36a52aa4 136571540 2 -1 0
notify 0x7fff36b54a64 137628244 1
notify 0x7fff36a52aa4 136571540 1
wake 0x7fff36a52aa4 136571540 2 -1 0
wake 0x7fff36b54a64 137628244 2 -1 0
wait 0x7fff36b549a4 137628052 2 -1 0
wait 0x7fff36a529e4 136571348 2 -1 0
wait 0x7fff36950aa4 135514772 2 -1 0
notify 0x7fff36b549a4 137628052 1
notify 0x7fff36a529e4 136571348 1
notify 0x7fff36950aa4 135514772 1
wake 0x7fff36b549a4 137628052 2 -1 0
wake 0x7fff36a529e4 136571348 2 -1 0
wake 0x7fff36950aa4 135514772 2 -1 0
wait 0x7fff36b549a4 137628052 2 -1 0
wait 0x7fff36a529e4 1360.47854
Trial Time:          0.49367
Trial Time:          0.41100
Trial Time:          0.41933
Trial Time:          0.62373
Trial Time:          0.65719
Trial Time:          0.57132
Trial Time:          0.45445
Trial Time:          0.48513
Trial Time:          0.48925
Trial Time:          0.46961
Trial Time:          0.44953
Trial Time:          0.37770
Trial Time:          0.59811
Trial Time:          0.49041
Trial Time:          0.61332
Trial Time:          0.74474
Trial Time:          0.62715
Trial Time:          0.53070
Trial Time:          0.69723
Trial Time:          0.58255
Trial Time:          0.51734
Trial Time:          0.67522
Trial Time:          0.51489
Trial Time:          0.62359
Trial Time:          0.54574
Trial Time:          0.60418
Trial Time:          0.48585
Trial Time:          0.61740
Trial Time:          0.54810
Average Time:        0.59317
571348 2 -1 0
notify 0x7fff36b549a4 137628052 1
notify 0x7fff36a529e4 136571348 1
wake 0x7fff36a529e4 136571348 2 -1 0
wake 0x7fff36b549a4 137628052 2 -1 0
wait 0x7fff36b549a4 137628052 2 -1 0
wait 0x7fff36a529e4 136571348 2 -1 0
wait 0x7fff36950aa4 135514772 2 -1 0
notify 0x7fff36b549a4 137628052 1
notify 0x7fff36a529e4 136571348 1
notify 0x7fff36950aa4 135514772 1
wake 0x7fff36950aa4 135514772 2 -1 0
wake 0x7fff36a529e4 136571348 2 -1 0
wake 0x7fff36b549a4 137628052 2 -1 0
wait 0x7fff36950f80 135516016 2 -1 0
notify 0x7fff36950f80 135516016 1
wake 0x7fff36950f80 135516016 2 -1 0
[2024-05-06 19:45:35.718] [info] [checkpoint.cpp:128] Execution time: 70.820972 s
