code 0x127574004 code_size 105454192
[2024-05-05 17:14:15.046] [[32minfo[m] [wamr_read_write.h:134] [Server] Bind socket 128.114.59.212 12347
[2024-05-05 17:14:15.046] [[32minfo[m] [wamr_read_write.h:139] [Server] Listening on socket
[2024-05-05 17:16:21.118] [[32minfo[m] [wamr_wasi_context.cpp:153] fd: 12 path: ./ORBvoc.txt
restore function_index 90
restore function_index 13821
restore function_index 92
restore function_index 115
restore function_index 117
restore function_index 93
restore function_index 12053
main_env created 0x150068000 0x6000003a8040

invoke_init_c
wakeup.release
invoke main 0x150068000 0x6000003a8040
[2024-05-05 17:16:21.118] [[31m[1merror[m] [wamr_export.cpp:364] wamr_handle_map old:< 140737352567808 > new:< 140737352567808 >
[2024-05-05 17:16:21.118] [[32minfo[m] [wamr.cpp:566] Recover time: 0.05705

ttrack: 0.003988
ttrack: 0.003975
ttrack: 0.004142
ttrack: 0.004130
ttrack: 0.003941
ttrack: 0.003952
ttrack: 0.004082
ttrack: 0.004097
ttrack: 0.003958
ttrack: 0.004083
ttrack: 0.004085
ttrack: 0.004039
ttrack: 0.004085
ttrack: 0.004099
ttrack: 0.004036
ttrack: 0.004127
ttrack: 0.003898
ttrack: 0.003869
ttrack: 0.004184
ttrack: 0.004070
ttrack: 0.004052
ttrack: 0.004151
ttrack: 0.004159
ttrack: 0.004078
ttrack: 0.004184
ttrack: 0.004004
ttrack: 0.004102
ttrack: 0.004092
ttrack: 0.003941
ttrack: 0.004092
ttrack: 0.004083
ttrack: 0.004218
ttrack: 0.004137
ttrack: 0.004132
ttrack: 0.004174
ttrack: 0.003917
ttrack: 0.004123
ttrack: 0.004150
ttrack: 0.003984
ttrack: 0.003976
ttrack: 0.004066
ttrack: 0.003974
ttrack: 0.004083
ttrack: 0.003942
ttrack: 0.003848
ttrack: 0.004076
ttrack: 0.004144
ttrack: 0.004107
ttrack: 0.004053
ttrack: 0.004053
ttrack: 0.004038
ttrack: 0.003971
ttrack: 0.004053
ttrack: 0.003899
ttrack: 0.003907
ttrack: 0.003848
ttrack: 0.003867
ttrack: 0.003891
ttrack: 0.003972
ttrack: 0.004164
ttrack: 0.004125
ttrack: 0.004147
ttrack: 0.004230
ttrack: 0.004006
ttrack: 0.003859
ttrack: 0.004048
ttrack: 0.004065
ttrack: 0.003854
ttrack: 0.004158
ttrack: 0.003944
ttrack: 0.003979
ttrack: 0.004010
ttrack: 0.003931
ttrack: 0.004121
ttrack: 0.004052
ttrack: 0.003974
ttrack: 0.003986
ttrack: 0.004132
ttrack: 0.004025
ttrack: 0.003909
ttrack: 0.003981
ttrack: 0.003909
ttrack: 0.003938
ttrack: 0.003905
ttrack: 0.003866
ttrack: 0.004009
ttrack: 0.003902
ttrack: 0.003925
ttrack: 0.003983
ttrack: 0.003897
ttrack: 0.004042
ttrack: 0.004025
ttrack: 0.003949
ttrack: 0.003922
ttrack: 0.003911
ttrack: 0.004124
ttrack: 0.003914
ttrack: 0.004084
ttrack: 0.003905
ttrack: 0.003941
ttrack: 0.004068
ttrack: 0.004122
ttrack: 0.003915
ttrack: 0.003949
ttrack: 0.003928
ttrack: 0.003988
ttrack: 0.003934
ttrack: 0.003911
ttrack: 0.003907
ttrack: 0.003904
ttrack: 0.003933
ttrack: 0.003925
ttrack: 0.003910
ttrack: 0.004018
ttrack: 0.003968
ttrack: 0.003886
ttrack: 0.003925
ttrack: 0.004055
ttrack: 0.003928
ttrack: 0.003944
ttrack: 0.003966
ttrack: 0.003937
ttrack: 0.004454
ttrack: 0.004010
ttrack: 0.003943
ttrack: 0.003957
ttrack: 0.003998
ttrack: 0.003961
ttrack: 0.003851
ttrack: 0.003907
ttrack: 0.003888
ttrack: 0.004035
ttrack: 0.003909
ttrack: 0.003874
ttrack: 0.003887
ttrack: 0.004137
ttrack: 0.004054
ttrack: 0.003904
ttrack: 0.004148
ttrack: 0.004263
ttrack: 0.003906
ttrack: 0.004044
ttrack: 0.004210
ttrack: 0.003950
ttrack: 0.003941
ttrack: 0.003935
ttrack: 0.003892
ttrack: 0.003988
ttrack: 0.003928
ttrack: 0.003904
ttrack: 0.003950
ttrack: 0.003997
ttrack: 0.003881
ttrack: 0.003900
ttrack: 0.004029
ttrack: 0.003893
ttrack: 0.003896
ttrack: 0.003972
ttrack: 0.004045
ttrack: 0.003927
ttrack: 0.003910
ttrack: 0.003886
ttrack: 0.003902
ttrack: 0.004006
ttrack: 0.003898
ttrack: 0.003885
ttrack: 0.003941
ttrack: 0.003908
ttrack: 0.003876
ttrack: 0.003932
ttrack: 0.003888
ttrack: 0.003874
ttrack: 0.003929
ttrack: 0.003954
ttrack: 0.003890
ttrack: 0.003896
ttrack: 0.003947
ttrack: 0.003921
ttrack: 0.003854
ttrack: 0.003899
ttrack: 0.003914
ttrack: 0.003934
ttrack: 0.003897
ttrack: 0.003890
ttrack: 0.003936
ttrack: 0.003907
ttrack: 0.004008
ttrack: 0.003881
ttrack: 0.003905
ttrack: 0.004028
ttrack: 0.003918
ttrack: 0.003895
ttrack: 0.003934
ttrack: 0.004003
ttrack: 0.003879
ttrack: 0.004031
ttrack: 0.003923
ttrack: 0.003865
ttrack: 0.003912
ttrack: 0.004039
ttrack: 0.004141
ttrack: 0.003897
ttrack: 0.004014
ttrack: 0.003868
ttrack: 0.003923
ttrack: 0.003889
ttrack: 0.004051
ttrack: 0.004030
ttrack: 0.004047
ttrack: 0.004090
ttrack: 0.004196
ttrack: 0.003945
ttrack: 0.003932
ttrack: 0.004078
ttrack: 0.004174
ttrack: 0.003970
ttrack: 0.004002
ttrack: 0.003971
ttrack: 0.003884
ttrack: 0.004052
ttrack: 0.003872
ttrack: 0.003946
ttrack: 0.003909
ttrack: 0.003878
ttrack: 0.003909
ttrack: 0.003908
ttrack: 0.003881
ttrack: 0.004090
ttrack: 0.004247
ttrack: 0.003940
ttrack: 0.003927
ttrack: 0.003911
ttrack: 0.004069
ttrack: 0.004024
ttrack: 0.003930
ttrack: 0.003947
ttrack: 0.003926
ttrack: 0.003894
ttrack: 0.003895
ttrack: 0.003894
ttrack: 0.003872
ttrack: 0.003851
ttrack: 0.003950
ttrack: 0.004007
ttrack: 0.004033
ttrack: 0.003950
ttrack: 0.003946
ttrack: 0.003964
ttrack: 0.004098
ttrack: 0.004068
ttrack: 0.004064
ttrack: 0.003917
ttrack: 0.003927
ttrack: 0.003936
ttrack: 0.003937
ttrack: 0.003884
ttrack: 0.003896
ttrack: 0.003883
ttrack: 0.004017
ttrack: 0.004018
ttrack: 0.003931
ttrack: 0.003930
ttrack: 0.003889
ttrack: 0.004192
ttrack: 0.004030
ttrack: 0.003944
ttrack: 0.003874
ttrack: 0.003927
ttrack: 0.003916
ttrack: 0.003902
ttrack: 0.003918
ttrack: 0.003874
ttrack: 0.003889
ttrack: 0.003932
ttrack: 0.003895
ttrack: 0.003877
ttrack: 0.003977
ttrack: 0.003931
ttrack: 0.003927
ttrack: 0.003934
ttrack: 0.003934
ttrack: 0.004027
ttrack: 0.003988
ttrack: 0.003905
ttrack: 0.003910
ttrack: 0.003962
ttrack: 0.003892
ttrack: 0.003948
ttrack: 0.003907
ttrack: 0.003924
ttrack: 0.004028
ttrack: 0.003975
ttrack: 0.003880
ttrack: 0.003947
ttrack: 0.003871
ttrack: 0.004026
ttrack: 0.003941
ttrack: 0.003898
ttrack: 0.003896
ttrack: 0.004002
ttrack: 0.003923
ttrack: 0.003861
ttrack: 0.003941
ttrack: 0.003906
ttrack: 0.003857
ttrack: 0.003937
ttrack: 0.003956
ttrack: 0.004009
ttrack: 0.003958
ttrack: 0.003906
ttrack: 0.003892
ttrack: 0.003945
ttrack: 0.004101
ttrack: 0.003915
ttrack: 0.003908
ttrack: 0.004009
ttrack: 0.003929
ttrack: 0.004074
ttrack: 0.003950
ttrack: 0.004034
ttrack: 0.003958
ttrack: 0.003980
ttrack: 0.003935
ttrack: 0.003957
ttrack: 0.003924
ttrack: 0.003991
ttrack: 0.003895
ttrack: 0.003917
ttrack: 0.003914
ttrack: 0.003906
ttrack: 0.003941
ttrack: 0.003878
ttrack: 0.003908
ttrack: 0.003952
ttrack: 0.003995
ttrack: 0.003928
ttrack: 0.004045
ttrack: 0.003920
ttrack: 0.003943
ttrack: 0.003912
ttrack: 0.003899
ttrack: 0.003911
ttrack: 0.003976
ttrack: 0.003927
ttrack: 0.003869
ttrack: 0.003877
ttrack: 0.004046
ttrack: 0.003925
ttrack: 0.003928
ttrack: 0.003919
ttrack: 0.003873
ttrack: 0.003973
ttrack: 0.003902
ttrack: 0.003895
ttrack: 0.004019
ttrack: 0.003989
ttrack: 0.003933
ttrack: 0.003872
ttrack: 0.003864
ttrack: 0.003881
ttrack: 0.003887
ttrack: 0.003877
ttrack: 0.003907
ttrack: 0.003947
ttrack: 0.004000
ttrack: 0.004046
ttrack: 0.003934
ttrack: 0.003972
ttrack: 0.004002
ttrack: 0.003907
ttrack: 0.004152
ttrack: 0.004208
ttrack: 0.003921
ttrack: 0.003999
ttrack: 0.004039
ttrack: 0.004155
ttrack: 0.004025
ttrack: 0.004090
ttrack: 0.003910
ttrack: 0.003930
ttrack: 0.003928
ttrack: 0.003926
ttrack: 0.003899
ttrack: 0.003963
ttrack: 0.003898
ttrack: 0.003859
ttrack: 0.003889
ttrack: 0.003899
ttrack: 0.004022
ttrack: 0.003903
ttrack: 0.004027
ttrack: 0.003945
ttrack: 0.003908
ttrack: 0.003865
ttrack: 0.003889
ttrack: 0.003940
ttrack: 0.003846
ttrack: 0.003928
ttrack: 0.003942
ttrack: 0.003917
ttrack: 0.003974
ttrack: 0.003945
ttrack: 0.003885
ttrack: 0.004059
ttrack: 0.004092
ttrack: 0.003949
ttrack: 0.004358
ttrack: 0.003902
ttrack: 0.003970
ttrack: 0.003972
ttrack: 0.003930
ttrack: 0.003896
ttrack: 0.003871
ttrack: 0.003901
ttrack: 0.004025
ttrack: 0.004019
ttrack: 0.003891
ttrack: 0.003943
ttrack: 0.003976
ttrack: 0.004029
ttrack: 0.004012
ttrack: 0.004102
ttrack: 0.003959
ttrack: 0.003872
ttrack: 0.004181
ttrack: 0.004220
ttrack: 0.004189
ttrack: 0.004200
ttrack: 0.003961
ttrack: 0.004062
ttrack: 0.004020
ttrack: 0.004044
ttrack: 0.004120
ttrack: 0.004007
ttrack: 0.004061
ttrack: 0.004173
ttrack: 0.004228
ttrack: 0.004167
ttrack: 0.004048
ttrack: 0.004214
ttrack: 0.004092
ttrack: 0.004363
ttrack: 0.003934
ttrack: 0.003968
ttrack: 0.003963
ttrack: 0.004007
ttrack: 0.003984
ttrack: 0.004082
ttrack: 0.004098
ttrack: 0.003934
ttrack: 0.004005
ttrack: 0.004031
ttrack: 0.004124
ttrack: 0.003910
ttrack: 0.003935
ttrack: 0.003898
ttrack: 0.003876
ttrack: 0.004089
ttrack: 0.003940
ttrack: 0.004089
ttrack: 0.003997
ttrack: 0.004010
ttrack: 0.003909
ttrack: 0.003941
ttrack: 0.003871
ttrack: 0.003947
ttrack: 0.003941
ttrack: 0.003894
ttrack: 0.003948
ttrack: 0.003888
ttrack: 0.003885
ttrack: 0.003836
ttrack: 0.003884
ttrack: 0.003985
ttrack: 0.003920
ttrack: 0.003883
ttrack: 0.004008
ttrack: 0.004118
ttrack: 0.004046
ttrack: 0.004055
ttrack: 0.003983
ttrack: 0.004017
ttrack: 0.003915
ttrack: 0.003978
ttrack: 0.003972
ttrack: 0.003921
ttrack: 0.003904
ttrack: 0.004115
ttrack: 0.004091
ttrack: 0.003955
ttrack: 0.004000
ttrack: 0.004153
ttrack: 0.003978
ttrack: 0.003959
ttrack: 0.003963
ttrack: 0.004146
ttrack: 0.003968
ttrack: 0.003962
ttrack: 0.004264
ttrack: 0.004017
ttrack: 0.003978
ttrack: 0.003960
ttrack: 0.003904
ttrack: 0.003896
ttrack: 0.003909
ttrack: 0.003918
ttrack: 0.003892
ttrack: 0.003902
ttrack: 0.004026
ttrack: 0.003942
ttrack: 0.003979
ttrack: 0.003912
ttrack: 0.003938
ttrack: 0.003918
ttrack: 0.003898
ttrack: 0.004048
ttrack: 0.003968
ttrack: 0.003918
ttrack: 0.003937
ttrack: 0.003921
ttrack: 0.003991
ttrack: 0.004059
ttrack: 0.003947
ttrack: 0.003926
ttrack: 0.003923
ttrack: 0.003939
ttrack: 0.003896
ttrack: 0.004078
ttrack: 0.004074
ttrack: 0.003948
ttrack: 0.004004
ttrack: 0.003994
ttrack: 0.004099
ttrack: 0.003934
ttrack: 0.003929
ttrack: 0.003899
ttrack: 0.003975
ttrack: 0.003928
ttrack: 0.003914
ttrack: 0.003973
ttrack: 0.003885
ttrack: 0.003952
ttrack: 0.003915
ttrack: 0.003905
ttrack: 0.004036
ttrack: 0.003965
ttrack: 0.003938
ttrack: 0.004014
ttrack: 0.004078
ttrack: 0.004158
ttrack: 0.003920
ttrack: 0.003940
ttrack: 0.003992
ttrack: 0.003975
ttrack: 0.003970
ttrack: 0.004094
ttrack: 0.003916
ttrack: 0.003954
ttrack: 0.004144
ttrack: 0.004139
ttrack: 0.004070
ttrack: 0.004106
ttrack: 0.004044
ttrack: 0.004047
ttrack: 0.003936
ttrack: 0.003897
ttrack: 0.004236
ttrack: 0.003965
ttrack: 0.003909
ttrack: 0.004081
ttrack: 0.004056
ttrack: 0.003951
ttrack: 0.004104
ttrack: 0.004104
ttrack: 0.004039
ttrack: 0.004024
ttrack: 0.003976
ttrack: 0.003944
ttrack: 0.003942
ttrack: 0.003820
ttrack: 0.004065
ttrack: 0.004020
ttrack: 0.003911
ttrack: 0.003953
ttrack: 0.003799
ttrack: 0.004080
ttrack: 0.004008
ttrack: 0.004054
ttrack: 0.003994
ttrack: 0.004044
ttrack: 0.003929
ttrack: 0.003910
ttrack: 0.004138
ttrack: 0.004072
ttrack: 0.004051
ttrack: 0.004141
ttrack: 0.003955
ttrack: 0.003993
ttrack: 0.004054
ttrack: 0.004001
ttrack: 0.003957
ttrack: 0.004229
ttrack: 0.003964
ttrack: 0.004070
ttrack: 0.003942
ttrack: 0.003892
ttrack: 0.003972
ttrack: 0.003903
ttrack: 0.003897
ttrack: 0.003864
ttrack: 0.003913
ttrack: 0.003910
ttrack: 0.003924
ttrack: 0.003876
ttrack: 0.003985
ttrack: 0.004146
ttrack: 0.003998
ttrack: 0.003981
ttrack: 0.003917
ttrack: 0.004116
ttrack: 0.003999
ttrack: 0.004040
ttrack: 0.004093
ttrack: 0.003949
ttrack: 0.003960
ttrack: 0.003916
ttrack: 0.003994
ttrack: 0.004136
ttrack: 0.004051
ttrack: 0.004169
ttrack: 0.004042
ttrack: 0.003930
ttrack: 0.003915
ttrack: 0.004124
ttrack: 0.004164
ttrack: 0.003967
ttrack: 0.003969
ttrack: 0.004053
ttrack: 0.004173
ttrack: 0.004120
ttrack: 0.004008
ttrack: 0.004029
ttrack: 0.004023
ttrack: 0.004040
ttrack: 0.004050
ttrack: 0.003922
ttrack: 0.003926
ttrack: 0.003872
ttrack: 0.003893
ttrack: 0.003924
ttrack: 0.003940
ttrack: 0.003901
ttrack: 0.003947
ttrack: 0.003986
ttrack: 0.004111
ttrack: 0.003993
ttrack: 0.003948
ttrack: 0.003907
ttrack: 0.003886
ttrack: 0.003955
ttrack: 0.003886
ttrack: 0.003937
ttrack: 0.003914
ttrack: 0.003874
ttrack: 0.003912
ttrack: 0.003890
ttrack: 0.003882
ttrack: 0.004017
ttrack: 0.003910
ttrack: 0.003963
ttrack: 0.003938
ttrack: 0.003939
ttrack: 0.003918
ttrack: 0.003961
ttrack: 0.004154
ttrack: 0.004060
ttrack: 0.003997
ttrack: 0.003911
ttrack: 0.004028
ttrack: 0.003986
ttrack: 0.004015
ttrack: 0.003940
ttrack: 0.003904
ttrack: 0.004076
ttrack: 0.003926
ttrack: 0.003901
ttrack: 0.003895
ttrack: 0.003888
ttrack: 0.003900
ttrack: 0.003989
ttrack: 0.003929
ttrack: 0.003972
ttrack: 0.004166
ttrack: 0.003822
ttrack: 0.004117
ttrack: 0.004133
ttrack: 0.004163
ttrack: 0.004046
ttrack: 0.003999
ttrack: 0.004181
ttrack: 0.003956
ttrack: 0.003948
ttrack: 0.004188
ttrack: 0.004201
ttrack: 0.004239
ttrack: 0.004048
ttrack: 0.003907
ttrack: 0.003940
ttrack: 0.003911
ttrack: 0.004010
ttrack: 0.004187
ttrack: 0.004070
ttrack: 0.003931
ttrack: 0.003849
ttrack: 0.004124
ttrack: 0.004117
ttrack: 0.003965
ttrack: 0.004148
ttrack: 0.003958
ttrack: 0.003966
ttrack: 0.004046
ttrack: 0.004000
ttrack: 0.003941
ttrack: 0.004150
ttrack: 0.003991
ttrack: 0.004112
ttrack: 0.004234
ttrack: 0.003984
ttrack: 0.003989
ttrack: 0.004021
ttrack: 0.003930
ttrack: 0.004102
ttrack: 0.004132
ttrack: 0.004049
ttrack: 0.004055
ttrack: 0.004167
ttrack: 0.004150
ttrack: 0.004154
ttrack: 0.004164
ttrack: 0.004099
ttrack: 0.004198
ttrack: 0.003982
ttrack: 0.003979
ttrack: 0.003907
ttrack: 0.004073
ttrack: 0.004132
ttrack: 0.003933
ttrack: 0.003907
ttrack: 0.004123
ttrack: 0.004046
ttrack: 0.004091
ttrack: 0.003956
ttrack: 0.003906
ttrack: 0.003886
ttrack: 0.004015
ttrack: 0.004030
ttrack: 0.003904
ttrack: 0.003911
ttrack: 0.003912
ttrack: 0.003926
ttrack: 0.003914
ttrack: 0.003894
ttrack: 0.003893
ttrack: 0.003916
ttrack: 0.004061
ttrack: 0.003931
ttrack: 0.003927
ttrack: 0.003887
ttrack: 0.003914
ttrack: 0.004045
ttrack: 0.003885
ttrack: 0.003897
ttrack: 0.003950
ttrack: 0.003937
ttrack: 0.003848
ttrack: 0.003895
ttrack: 0.003915
ttrack: 0.003906
ttrack: 0.003878
ttrack: 0.003878
ttrack: 0.003912
ttrack: 0.003910
ttrack: 0.003927
ttrack: 0.004048
ttrack: 0.003884
ttrack: 0.003886
ttrack: 0.003872
ttrack: 0.003913
ttrack: 0.004144
ttrack: 0.004279
ttrack: 0.004084
ttrack: 0.004018
ttrack: 0.004235
ttrack: 0.004130
ttrack: 0.004094
ttrack: 0.004140
ttrack: 0.004123
ttrack: 0.004207
ttrack: 0.004062
ttrack: 0.004020
ttrack: 0.003956
ttrack: 0.003943
ttrack: 0.004076
ttrack: 0.003901
ttrack: 0.003999
ttrack: 0.003921
ttrack: 0.003982
ttrack: 0.004092
ttrack: 0.003939
ttrack: 0.004052
ttrack: 0.004139
ttrack: 0.004007
ttrack: 0.004167
ttrack: 0.003965
ttrack: 0.004010
ttrack: 0.004029
ttrack: 0.004044
ttrack: 0.004116
ttrack: 0.003966
ttrack: 0.003955
ttrack: 0.003893
ttrack: 0.003889
ttrack: 0.003907
ttrack: 0.003892
ttrack: 0.003930
ttrack: 0.004199
ttrack: 0.003990
ttrack: 0.003940
ttrack: 0.003895
ttrack: 0.004049
ttrack: 0.003995
ttrack: 0.003879
ttrack: 0.003887
ttrack: 0.003967
ttrack: 0.003905
ttrack: 0.003933
ttrack: 0.003877
ttrack: 0.004076
ttrack: 0.003971
ttrack: 0.003971
ttrack: 0.004142
ttrack: 0.003950
ttrack: 0.003924
ttrack: 0.003911
ttrack: 0.004044
ttrack: 0.004009
ttrack: 0.003946
ttrack: 0.003913
ttrack: 0.003986
ttrack: 0.003961
ttrack: 0.003943
ttrack: 0.003934
ttrack: 0.004020
ttrack: 0.004095
ttrack: 0.004061
ttrack: 0.004151
ttrack: 0.003795
ttrack: 0.004111
ttrack: 0.003935
ttrack: 0.003915
ttrack: 0.004007
ttrack: 0.004074
ttrack: 0.003898
ttrack: 0.003940
ttrack: 0.004074
ttrack: 0.003933
ttrack: 0.003960
ttrack: 0.003918
ttrack: 0.004049
ttrack: 0.003976
ttrack: 0.003931
ttrack: 0.003861
ttrack: 0.003880
ttrack: 0.003893
ttrack: 0.003854
ttrack: 0.003888
ttrack: 0.003905
ttrack: 0.003926
ttrack: 0.003954
ttrack: 0.003901
ttrack: 0.003883
ttrack: 0.003882
ttrack: 0.003875
ttrack: 0.003895
ttrack: 0.003874
ttrack: 0.003958
ttrack: 0.004266
ttrack: 0.004055
ttrack: 0.004099
ttrack: 0.004022
ttrack: 0.003987
ttrack: 0.004104
ttrack: 0.004080
ttrack: 0.004128
ttrack: 0.004259

ttrack: Caught signal 2, performing custom logic...
serializing
serializing
serializing
[2024-05-05 17:16:33.979] [[32minfo[m] [wamr_interp_frame.cpp:83] function_index 320 ip_offset 42 lp 0x178020e68 sp 0x178020e8c sp_offset 9
2084864 2084896 2084940 2084868 2084952 0 0 0 2084952 
[2024-05-05 17:16:33.979] [[32minfo[m] [wamr_interp_frame.cpp:83] function_index 129 ip_offset 114 lp 0x178020e10 sp 0x178020e2c sp_offset 7
2086800 152558736 4 2084864 0 2084864 4 
[2024-05-05 17:16:33.979] [[32minfo[m] [wamr_interp_frame.cpp:83] function_index 14274 ip_offset 32 lp 0x178020da8 sp 0x178020dd0 sp_offset 10
2 152558760 152558804 0 0 0 0 0 2086800 7 
[2024-05-05 17:16:33.979] [[32minfo[m] [wamr_interp_frame.cpp:83] function_index 14312 ip_offset 27 lp 0x178020d60 sp 0x178020d70 sp_offset 4
2 152558760 2 152558760 
[2024-05-05 17:16:33.979] [[32minfo[m] [wamr_interp_frame.cpp:83] function_index 289 ip_offset 53 lp 0x158080e68 sp 0x158080e88 sp_offset 8
1885888 1885920 1886012 1886008 1885984 1886040 0 1886040 
[2024-05-05 17:16:33.979] [[32minfo[m] [wamr_interp_frame.cpp:83] function_index 128 ip_offset 114 lp 0x158080e10 sp 0x158080e2c sp_offset 7
2088864 152426992 3 1885888 0 1885888 3 
[2024-05-05 17:16:33.979] [[32minfo[m] [wamr_interp_frame.cpp:83] function_index 14274 ip_offset 32 lp 0x158080da8 sp 0x158080dd0 sp_offset 10
1 152427016 152427060 0 0 0 0 0 2088864 6 
[2024-05-05 17:16:33.979] [[32minfo[m] [wamr_interp_frame.cpp:83] function_index 14312 ip_offset 27 lp 0x158080d60 sp 0x158080d70 sp_offset 4
1 152427016 1 152427016 
[2024-05-05 17:16:33.979] [[32minfo[m] [wamr_interp_frame.cpp:83] function_index 9733 ip_offset 9535 lp 0x1500690f4 sp 0x150069180 sp_offset 35
1888324 1 1870944 4294967294 2350336 1339 2580980219 2326229 2350448 4294967292 2350424 2351088 2350420 2350444 2351664 6 63 0 8192 7417 0 1339 0 1 0 9 0 0 1023 2351664 511 3 2580980219 2326229 1339 
[2024-05-05 17:16:33.979] [[32minfo[m] [wamr_interp_frame.cpp:83] function_index 7504 ip_offset 779 lp 0x150069084 sp 0x1500690b0 sp_offset 11
1888272 154674464 0 1870960 8192 8192 1920 1888324 2316240 1888324 1 
[2024-05-05 17:16:33.979] [[32minfo[m] [wamr_interp_frame.cpp:83] function_index 7506 ip_offset 153 lp 0x150069024 sp 0x15006904c sp_offset 10
1888272 1870996 1 480 0 181 1872192 1888272 154674464 0 
[2024-05-05 17:16:33.979] [[32minfo[m] [wamr_interp_frame.cpp:83] function_index 3836 ip_offset 615 lp 0x150068f90 sp 0x150068fdc sp_offset 19
2350096 155021984 1870976 1870996 1870996 1872916 1 1888272 0 2357696 1920 154100384 480 3840 7680 5760 480 1888272 1870996 
[2024-05-05 17:16:33.979] [[32minfo[m] [wamr_interp_frame.cpp:83] function_index 3681 ip_offset 998 lp 0x150068f14 sp 0x150068f48 sp_offset 13
1875452 16 2 1875452 1875152 640 1875296 2350096 0 0 2350096 1875452 1226 
[2024-05-05 17:16:33.979] [[32minfo[m] [wamr_interp_frame.cpp:83] function_index 3680 ip_offset 96 lp 0x150068ebc sp 0x150068edc sp_offset 8
1875452 1875440 4294967295 1875500 1875440 4294967295 2 1875452 
[2024-05-05 17:16:33.979] [[32minfo[m] [wamr_interp_frame.cpp:83] function_index 92 ip_offset 2164 lp 0x150068df8 sp 0x150068e78 sp_offset 32
1875424 1884880 1875312 1875432 1 1875432 31008 2584 1875448 109 1875632 1875612 1875556 0 2584 2583 1875404 1875500 1308 64 162420751 399294 162424876 399294 3770679295 1088369985 0 1067612504 0 1875452 1875440 4294967295 
[2024-05-05 17:16:33.979] [[32minfo[m] [wamr_interp_frame.cpp:83] function_index 13821 ip_offset 109 lp 0x150068da8 sp 0x150068dbc sp_offset 5
1875840 1884880 1884736 5 1884880 
[2024-05-05 17:16:33.979] [[32minfo[m] [wamr_interp_frame.cpp:83] function_index 90 ip_offset 40 lp 0x150068d60 sp 0x150068d64 sp_offset 1
0 
[2024-05-05 17:16:36.609] [[32minfo[m] [wamr.cpp:1001] Snapshot time: 2.62882 s
[2024-05-05 17:16:36.609] [[32minfo[m] [wamr.cpp:1002] Memory usage: 2202 MB
Connection to 169.233.156.215 closed.

