strAssociationFilename: ./associations/fr3_office_val.txt

ORB-SLAM2 Copyright (C) 2014-2016 Raul Mur-Artal, University of Zaragoza.
This program comes with ABSOLUTELY NO WARRANTY;
This is free software, and you are welcome to redistribute it
under certain conditions. See LICENSE.txt.

Input sensor was set to: RGB-D

Loading ORB Vocabulary. This could take a while...
Vocabulary loaded!

1

2

3


Camera Parameters:
- fx: 535.4
- fy: 539.2
- cx: 320.1
- cy: 247.6
- k1: 0
- k2: 0
- p1: 0
- p2: 0
- fps: 30
- color order: RGB (ignored if grayscale)

ORB Extractor Parameters:
- Number of Features: 1000
- Scale Levels: 8
- Scale Factor: 1.2
- Initial Fast Threshold: 20
- Minimum Fast Threshold: 7

Depth Threshold (Close/Far Points): 2.98842
4

5

6

s: ./associations/fr3_office_val.txt

-------
Start processing sequence ...
Images in the sequence: 2584

ttrack: 0.003329
ttrack: 0.004414
ttrack: 0.001954
ttrack: 0.004198
ttrack: 0.003243
ttrack: 0.003978
ttrack: 0.004078
ttrack: 0.003056
ttrack: 0.004219
ttrack: 0.004015
ttrack: 0.003303
ttrack: 0.003443
ttrack: 0.004054
ttrack: 0.003873
ttrack: 0.003168
ttrack: 0.004713
ttrack: 0.003555
ttrack: 0.002660
ttrack: 0.004597
ttrack: 0.006773
ttrack: 0.005036
ttrack: 0.003198
ttrack: 0.004118
ttrack: 0.005389
ttrack: 0.003935
ttrack: 0.002616
ttrack: 0.001820
ttrack: 0.002937
ttrack: 0.003981
ttrack: 0.004283
ttrack: 0.003803
ttrack: 0.001887
ttrack: 0.003950
ttrack: 0.004619
ttrack: 0.004719
ttrack: 0.002908
ttrack: 0.012123
ttrack: 0.003703
ttrack: 0.002853
ttrack: 0.003306
ttrack: 0.003400
ttrack: 0.004242
ttrack: 0.002237
ttrack: 0.001829
ttrack: 0.002951
ttrack: 0.004480
ttrack: 0.003336
ttrack: 0.001989
ttrack: 0.004023
ttrack: 0.002505
ttrack: 0.005378
ttrack: 0.009210
ttrack: 0.003879
ttrack: 0.002018
ttrack: 0.003511
ttrack: 0.001889
ttrack: 0.003501
ttrack: 0.003108
ttrack: 0.001770
ttrack: 0.004117
ttrack: 0.004107
ttrack: 0.003903
ttrack: 0.002256
ttrack: 0.002901
ttrack: 0.004907
ttrack: 0.003289
ttrack: 0.002707
ttrack: 0.002012
ttrack: 0.003305
ttrack: 0.004135
ttrack: 0.002643
ttrack: 0.003737
ttrack: 0.003915
ttrack: 0.003912
ttrack: 0.004519
ttrack: 0.002393
ttrack: 0.003993
ttrack: 0.004872
ttrack: 0.002416
ttrack: 0.003848
ttrack: 0.002443
ttrack: 0.004157
ttrack: 0.003152
ttrack: 0.003443
ttrack: 0.003019
ttrack: 0.003301
ttrack: 0.004075
ttrack: 0.002363
ttrack: 0.004368
ttrack: 0.004618
ttrack: 0.005513
ttrack: 0.003009
ttrack: 0.003310
ttrack: 0.004355
ttrack: 0.003048
ttrack: 0.003386
ttrack: 0.002396
ttrack: 0.003158
ttrack: 0.007266
ttrack: 0.003785
ttrack: 0.003946
ttrack: 0.004254
ttrack: 0.002201
ttrack: 0.005386
ttrack: 0.004812
ttrack: 0.004557
ttrack: 0.001949
ttrack: 0.003333
ttrack: 0.002894
ttrack: 0.002184
ttrack: 0.003575
ttrack: 0.003585
ttrack: 0.003156
ttrack: 0.002264
ttrack: 0.003557
ttrack: 0.004500
ttrack: 0.002006
ttrack: 0.003698
ttrack: 0.003464
ttrack: 0.001890
ttrack: 0.001987
ttrack: 0.002840
ttrack: 0.003634
ttrack: 0.003678
ttrack: 0.001730
ttrack: 0.003982
ttrack: 0.006347
ttrack: 0.005604
ttrack: 0.004180
ttrack: 0.002485
ttrack: 0.003758
ttrack: 0.003529
ttrack: 0.004635
ttrack: 0.003870
ttrack: 0.002085
ttrack: 0.003545
ttrack: 0.004107
ttrack: 0.003777
ttrack: 0.004210
ttrack: 0.002902
ttrack: 0.004287
ttrack: 0.004275
ttrack: 0.003841
ttrack: 0.004503
ttrack: 0.003716
ttrack: 0.002103
ttrack: 0.002710
ttrack: 0.003764
ttrack: 0.002097
ttrack: 0.004183
ttrack: 0.006168
ttrack: 0.002824
ttrack: 0.003147
ttrack: 0.004582
ttrack: 0.003493
ttrack: 0.002971
ttrack: 0.003060
ttrack: 0.004051
ttrack: 0.002069
ttrack: 0.003398
ttrack: 0.004103
ttrack: 0.002917
ttrack: 0.003905
ttrack: 0.004475
ttrack: 0.002806
ttrack: 0.002330
ttrack: 0.003459
ttrack: 0.002264
ttrack: 0.003185
ttrack: 0.001992
ttrack: 0.003693
ttrack: 0.002977
ttrack: 0.002873
ttrack: 0.003768
ttrack: 0.003598
ttrack: 0.004470
ttrack: 0.002819
ttrack: 0.004027
ttrack: 0.002258
ttrack: 0.004165
ttrack: 0.004653
ttrack: 0.004058
ttrack: 0.003942
ttrack: 0.002193
ttrack: 0.005339
ttrack: 0.003681
ttrack: 0.002708
ttrack: 0.002468
ttrack: 0.003001
ttrack: 0.006697
ttrack: 0.004229
ttrack: 0.004992
ttrack: 0.005008
ttrack: 0.002541
ttrack: 0.003900
ttrack: 0.002797
ttrack: 0.002228
ttrack: 0.003607
ttrack: 0.005338
ttrack: 0.004594
ttrack: 0.002902
ttrack: 0.002307
ttrack: 0.002906
ttrack: 0.003516
ttrack: 0.001903
ttrack: 0.002516
ttrack: 0.003402
ttrack: 0.004033
ttrack: 0.003256
ttrack: 0.002249
ttrack: 0.002633
ttrack: 0.003369
ttrack: 0.003427
ttrack: 0.003211
ttrack: 0.002799
ttrack: 0.002906
ttrack: 0.004180
ttrack: 0.003486
ttrack: 0.003424
ttrack: 0.002528
ttrack: 0.004035
ttrack: 0.003188
ttrack: 0.003663
ttrack: 0.002183
ttrack: 0.003403
ttrack: 0.004120
ttrack: 0.001753
ttrack: 0.003150
ttrack: 0.003407
ttrack: 0.002495
ttrack: 0.004376
ttrack: 0.002976
ttrack: 0.002225
ttrack: 0.003329
ttrack: 0.005621
ttrack: 0.003753
ttrack: 0.003207
ttrack: 0.003659
ttrack: 0.005224
ttrack: 0.004431
ttrack: 0.003917
ttrack: 0.004662
ttrack: 0.002349
ttrack: 0.003587
ttrack: 0.005384
ttrack: 0.002423
ttrack: 0.002945
ttrack: 0.005264
ttrack: 0.004426
ttrack: 0.002349
ttrack: 0.003888
ttrack: 0.002834
ttrack: 0.002523
ttrack: 0.002573
ttrack: 0.003805
ttrack: 0.004611
ttrack: 0.001711
ttrack: 0.003763
ttrack: 0.002032
ttrack: 0.003660
ttrack: 0.002861
ttrack: 0.002582
ttrack: 0.003143
ttrack: 0.003277
ttrack: 0.003668
ttrack: 0.003790
ttrack: 0.001718
ttrack: 0.003909
ttrack: 0.002331
ttrack: 0.002257
ttrack: 0.004562
ttrack: 0.004176
ttrack: 0.004500
ttrack: 0.002554
ttrack: 0.002059
ttrack: 0.009914
ttrack: 0.002252
ttrack: 0.002642
ttrack: 0.004281
ttrack: 0.003077
ttrack: 0.001874
ttrack: 0.002621
ttrack: 0.002857
ttrack: 0.001964
ttrack: 0.002770
ttrack: 0.003977
ttrack: 0.001761
ttrack: 0.007806
ttrack: 0.003233
ttrack: 0.002266
ttrack: 0.002166
ttrack: 0.003497
ttrack: 0.004431
ttrack: 0.002458
ttrack: 0.004028
ttrack: 0.003341
ttrack: 0.002897
ttrack: 0.002670
ttrack: 0.001894
ttrack: 0.003949
ttrack: 0.003647
ttrack: 0.001830
ttrack: 0.003945
ttrack: 0.002378
ttrack: 0.002862
ttrack: 0.002874
ttrack: 0.001935
ttrack: 0.002391
ttrack: 0.002131
ttrack: 0.004558
ttrack: 0.002508
ttrack: 0.003891
ttrack: 0.004391
ttrack: 0.002920
ttrack: 0.003603
ttrack: 0.004387
ttrack: 0.002127
ttrack: 0.002776
ttrack: 0.002894
ttrack: 0.003095
ttrack: 0.002138
ttrack: 0.002214
ttrack: 0.002812
ttrack: 0.002667
ttrack: 0.001976
ttrack: 0.002744
ttrack: 0.003651
ttrack: 0.003740
ttrack: 0.003318
ttrack: 0.002976
ttrack: 0.002589
ttrack: 0.004005
ttrack: 0.002844
ttrack: 0.002805
ttrack: 0.001623
ttrack: 0.003587
ttrack: 0.002658
ttrack: 0.004007
ttrack: 0.002190
ttrack: 0.003447
ttrack: 0.012379
ttrack: 0.003556
ttrack: 0.012839
ttrack: 0.003359
ttrack: 0.001949
ttrack: 0.002122
ttrack: 0.003216
ttrack: 0.003587
ttrack: 0.002811
ttrack: 0.003195
ttrack: 0.003466
ttrack: 0.002311
ttrack: 0.002950
ttrack: 0.002965
ttrack: 0.003401
ttrack: 0.003593
ttrack: 0.004059
ttrack: 0.001730
ttrack: 0.003308
ttrack: 0.002073
ttrack: 0.002229
ttrack: 0.002915
ttrack: 0.002529
ttrack: 0.004197
ttrack: 0.002100
ttrack: 0.001876
ttrack: 0.001805
ttrack: 0.001954
ttrack: 0.002113
ttrack: 0.002567
ttrack: 0.002349
ttrack: 0.004875
ttrack: 0.002347
ttrack: 0.002066
ttrack: 0.004823
ttrack: 0.001966
ttrack: 0.003011
ttrack: 0.002500
ttrack: 0.002622
ttrack: 0.003126
ttrack: 0.003279
ttrack: 0.001882
ttrack: 0.003433
ttrack: 0.002455
ttrack: 0.002271
ttrack: 0.004107
ttrack: 0.004290
ttrack: 0.002156
ttrack: 0.002947
ttrack: 0.004093
ttrack: 0.001794
ttrack: 0.003464
ttrack: 0.004738
ttrack: 0.001869
ttrack: 0.002808
ttrack: 0.003630
ttrack: 0.004432
ttrack: 0.003337
ttrack: 0.003350
ttrack: 0.002520
ttrack: 0.001743
ttrack: 0.003773
ttrack: 0.002527
ttrack: 0.001757
ttrack: 0.001837
ttrack: 0.002639
ttrack: 0.002683
ttrack: 0.003134
ttrack: 0.006441
ttrack: 0.002259
ttrack: 0.003985
ttrack: 0.003087
ttrack: 0.003152
ttrack: 0.003633
ttrack: 0.002749
ttrack: 0.002615
ttrack: 0.002730
ttrack: 0.001773
ttrack: 0.004184
ttrack: 0.003074
ttrack: 0.003341
ttrack: 0.002375
ttrack: 0.002226
ttrack: 0.001945
ttrack: 0.001876
ttrack: 0.002578
ttrack: 0.003138
ttrack: 0.004060
ttrack: 0.003456
ttrack: 0.003074
ttrack: 0.002101
ttrack: 0.003737
ttrack: 0.003084
ttrack: 0.002568
ttrack: 0.002273
ttrack: 0.003410
ttrack: 0.002011
ttrack: 0.003984
ttrack: 0.002368
ttrack: 0.003666
ttrack: 0.001824
ttrack: 0.004186
ttrack: 0.001982
ttrack: 0.002802
ttrack: 0.003562
ttrack: 0.003240
ttrack: 0.002578
ttrack: 0.004607
ttrack: 0.002542
ttrack: 0.003183
ttrack: 0.002602
ttrack: 0.002487
ttrack: 0.003090
ttrack: 0.003248
ttrack: 0.002677
ttrack: 0.004045
ttrack: 0.003059
ttrack: 0.002908
ttrack: 0.003670
ttrack: 0.003619
ttrack: 0.002479
ttrack: 0.003983
ttrack: 0.004071
ttrack: 0.003048
ttrack: 0.003976
ttrack: 0.001911
ttrack: 0.003630
ttrack: 0.002808
ttrack: 0.003245
ttrack: 0.002143
ttrack: 0.002408
ttrack: 0.002873
ttrack: 0.002982
ttrack: 0.005280
ttrack: 0.004839
ttrack: 0.003194
ttrack: 0.003659
ttrack: 0.004011
ttrack: 0.003646
ttrack: 0.003148
ttrack: 0.003975
ttrack: 0.007433
ttrack: 0.001912
ttrack: 0.005080
ttrack: 0.004444
ttrack: 0.014117
ttrack: 0.006713
ttrack: 0.003012
ttrack: 0.003074
ttrack: 0.001801
ttrack: 0.002547
ttrack: 0.002771
ttrack: 0.002878
ttrack: 0.004255
ttrack: 0.004791
ttrack: 0.002940
ttrack: 0.003275
ttrack: 0.003282
ttrack: 0.003600
ttrack: 0.013113
ttrack: 0.003004
ttrack: 0.002309
ttrack: 0.004672
ttrack: 0.003813
ttrack: 0.001920
ttrack: 0.001875
ttrack: 0.002121
ttrack: 0.004737
ttrack: 0.002543
ttrack: 0.002373
ttrack: 0.003791
ttrack: 0.001961
ttrack: 0.003583
ttrack: 0.003509
ttrack: 0.001871
ttrack: 0.005903
ttrack: 0.002568
ttrack: 0.003496
ttrack: 0.002934
ttrack: 0.002248
ttrack: 0.001743
ttrack: 0.003557
ttrack: 0.002390
ttrack: 0.003764
ttrack: 0.002619
ttrack: 0.003110
ttrack: 0.002341
ttrack: 0.003318
ttrack: 0.003332
ttrack: 0.002246
ttrack: 0.002697
ttrack: 0.003428
ttrack: 0.003841
ttrack: 0.001991
ttrack: 0.001679
ttrack: 0.003261
ttrack: 0.002242
ttrack: 0.002037
ttrack: 0.001785
ttrack: 0.003008
ttrack: 0.004047
ttrack: 0.003478
ttrack: 0.003906
ttrack: 0.003190
ttrack: 0.002395
ttrack: 0.005513
ttrack: 0.003891
ttrack: 0.003980
ttrack: 0.001994
ttrack: 0.003174
ttrack: 0.003564
ttrack: 0.004154
ttrack: 0.003044
ttrack: 0.003593
ttrack: 0.002695
ttrack: 0.002568
ttrack: 0.002228
ttrack: 0.004855
ttrack: 0.004363
ttrack: 0.003610
ttrack: 0.002867
ttrack: 0.001853
ttrack: 0.002381
ttrack: 0.001936
ttrack: 0.002407
ttrack: 0.003308
ttrack: 0.003812
ttrack: 0.005355
ttrack: 0.001925
ttrack: 0.002130
ttrack: 0.004002
ttrack: 0.002414
ttrack: 0.004307
ttrack: 0.003983
ttrack: 0.002901
ttrack: 0.003392
ttrack: 0.004357
ttrack: 0.002440
ttrack: 0.001910
ttrack: 0.003392
ttrack: 0.002483
ttrack: 0.002760
ttrack: 0.004482
ttrack: 0.001797
ttrack: 0.001930
ttrack: 0.001706
ttrack: 0.002871
ttrack: 0.002289
ttrack: 0.004116
ttrack: 0.002544
ttrack: 0.003249
ttrack: 0.004276
ttrack: 0.001900
ttrack: 0.002161
ttrack: 0.003886
ttrack: 0.001780
ttrack: 0.003323
ttrack: 0.003002
ttrack: 0.001780
ttrack: 0.002456
ttrack: 0.003234
ttrack: 0.003826
ttrack: 0.002826
ttrack: 0.003785
ttrack: 0.001687
ttrack: 0.003568
ttrack: 0.002000
ttrack: 0.003015
ttrack: 0.002595
ttrack: 0.002320
ttrack: 0.003972
ttrack: 0.002435
ttrack: 0.003094
ttrack: 0.003895
ttrack: 0.003329
ttrack: 0.004608
ttrack: 0.003873
ttrack: 0.003745
ttrack: 0.004436
ttrack: 0.003924
ttrack: 0.003305
ttrack: 0.002221
ttrack: 0.003954
ttrack: 0.004188
ttrack: 0.002856
ttrack: 0.003979
ttrack: 0.002094
ttrack: 0.002093
ttrack: 0.002865
ttrack: 0.005027
ttrack: 0.002898
ttrack: 0.004340
ttrack: 0.008940
ttrack: 0.002193
ttrack: 0.003448
ttrack: 0.004071
ttrack: 0.003277
ttrack: 0.004478
ttrack: 0.002755
ttrack: 0.003283
ttrack: 0.003387
ttrack: 0.004000
ttrack: 0.004468
ttrack: 0.003867
ttrack: 0.003647
ttrack: 0.005676
ttrack: 0.004066
ttrack: 0.002087
ttrack: 0.004135
ttrack: 0.003632
ttrack: 0.003443
ttrack: 0.002533
ttrack: 0.003818
ttrack: 0.004386
ttrack: 0.005564
ttrack: 0.002825
ttrack: 0.003308
ttrack: 0.001846
ttrack: 0.003388
ttrack: 0.002983
ttrack: 0.004106
ttrack: 0.003063
ttrack: 0.007795
ttrack: 0.001738
ttrack: 0.002815
ttrack: 0.003695
ttrack: 0.004265
ttrack: 0.004049
ttrack: 0.003912
ttrack: 0.003614
ttrack: 0.004166
ttrack: 0.003234
ttrack: 0.001732
ttrack: 0.003747
ttrack: 0.003957
ttrack: 0.004145
ttrack: 0.002914
ttrack: 0.004880
ttrack: 0.004157
ttrack: 0.003793
ttrack: 0.002158
ttrack: 0.003119
ttrack: 0.003933
ttrack: 0.002752
ttrack: 0.004949
ttrack: 0.002429
ttrack: 0.004730
ttrack: 0.004429
ttrack: 0.005170
ttrack: 0.002535
ttrack: 0.002137
ttrack: 0.002553
ttrack: 0.002920
ttrack: 0.002919
ttrack: 0.002341
ttrack: 0.002187
ttrack: 0.003694
ttrack: 0.001980
ttrack: 0.002492
ttrack: 0.003211
ttrack: 0.002779
ttrack: 0.002932
ttrack: 0.007030
ttrack: 0.003492
ttrack: 0.001723
ttrack: 0.007950
ttrack: 0.002117
ttrack: 0.002839
ttrack: 0.005148
ttrack: 0.002492
ttrack: 0.004825
ttrack: 0.002955
ttrack: 0.005210
ttrack: 0.004248
ttrack: 0.002615
ttrack: 0.004817
ttrack: 0.003368
ttrack: 0.002349
ttrack: 0.002576
ttrack: 0.002742
ttrack: 0.002379
ttrack: 0.002276
ttrack: 0.002952
ttrack: 0.004067
ttrack: 0.003865
ttrack: 0.003971
ttrack: 0.003999
ttrack: 0.002851
ttrack: 0.001806
ttrack: 0.002791
ttrack: 0.003775
ttrack: 0.003951
ttrack: 0.003373
ttrack: 0.003259
ttrack: 0.002434
ttrack: 0.002360
ttrack: 0.002975
ttrack: 0.002582
ttrack: 0.002561
ttrack: 0.003995
ttrack: 0.003803
ttrack: 0.002358
ttrack: 0.003633
ttrack: 0.002103
ttrack: 0.004218
ttrack: 0.002720
ttrack: 0.003629
ttrack: 0.003787
ttrack: 0.002679
ttrack: 0.004558
ttrack: 0.002773
ttrack: 0.003047
ttrack: 0.003453
ttrack: 0.002693
ttrack: 0.005396
ttrack: 0.004414
ttrack: 0.002061
ttrack: 0.002979
ttrack: 0.003225
ttrack: 0.003014
ttrack: 0.003086
ttrack: 0.004089
ttrack: 0.003423
ttrack: 0.003694
ttrack: 0.001825
ttrack: 0.004955
ttrack: 0.002623
ttrack: 0.002928
ttrack: 0.003981
ttrack: 0.002720
ttrack: 0.004150
ttrack: 0.002820
ttrack: 0.003007
ttrack: 0.001992
ttrack: 0.003741
ttrack: 0.002091
ttrack: 0.004187
ttrack: 0.001834
ttrack: 0.005089
ttrack: 0.003888
ttrack: 0.001959
ttrack: 0.003572
ttrack: 0.003203
ttrack: 0.001930
ttrack: 0.003454
ttrack: 0.002488
ttrack: 0.003825
ttrack: 0.003885
ttrack: 0.004215
ttrack: 0.001640
ttrack: 0.004578
ttrack: 0.004293
ttrack: 0.002897
ttrack: 0.003958
ttrack: 0.004178
ttrack: 0.004242
ttrack: 0.001913
ttrack: 0.001843
ttrack: 0.002946
ttrack: 0.003640
ttrack: 0.003285
ttrack: 0.006871
ttrack: 0.002328
ttrack: 0.006385
ttrack: 0.002169
ttrack: 0.002289
ttrack: 0.002693
ttrack: 0.003836
ttrack: 0.002106
ttrack: 0.002626
ttrack: 0.003139
ttrack: 0.002578
ttrack: 0.003933
ttrack: 0.002605
ttrack: 0.004226
ttrack: 0.002148
ttrack: 0.003871
ttrack: 0.003740
ttrack: 0.002431
ttrack: 0.002314
ttrack: 0.003756
ttrack: 0.003331
ttrack: 0.003097
ttrack: 0.002683
ttrack: 0.002588
ttrack: 0.002965
ttrack: 0.002060
ttrack: 0.002680
ttrack: 0.003849
ttrack: 0.001893
ttrack: 0.001960
ttrack: 0.002124
ttrack: 0.002532
ttrack: 0.003546
ttrack: 0.002598
ttrack: 0.003286
ttrack: 0.002911
ttrack: 0.003974
ttrack: 0.004078
ttrack: 0.006586
ttrack: 0.002699
ttrack: 0.005530
ttrack: 0.002822
ttrack: 0.001730
ttrack: 0.004745
ttrack: 0.002048
ttrack: 0.002848
ttrack: 0.001824
ttrack: 0.002748
ttrack: 0.002716
ttrack: 0.003327
ttrack: 0.003208
ttrack: 0.006368
ttrack: 0.004653
ttrack: 0.003127
ttrack: 0.003130
ttrack: 0.003528
ttrack: 0.005577
ttrack: 0.002762
ttrack: 0.012543
ttrack: 0.002822
ttrack: 0.003229
ttrack: 0.004304
ttrack: 0.003984
ttrack: 0.003324
ttrack: 0.002176
ttrack: 0.001734
ttrack: 0.002169
ttrack: 0.002419
ttrack: 0.002889
ttrack: 0.002422
ttrack: 0.004155
ttrack: 0.003390
ttrack: 0.004218
ttrack: 0.003660
ttrack: 0.002269
ttrack: 0.002686
ttrack: 0.002003
ttrack: 0.002580
ttrack: 0.002423
ttrack: 0.002597
ttrack: 0.003413
ttrack: 0.002897
ttrack: 0.004808
ttrack: 0.002734
ttrack: 0.003095
ttrack: 0.002890
ttrack: 0.001756
ttrack: 0.002414
ttrack: 0.003768
ttrack: 0.002794
ttrack: 0.003186
ttrack: 0.003203
ttrack: 0.004400
ttrack: 0.003046
ttrack: 0.002635
ttrack: 0.003176
ttrack: 0.003991
ttrack: 0.003475
ttrack: 0.003715
ttrack: 0.003134
ttrack: 0.004170
ttrack: 0.003941
ttrack: 0.001748
ttrack: 0.001929
ttrack: 0.002493
ttrack: 0.002193
ttrack: 0.003518
ttrack: 0.003118
ttrack: 0.002567
ttrack: 0.002605
ttrack: 0.003458
ttrack: 0.001803
ttrack: 0.003692
ttrack: 0.001873
ttrack: 0.004202
ttrack: 0.002845
ttrack: 0.003774
ttrack: 0.001785
ttrack: 0.002597
ttrack: 0.003029
ttrack: 0.003935
ttrack: 0.004170
ttrack: 0.002969
ttrack: 0.002240
ttrack: 0.003868
ttrack: 0.004040
ttrack: 0.002821
ttrack: 0.001817
ttrack: 0.001765
ttrack: 0.002106
ttrack: 0.003235
ttrack: 0.002307
ttrack: 0.019029
ttrack: 0.001697
ttrack: 0.001896
ttrack: 0.002448
ttrack: 0.001787
ttrack: 0.002699
ttrack: 0.002634
ttrack: 0.003931
ttrack: 0.003762
ttrack: 0.003991
ttrack: 0.002160
ttrack: 0.010039
ttrack: 0.001878
ttrack: 0.001895
ttrack: 0.002645
ttrack: 0.003901
ttrack: 0.003169
ttrack: 0.002781
ttrack: 0.004559
ttrack: 0.005266
ttrack: 0.002067
ttrack: 0.002607
ttrack: 0.003863
ttrack: 0.004404
ttrack: 0.004066
ttrack: 0.001924
ttrack: 0.002517
ttrack: 0.002294
ttrack: 0.003011
ttrack: 0.003259
ttrack: 0.002772
ttrack: 0.003048
ttrack: 0.002563
ttrack: 0.004070
ttrack: 0.003751
ttrack: 0.004314
ttrack: 0.002938
ttrack: 0.002887
ttrack: 0.001815
ttrack: 0.004295
ttrack: 0.003836
ttrack: 0.003941
ttrack: 0.003348
ttrack: 0.004593
ttrack: 0.003164
ttrack: 0.002625
ttrack: 0.002911
ttrack: 0.002419
ttrack: 0.002599
ttrack: 0.002930
ttrack: 0.002877
ttrack: 0.001743
ttrack: 0.002412
ttrack: 0.003303
ttrack: 0.003413
ttrack: 0.003595
ttrack: 0.003433
ttrack: 0.003302
ttrack: 0.003791
ttrack: 0.003662
ttrack: 0.004239
ttrack: 0.003219
ttrack: 0.003089
ttrack: 0.002356
ttrack: 0.001754
ttrack: 0.002296
ttrack: 0.003575
ttrack: 0.003436
ttrack: 0.002360
ttrack: 0.002223
ttrack: 0.004229
ttrack: 0.002965
ttrack: 0.004154
ttrack: 0.004301
ttrack: 0.003371
ttrack: 0.002109
ttrack: 0.003094
ttrack: 0.004363
ttrack: 0.003746
ttrack: 0.004121
ttrack: 0.002015
ttrack: 0.003637
ttrack: 0.002707
ttrack: 0.002020
ttrack: 0.003439
ttrack: 0.003083
ttrack: 0.002486
ttrack: 0.004973
ttrack: 0.002825
ttrack: 0.002493
ttrack: 0.002987
ttrack: 0.004664
ttrack: 0.003750
ttrack: 0.003945
ttrack: 0.002710
ttrack: 0.003861
ttrack: 0.002304
ttrack: 0.002127
ttrack: 0.004710
ttrack: 0.002720
ttrack: 0.002225
ttrack: 0.003856
ttrack: 0.003856
ttrack: 0.003251
ttrack: 0.001969
ttrack: 0.002038
ttrack: 0.002578
ttrack: 0.003925
ttrack: 0.004184
ttrack: 0.003367
ttrack: 0.006851
ttrack: 0.002855
ttrack: 0.003734
ttrack: 0.003646
ttrack: 0.002370
ttrack: 0.003637
ttrack: 0.003860
ttrack: 0.004526
ttrack: 0.004270
ttrack: 0.003322
ttrack: 0.003588
ttrack: 0.004075
ttrack: 0.005647
ttrack: 0.002872
ttrack: 0.002390
ttrack: 0.002789
ttrack: 0.004590
ttrack: 0.002775
ttrack: 0.002067
ttrack: 0.003236
ttrack: 0.002241
ttrack: 0.002234
ttrack: 0.002537
ttrack: 0.003027
ttrack: 0.003971
ttrack: 0.003024
ttrack: 0.001694
ttrack: 0.004372
ttrack: 0.003947
ttrack: 0.004089
ttrack: 0.004622
ttrack: 0.004208
ttrack: 0.005116
ttrack: 0.003148
ttrack: 0.002276
ttrack: 0.003687
ttrack: 0.003464
ttrack: 0.004298
ttrack: 0.004656
ttrack: 0.003787
ttrack: 0.003520
ttrack: 0.002612
ttrack: 0.002840
ttrack: 0.002912
ttrack: 0.004287
ttrack: 0.002870
ttrack: 0.004081
ttrack: 0.002829
ttrack: 0.002084
ttrack: 0.002535
ttrack: 0.002676
ttrack: 0.002042
ttrack: 0.003006
ttrack: 0.002688
ttrack: 0.002706
ttrack: 0.003153
ttrack: 0.002916
ttrack: 0.002861
ttrack: 0.003002
ttrack: 0.002435
ttrack: 0.002975
ttrack: 0.003659
ttrack: 0.003788
ttrack: 0.002688
ttrack: 0.004049
ttrack: 0.002470
ttrack: 0.004025
ttrack: 0.003696
ttrack: 0.004650
ttrack: 0.003545
ttrack: 0.002893
ttrack: 0.003701
ttrack: 0.001816
ttrack: 0.003314
ttrack: 0.002659
ttrack: 0.003049
ttrack: 0.004278
ttrack: 0.004375
ttrack: 0.002708
ttrack: 0.025287
ttrack: 0.003368
ttrack: 0.002748
ttrack: 0.003483
ttrack: 0.003297
ttrack: 0.003271
ttrack: 0.002455
ttrack: 0.003273
ttrack: 0.004713
ttrack: 0.003358
ttrack: 0.005695
ttrack: 0.005694
ttrack: 0.003444
ttrack: 0.005252
ttrack: 0.003647
ttrack: 0.003744
ttrack: 0.002425
ttrack: 0.002946
ttrack: 0.003915
ttrack: 0.003660
ttrack: 0.004003
ttrack: 0.001701
ttrack: 0.003259
ttrack: 0.003192
ttrack: 0.003283
ttrack: 0.004633
ttrack: 0.002758
ttrack: 0.003406
ttrack: 0.002690
ttrack: 0.003860
ttrack: 0.003547
ttrack: 0.003959
ttrack: 0.002256
ttrack: 0.003507
ttrack: 0.002764
ttrack: 0.002228
ttrack: 0.004688
ttrack: 0.004250
ttrack: 0.004390
ttrack: 0.003840
ttrack: 0.003989
ttrack: 0.004212
ttrack: 0.004644
ttrack: 0.003261
ttrack: 0.002674
ttrack: 0.002663
ttrack: 0.004447
ttrack: 0.003243
ttrack: 0.003023
ttrack: 0.003926
ttrack: 0.005576
ttrack: 0.003747
ttrack: 0.003351
ttrack: 0.002456
ttrack: 0.003595
ttrack: 0.002356
ttrack: 0.003020
ttrack: 0.003660
ttrack: 0.003318
ttrack: 0.003001
ttrack: 0.002833
ttrack: 0.004584
ttrack: 0.005042
ttrack: 0.003660
ttrack: 0.004423
ttrack: 0.003652
ttrack: 0.005131
ttrack: 0.003015
ttrack: 0.001901
ttrack: 0.005336
ttrack: 0.002535
ttrack: 0.002398
ttrack: 0.003976
ttrack: 0.003756
ttrack: 0.003372
ttrack: 0.004984
ttrack: 0.003796
ttrack: 0.003173
ttrack: 0.002905
ttrack: 0.003482
ttrack: 0.004034
ttrack: 0.003641
ttrack: 0.001949
ttrack: 0.006613
ttrack: 0.004323
ttrack: 0.004767
ttrack: 0.003835
ttrack: 0.003442
ttrack: 0.003001
ttrack: 0.004617
ttrack: 0.005605
ttrack: 0.002186
ttrack: 0.004988
ttrack: 0.003441
ttrack: 0.003761
ttrack: 0.003354
ttrack: 0.003372
ttrack: 0.002975
ttrack: 0.003167
ttrack: 0.006296
ttrack: 0.003721
ttrack: 0.003053
ttrack: 0.002897
ttrack: 0.004784
ttrack: 0.004207
ttrack: 0.003382
ttrack: 0.003947
ttrack: 0.003803
ttrack: 0.002370
ttrack: 0.004535
ttrack: 0.003035
ttrack: 0.003807
ttrack: 0.003133
ttrack: 0.005127
ttrack: 0.001948
ttrack: 0.003086
ttrack: 0.003810
ttrack: 0.003649
ttrack: 0.005067
ttrack: 0.002914
ttrack: 0.004160
ttrack: 0.002822
ttrack: 0.002098
ttrack: 0.002547
ttrack: 0.002312
ttrack: 0.011575
ttrack: 0.003579
ttrack: 0.004009
ttrack: 0.003113
ttrack: 0.003246
ttrack: 0.001663
ttrack: 0.003229
ttrack: 0.004024
ttrack: 0.003887
ttrack: 0.002331
ttrack: 0.002380
ttrack: 0.004948
ttrack: 0.003218
ttrack: 0.003164
ttrack: 0.003890
ttrack: 0.002338
ttrack: 0.001882
ttrack: 0.004344
ttrack: 0.003118
ttrack: 0.004067
ttrack: 0.002335
ttrack: 0.004401
ttrack: 0.003999
ttrack: 0.003163
ttrack: 0.003311
ttrack: 0.002560
ttrack: 0.006065
ttrack: 0.003184
ttrack: 0.004007
ttrack: 0.003043
ttrack: 0.003139
ttrack: 0.003882
ttrack: 0.004062
ttrack: 0.003975
ttrack: 0.004051
ttrack: 0.002239
ttrack: 0.002793
ttrack: 0.003214
ttrack: 0.004401
ttrack: 0.004181
ttrack: 0.002443
ttrack: 0.005093
ttrack: 0.001998
ttrack: 0.003182
ttrack: 0.003020
ttrack: 0.004723
ttrack: 0.003898
ttrack: 0.002887
ttrack: 0.003072
ttrack: 0.003160
ttrack: 0.004304
ttrack: 0.002233
ttrack: 0.005762
ttrack: 0.002590
ttrack: 0.004964
ttrack: 0.003339
ttrack: 0.002615
ttrack: 0.002987
ttrack: 0.002403
ttrack: 0.003866
ttrack: 0.003765
ttrack: 0.003246
ttrack: 0.001917
ttrack: 0.002510
ttrack: 0.001959
ttrack: 0.003769
ttrack: 0.002455
ttrack: 0.004427
ttrack: 0.003998
ttrack: 0.002254
ttrack: 0.003755
ttrack: 0.001960
ttrack: 0.003351
ttrack: 0.003228
ttrack: 0.003974
ttrack: 0.002692
ttrack: 0.002173
ttrack: 0.002419
ttrack: 0.003796
ttrack: 0.003800
ttrack: 0.004033
ttrack: 0.004013
ttrack: 0.002506
ttrack: 0.003857
ttrack: 0.007279
ttrack: 0.002946
ttrack: 0.002370
ttrack: 0.002539
ttrack: 0.002549
ttrack: 0.003891
ttrack: 0.004923
ttrack: 0.002360
ttrack: 0.003417
ttrack: 0.001775
ttrack: 0.002709
ttrack: 0.001858
ttrack: 0.002132
ttrack: 0.006237
ttrack: 0.003582
ttrack: 0.002651
ttrack: 0.005352
ttrack: 0.002457
ttrack: 0.002235
ttrack: 0.003635
ttrack: 0.005315
ttrack: 0.003680
ttrack: 0.003054
ttrack: 0.003501
ttrack: 0.002984
ttrack: 0.003101
ttrack: 0.001779
ttrack: 0.004550
ttrack: 0.003628
ttrack: 0.003195
ttrack: 0.003403
ttrack: 0.004873
ttrack: 0.004188
ttrack: 0.004408
ttrack: 0.002052
ttrack: 0.004182
ttrack: 0.002958
ttrack: 0.001746
ttrack: 0.001964
ttrack: 0.001985
ttrack: 0.003532
ttrack: 0.004420
ttrack: 0.003737
ttrack: 0.002301
ttrack: 0.003039
ttrack: 0.002821
ttrack: 0.004776
ttrack: 0.003399
ttrack: 0.001593
ttrack: 0.004038
ttrack: 0.002292
ttrack: 0.012421
ttrack: 0.002685
ttrack: 0.003098
ttrack: 0.004126
ttrack: 0.001868
ttrack: 0.003285
ttrack: 0.001732
ttrack: 0.002036
ttrack: 0.002310
ttrack: 0.003776
ttrack: 0.002704
ttrack: 0.002575
ttrack: 0.002081
ttrack: 0.002380
ttrack: 0.001995
ttrack: 0.002029
ttrack: 0.003421
ttrack: 0.003036
ttrack: 0.002239
ttrack: 0.002387
ttrack: 0.002786
ttrack: 0.001910
ttrack: 0.002422
ttrack: 0.003561
ttrack: 0.003573
ttrack: 0.002726
ttrack: 0.005079
ttrack: 0.004438
ttrack: 0.002346
ttrack: 0.002231
ttrack: 0.002751
ttrack: 0.002532
ttrack: 0.003162
ttrack: 0.002966
ttrack: 0.002701
ttrack: 0.002956
ttrack: 0.001935
ttrack: 0.002705
ttrack: 0.003281
ttrack: 0.003806
ttrack: 0.002819
ttrack: 0.003710
ttrack: 0.003911
ttrack: 0.002746
ttrack: 0.002143
ttrack: 0.002115
ttrack: 0.004153
ttrack: 0.003924
ttrack: 0.002974
ttrack: 0.003769
ttrack: 0.002280
ttrack: 0.007399
ttrack: 0.004423
ttrack: 0.003804
ttrack: 0.004070
ttrack: 0.002344
ttrack: 0.003333
ttrack: 0.002347
ttrack: 0.004056
ttrack: 0.003336
ttrack: 0.002965
ttrack: 0.002686
ttrack: 0.003241
ttrack: 0.003311
ttrack: 0.002183
ttrack: 0.002906
ttrack: 0.002495
ttrack: 0.001674
ttrack: 0.002948
ttrack: 0.003163
ttrack: 0.003560
ttrack: 0.002739
ttrack: 0.001922
ttrack: 0.002723
ttrack: 0.003846
ttrack: 0.001800
ttrack: 0.002172
ttrack: 0.002136
ttrack: 0.003127
ttrack: 0.003322
ttrack: 0.002849
ttrack: 0.003206
ttrack: 0.004071
ttrack: 0.002186
ttrack: 0.017549
ttrack: 0.004336
ttrack: 0.003387
ttrack: 0.002575
ttrack: 0.003011
ttrack: 0.002593
ttrack: 0.002591
ttrack: 0.002245
ttrack: 0.004051
ttrack: 0.003085
ttrack: 0.003070
ttrack: 0.001971
ttrack: 0.003657
ttrack: 0.003686
ttrack: 0.004591
ttrack: 0.004228
ttrack: 0.002747
ttrack: 0.004336
ttrack: 0.003608
ttrack: 0.004012
ttrack: 0.004195
ttrack: 0.001963
ttrack: 0.002821
ttrack: 0.003386
ttrack: 0.002925
ttrack: 0.003031
ttrack: 0.001947
ttrack: 0.002685
ttrack: 0.001975
ttrack: 0.003983
ttrack: 0.001752
ttrack: 0.003976
ttrack: 0.002605
ttrack: 0.002076
ttrack: 0.003354
ttrack: 0.002808
ttrack: 0.001821
ttrack: 0.002934
ttrack: 0.004159
ttrack: 0.004462
ttrack: 0.001758
ttrack: 0.001685
ttrack: 0.004552
ttrack: 0.002423
ttrack: 0.006061
ttrack: 0.003393
ttrack: 0.003245
ttrack: 0.004019
ttrack: 0.003861
ttrack: 0.003393
ttrack: 0.002985
ttrack: 0.003959
ttrack: 0.002384
ttrack: 0.002697
ttrack: 0.003066
ttrack: 0.002971
ttrack: 0.003120
ttrack: 0.003954
ttrack: 0.003221
ttrack: 0.002524
ttrack: 0.007063
ttrack: 0.003848
ttrack: 0.002540
ttrack: 0.004610
ttrack: 0.003164
ttrack: 0.001969
ttrack: 0.003995
ttrack: 0.003252
ttrack: 0.004138
ttrack: 0.002346
ttrack: 0.003379
ttrack: 0.005542
ttrack: 0.002746
ttrack: 0.003936
ttrack: 0.002459
ttrack: 0.003333
ttrack: 0.003861
ttrack: 0.003446
ttrack: 0.003548
ttrack: 0.002854
ttrack: 0.002904
ttrack: 0.002764
ttrack: 0.003004
ttrack: 0.004908
ttrack: 0.002683
ttrack: 0.004437
ttrack: 0.002443
ttrack: 0.003240
ttrack: 0.005520
ttrack: 0.002813
ttrack: 0.003594
ttrack: 0.002155
ttrack: 0.002969
ttrack: 0.003722
ttrack: 0.002542
ttrack: 0.004181
ttrack: 0.003067
ttrack: 0.003341
ttrack: 0.003381
ttrack: 0.002742
ttrack: 0.003707
ttrack: 0.004099
ttrack: 0.004459
ttrack: 0.003153
ttrack: 0.003586
ttrack: 0.004020
ttrack: 0.003877
ttrack: 0.003561
ttrack: 0.004901
ttrack: 0.002361
ttrack: 0.005477
ttrack: 0.002874
ttrack: 0.003737
ttrack: 0.006452
ttrack: 0.003370
ttrack: 0.002976
ttrack: 0.004257
ttrack: 0.003298
ttrack: 0.003067
ttrack: 0.002846
ttrack: 0.013915
ttrack: 0.002620
ttrack: 0.004112
ttrack: 0.003476
ttrack: 0.004601
ttrack: 0.003657
ttrack: 0.003543
ttrack: 0.003441
ttrack: 0.003545
ttrack: 0.003250
ttrack: 0.004292
ttrack: 0.002562
ttrack: 0.003501
ttrack: 0.002109
ttrack: 0.004492
ttrack: 0.007044
ttrack: 0.002289
ttrack: 0.003631
ttrack: 0.003621
ttrack: 0.002558
ttrack: 0.003238
ttrack: 0.004063
ttrack: 0.003412
ttrack: 0.002153
ttrack: 0.003008
ttrack: 0.001969
ttrack: 0.003157
ttrack: 0.002179
ttrack: 0.005387
ttrack: 0.003075
ttrack: 0.003063
ttrack: 0.002419
ttrack: 0.006341
ttrack: 0.004307
ttrack: 0.002210
ttrack: 0.003375
ttrack: 0.003601
ttrack: 0.003498
ttrack: 0.003949
ttrack: 0.005704
ttrack: 0.003244
ttrack: 0.002638
ttrack: 0.003840
ttrack: 0.005576
ttrack: 0.001881
ttrack: 0.002295
ttrack: 0.002557
ttrack: 0.002523
ttrack: 0.002385
ttrack: 0.003492
ttrack: 0.002706
ttrack: 0.002277
ttrack: 0.002329
ttrack: 0.003020
ttrack: 0.003037
ttrack: 0.004287
ttrack: 0.001813
ttrack: 0.002400
ttrack: 0.003348
ttrack: 0.003936
ttrack: 0.002245
ttrack: 0.002858
ttrack: 0.002627
ttrack: 0.003985
ttrack: 0.002141
ttrack: 0.003876
ttrack: 0.004258
ttrack: 0.005128
ttrack: 0.004473
ttrack: 0.003782
ttrack: 0.002730
ttrack: 0.001988
ttrack: 0.002150
ttrack: 0.004464
ttrack: 0.001801
ttrack: 0.001763
ttrack: 0.002113
ttrack: 0.004062
ttrack: 0.002282
ttrack: 0.004190
ttrack: 0.003857
ttrack: 0.001968
ttrack: 0.004324
ttrack: 0.002638
ttrack: 0.002087
ttrack: 0.003329
ttrack: 0.002228
ttrack: 0.003072
ttrack: 0.002813
ttrack: 0.004246
ttrack: 0.001752
ttrack: 0.002362
ttrack: 0.004141
ttrack: 0.003152
ttrack: 0.002843
ttrack: 0.001791
ttrack: 0.002338
ttrack: 0.002060
ttrack: 0.002797
ttrack: 0.002156
ttrack: 0.004589
ttrack: 0.002765
ttrack: 0.005609
ttrack: 0.001850
ttrack: 0.001790
ttrack: 0.001902
ttrack: 0.002325
ttrack: 0.003844
ttrack: 0.002473
ttrack: 0.001882
ttrack: 0.002146
ttrack: 0.002848
ttrack: 0.002060
ttrack: 0.002465
ttrack: 0.002667
ttrack: 0.003419
ttrack: 0.003426
ttrack: 0.002234
ttrack: 0.002812
ttrack: 0.002567
ttrack: 0.002251
ttrack: 0.002643
ttrack: 0.002099
ttrack: 0.001734
ttrack: 0.003128
ttrack: 0.004064
ttrack: 0.003002
ttrack: 0.006783
ttrack: 0.002849
ttrack: 0.003008
ttrack: 0.002974
ttrack: 0.002824
ttrack: 0.002724
ttrack: 0.005011
ttrack: 0.003780
ttrack: 0.004750
ttrack: 0.002676
ttrack: 0.003054
ttrack: 0.002379
ttrack: 0.002961
ttrack: 0.002993
ttrack: 0.003424
ttrack: 0.002814
ttrack: 0.002952
ttrack: 0.001692
ttrack: 0.002582
ttrack: 0.004003
ttrack: 0.002656
ttrack: 0.002947
ttrack: 0.007428
ttrack: 0.003142
ttrack: 0.002395
ttrack: 0.003653
ttrack: 0.002841
ttrack: 0.002222
ttrack: 0.004254
ttrack: 0.003297
ttrack: 0.003143
ttrack: 0.003714
ttrack: 0.003528
ttrack: 0.004042
ttrack: 0.003099
ttrack: 0.002276
ttrack: 0.002401
ttrack: 0.003460
ttrack: 0.003703
ttrack: 0.003340
ttrack: 0.002008
ttrack: 0.003220
ttrack: 0.001998
ttrack: 0.002788
ttrack: 0.004065
ttrack: 0.003057
ttrack: 0.005403
ttrack: 0.004005
ttrack: 0.003706
ttrack: 0.003463
ttrack: 0.003177
ttrack: 0.005585
ttrack: 0.003784
ttrack: 0.004266
ttrack: 0.004815
ttrack: 0.002141
ttrack: 0.004153
ttrack: 0.002188
ttrack: 0.004931
ttrack: 0.004290
ttrack: 0.002309
ttrack: 0.003992
ttrack: 0.005401
ttrack: 0.002291
ttrack: 0.002637
ttrack: 0.002655
ttrack: 0.002219
ttrack: 0.005085
ttrack: 0.003186
ttrack: 0.003994
ttrack: 0.004261
ttrack: 0.003737
ttrack: 0.002902
ttrack: 0.002845
ttrack: 0.003539
ttrack: 0.002736
ttrack: 0.002170
ttrack: 0.003188
ttrack: 0.003174
ttrack: 0.003678
ttrack: 0.003455
ttrack: 0.003514
ttrack: 0.003393
ttrack: 0.001883
ttrack: 0.003649
ttrack: 0.002039
ttrack: 0.004500
ttrack: 0.003737
ttrack: 0.002694
ttrack: 0.004500
ttrack: 0.003153
ttrack: 0.002595
ttrack: 0.004564
ttrack: 0.003768
ttrack: 0.002971
ttrack: 0.004391
ttrack: 0.002847
ttrack: 0.003987
ttrack: 0.002822
ttrack: 0.009071
ttrack: 0.001893
ttrack: 0.002409
ttrack: 0.003788
ttrack: 0.003437
ttrack: 0.002869
ttrack: 0.002847
ttrack: 0.003689
ttrack: 0.002722
ttrack: 0.002879
ttrack: 0.002006
ttrack: 0.002591
ttrack: 0.003647
ttrack: 0.002955
ttrack: 0.002229
ttrack: 0.003359
ttrack: 0.002055
ttrack: 0.002929
ttrack: 0.002553
ttrack: 0.003205
ttrack: 0.002673
ttrack: 0.002391
ttrack: 0.002685
ttrack: 0.002652
ttrack: 0.002718
ttrack: 0.003094
ttrack: 0.003073
ttrack: 0.002757
ttrack: 0.002471
ttrack: 0.002552
ttrack: 0.003193
ttrack: 0.004048
ttrack: 0.003029
ttrack: 0.002612
ttrack: 0.002077
ttrack: 0.002302
ttrack: 0.002972
ttrack: 0.003260
ttrack: 0.004403
ttrack: 0.003975
ttrack: 0.002379
ttrack: 0.003442
ttrack: 0.002206
ttrack: 0.002468
ttrack: 0.003567
ttrack: 0.005455
ttrack: 0.004448
ttrack: 0.003316
ttrack: 0.003854
ttrack: 0.003376
ttrack: 0.003995
ttrack: 0.003308
ttrack: 0.002220
ttrack: 0.004076
ttrack: 0.004160
ttrack: 0.004054
ttrack: 0.003800
ttrack: 0.003932
ttrack: 0.003146
ttrack: 0.005759
ttrack: 0.002987
ttrack: 0.020592
ttrack: 0.001734
ttrack: 0.003945
ttrack: 0.003778
ttrack: 0.002946
ttrack: 0.003036
ttrack: 0.004478
ttrack: 0.002452
ttrack: 0.003724
ttrack: 0.002565
ttrack: 0.002748
ttrack: 0.011523
ttrack: 0.002541
ttrack: 0.003507
ttrack: 0.003440
ttrack: 0.003294
ttrack: 0.003140
ttrack: 0.002504
ttrack: 0.002698
ttrack: 0.002662
ttrack: 0.002087
ttrack: 0.001728
ttrack: 0.002421
ttrack: 0.002965
ttrack: 0.003992
ttrack: 0.004844
ttrack: 0.003626
ttrack: 0.003330
ttrack: 0.003937
ttrack: 0.004096
ttrack: 0.003031
ttrack: 0.002535
ttrack: 0.001878
ttrack: 0.002620
ttrack: 0.003673
ttrack: 0.005639
ttrack: 0.001957
ttrack: 0.003193
ttrack: 0.002727
ttrack: 0.002134
ttrack: 0.004211
ttrack: 0.004194
ttrack: 0.003700
ttrack: 0.003162
ttrack: 0.003861
ttrack: 0.003970
ttrack: 0.002457
ttrack: 0.002446
ttrack: 0.001852
ttrack: 0.003518
ttrack: 0.003197
ttrack: 0.001920
ttrack: 0.003763
ttrack: 0.003850
ttrack: 0.002146
ttrack: 0.004025
ttrack: 0.002271
ttrack: 0.005669
ttrack: 0.002680
ttrack: 0.002889
ttrack: 0.004048
ttrack: 0.003952
ttrack: 0.003763
ttrack: 0.003697
ttrack: 0.003870
ttrack: 0.004085
ttrack: 0.002735
ttrack: 0.003829
ttrack: 0.002303
ttrack: 0.002255
ttrack: 0.004995
ttrack: 0.004141
ttrack: 0.004306
ttrack: 0.003539
ttrack: 0.002345
ttrack: 0.002377
ttrack: 0.002412
ttrack: 0.004113
ttrack: 0.002549
ttrack: 0.003636
ttrack: 0.002493
ttrack: 0.004458
ttrack: 0.002455
ttrack: 0.003740
ttrack: 0.002832
ttrack: 0.002143
ttrack: 0.003710
ttrack: 0.006226
ttrack: 0.003371
ttrack: 0.001754
ttrack: 0.002364
ttrack: 0.004567
ttrack: 0.004044
ttrack: 0.003394
ttrack: 0.002814
ttrack: 0.002040
ttrack: 0.002578
ttrack: 0.001714
ttrack: 0.003310
ttrack: 0.001855
ttrack: 0.002433
ttrack: 0.002867
ttrack: 0.002052
ttrack: 0.001726
ttrack: 0.003989
ttrack: 0.002250
ttrack: 0.002428
ttrack: 0.003368
ttrack: 0.003113
ttrack: 0.002983
ttrack: 0.001878
ttrack: 0.002683
ttrack: 0.002013
ttrack: 0.003092
ttrack: 0.002144
ttrack: 0.002304
ttrack: 0.003158
ttrack: 0.002369
ttrack: 0.003202
ttrack: 0.002693
ttrack: 0.004012
ttrack: 0.002224
ttrack: 0.003037
ttrack: 0.004334
ttrack: 0.002033
ttrack: 0.003872
ttrack: 0.003540
ttrack: 0.003033
ttrack: 0.002473
ttrack: 0.002276
ttrack: 0.002014
ttrack: 0.002022
ttrack: 0.002636
ttrack: 0.004000
ttrack: 0.001763
ttrack: 0.003227
ttrack: 0.002062
ttrack: 0.004274
ttrack: 0.001764
ttrack: 0.002109
ttrack: 0.001997
ttrack: 0.002293
ttrack: 0.002171
ttrack: 0.002969
ttrack: 0.002554
ttrack: 0.003352
ttrack: 0.003207
ttrack: 0.003537
ttrack: 0.002397
ttrack: 0.002723
ttrack: 0.003158
ttrack: 0.001741
ttrack: 0.003182
ttrack: 0.001918
ttrack: 0.003746
ttrack: 0.003299
ttrack: 0.002043
ttrack: 0.003598
ttrack: 0.003478
ttrack: 0.003989
ttrack: 0.002836
ttrack: 0.002031
ttrack: 0.004251
ttrack: 0.003796
ttrack: 0.003759
ttrack: 0.003700
ttrack: 0.001763
ttrack: 0.003015
ttrack: 0.002826
ttrack: 0.002671
ttrack: 0.003651
ttrack: 0.002786
ttrack: 0.004069
ttrack: 0.004271
ttrack: 0.002176
ttrack: 0.001778
ttrack: 0.003788
ttrack: 0.003798
ttrack: 0.003027
ttrack: 0.002446
ttrack: 0.002426
ttrack: 0.002969
ttrack: 0.004345
ttrack: 0.003817
ttrack: 0.002624
ttrack: 0.003671
ttrack: 0.003980
ttrack: 0.003670
ttrack: 0.002187
ttrack: 0.003405
ttrack: 0.001745
ttrack: 0.002191
ttrack: 0.001921
ttrack: 0.001832
ttrack: 0.006839
ttrack: 0.002489
ttrack: 0.003515
ttrack: 0.004373
ttrack: 0.002232
ttrack: 0.002203
ttrack: 0.003906
ttrack: 0.004323
ttrack: 0.004328
ttrack: 0.002385
ttrack: 0.002989
ttrack: 0.002200
ttrack: 0.003130
ttrack: 0.002133
ttrack: 0.003773
ttrack: 0.002927
ttrack: 0.002128
ttrack: 0.003138
ttrack: 0.001953
ttrack: 0.004154
ttrack: 0.004655
ttrack: 0.003406
ttrack: 0.003520
ttrack: 0.003146
ttrack: 0.002859
ttrack: 0.002389
ttrack: 0.002277
ttrack: 0.002800
ttrack: 0.003384
ttrack: 0.004535
ttrack: 0.002673
ttrack: 0.001788
ttrack: 0.001833
ttrack: 0.002044
ttrack: 0.004101
ttrack: 0.002846
ttrack: 0.001597
ttrack: 0.003004
ttrack: 0.003835
ttrack: 0.001987
ttrack: 0.002379
ttrack: 0.003966
ttrack: 0.003709
ttrack: 0.002420
ttrack: 0.002881
ttrack: 0.007246
ttrack: 0.001732
ttrack: 0.001719
ttrack: 0.003452
ttrack: 0.003800
ttrack: 0.004052
ttrack: 0.002840
ttrack: 0.003091
ttrack: 0.003239
ttrack: 0.004507
ttrack: 0.003025
ttrack: 0.002919
ttrack: 0.004111
ttrack: 0.002135
ttrack: 0.002500
ttrack: 0.003066
ttrack: 0.001864
ttrack: 0.003462
ttrack: 0.002897
ttrack: 0.004543
ttrack: 0.004656
ttrack: 0.002696
ttrack: 0.002565
ttrack: 0.003515
ttrack: 0.004043
ttrack: 0.002762
ttrack: 0.002491
ttrack: 0.003665
ttrack: 0.003389
ttrack: 0.002039
ttrack: 0.004025
ttrack: 0.003686
ttrack: 0.003961
ttrack: 0.004288
ttrack: 0.003589
ttrack: 0.003844
ttrack: 0.002792
ttrack: 0.002419
ttrack: 0.002049
ttrack: 0.004410
ttrack: 0.002216
ttrack: 0.003614
ttrack: 0.003304
ttrack: 0.003456
ttrack: 0.002442
ttrack: 0.003405
ttrack: 0.001755
ttrack: 0.004246
ttrack: 0.003082
ttrack: 0.003441
ttrack: 0.002725
ttrack: 0.003685
ttrack: 0.001923
ttrack: 0.002697
ttrack: 0.004640
ttrack: 0.002877
ttrack: 0.003336
ttrack: 0.002118
ttrack: 0.002623
ttrack: 0.003026
ttrack: 0.001709
ttrack: 0.001786
ttrack: 0.002924
ttrack: 0.003740
ttrack: 0.002787
ttrack: 0.003510
ttrack: 0.002497
ttrack: 0.003518
ttrack: 0.002339
ttrack: 0.002441
ttrack: 0.004526
ttrack: 0.002019
ttrack: 0.003866
ttrack: 0.004037
ttrack: 0.001911
ttrack: 0.002460
ttrack: 0.002175
ttrack: 0.001794
ttrack: 0.002161
ttrack: 0.002949
ttrack: 0.002480
ttrack: 0.002849
ttrack: 0.005654
ttrack: 0.002662
ttrack: 0.003363
ttrack: 0.003094
ttrack: 0.004590
ttrack: 0.002513
ttrack: 0.006738
ttrack: 0.002627
ttrack: 0.003476
ttrack: 0.002737
ttrack: 0.003208
ttrack: 0.002574
ttrack: 0.003758
ttrack: 0.003349
ttrack: 0.001871
ttrack: 0.003447
ttrack: 0.003795
ttrack: 0.003213
ttrack: 0.002082
ttrack: 0.003562
ttrack: 0.008817
ttrack: 0.001869
ttrack: 0.004309
ttrack: 0.002483
ttrack: 0.003408
ttrack: 0.008902
ttrack: 0.003907
ttrack: 0.002856
ttrack: 0.003552
ttrack: 0.003602
ttrack: 0.002312
ttrack: 0.003324
ttrack: 0.004977
ttrack: 0.002780
ttrack: 0.004529
ttrack: 0.003519
ttrack: 0.002463
ttrack: 0.004269
ttrack: 0.004556
ttrack: 0.004968
ttrack: 0.004406
ttrack: 0.002458
ttrack: 0.004917
ttrack: 0.002500
ttrack: 0.004302
ttrack: 0.005197
ttrack: 0.002497
ttrack: 0.001970
ttrack: 0.002646
ttrack: 0.003988
ttrack: 0.003508
ttrack: 0.003295
ttrack: 0.003017
ttrack: 0.002914
ttrack: 0.001953
ttrack: 0.001936
ttrack: 0.002466
ttrack: 0.003524
ttrack: 0.002097
ttrack: 0.003781
ttrack: 0.003815
ttrack: 0.003077
ttrack: 0.002078
ttrack: 0.002449
ttrack: 0.002382
ttrack: 0.001603
ttrack: 0.003507
ttrack: 0.002503
ttrack: 0.003172
ttrack: 0.002391
ttrack: 0.003194
ttrack: 0.005617
ttrack: 0.003341
ttrack: 0.004200
ttrack: 0.003828
ttrack: 0.005336
ttrack: 0.001728
ttrack: 0.002041
ttrack: 0.002447
ttrack: 0.002863
ttrack: 0.002587
ttrack: 0.004877
ttrack: 0.001926
ttrack: 0.003510
ttrack: 0.004017
ttrack: 0.002666
ttrack: 0.002027
ttrack: 0.002386
ttrack: 0.004978
ttrack: 0.004231
ttrack: 0.003463
ttrack: 0.003537
ttrack: 0.001888
ttrack: 0.004484
ttrack: 0.004857
ttrack: 0.004381
ttrack: 0.002856
ttrack: 0.002249
ttrack: 0.003544
ttrack: 0.004110
ttrack: 0.005422
ttrack: 0.002952
ttrack: 0.004546
ttrack: 0.003308
ttrack: 0.002847
ttrack: 0.003147
ttrack: 0.003746
ttrack: 0.003453
ttrack: 0.003434
ttrack: 0.003720
ttrack: 0.003047
ttrack: 0.003261
ttrack: 0.003797
ttrack: 0.003983
ttrack: 0.004220
ttrack: 0.003257
ttrack: 0.004238
ttrack: 0.004364
ttrack: 0.003805
ttrack: 0.003349
ttrack: 0.003354
ttrack: 0.005214
ttrack: 0.004216
ttrack: 0.004160
ttrack: 0.006496
ttrack: 0.003966
ttrack: 0.003061
ttrack: 0.004199
ttrack: 0.004154
ttrack: 0.002396
ttrack: 0.002011
ttrack: 0.005032
ttrack: 0.004974
ttrack: 0.003699
ttrack: 0.002220
ttrack: 0.003455
ttrack: 0.003886
ttrack: 0.003216
ttrack: 0.002519
ttrack: 0.002301
ttrack: 0.002870
ttrack: 0.002765
ttrack: 0.003041
ttrack: 0.003848
ttrack: 0.003557
ttrack: 0.003478
ttrack: 0.003595
ttrack: 0.004987
ttrack: 0.005146
ttrack: 0.003379
ttrack: 0.003471
ttrack: 0.004759
ttrack: 0.005056
ttrack: 0.004328
ttrack: 0.002759
ttrack: 0.005081
ttrack: 0.003076
ttrack: 0.003634
ttrack: 0.002966
ttrack: 0.003104
ttrack: 0.004000
ttrack: 0.003991
ttrack: 0.003820
ttrack: 0.003810
ttrack: 0.002825
ttrack: 0.002837
ttrack: 0.003614
ttrack: 0.003773
ttrack: 0.004379
ttrack: 0.002946
ttrack: 0.003684
ttrack: 0.003014
ttrack: 0.003374
ttrack: 0.003523
ttrack: 0.003379
ttrack: 0.004278
ttrack: 0.002855
ttrack: 0.007039
ttrack: 0.004058
ttrack: 0.004158
ttrack: 0.006052
ttrack: 0.002515
ttrack: 0.003881
ttrack: 0.004688
ttrack: 0.002028
ttrack: 0.003839
ttrack: 0.003731
ttrack: 0.004445
ttrack: 0.003929
ttrack: 0.003275
ttrack: 0.003599
ttrack: 0.004168
ttrack: 0.003986
ttrack: 0.002871
ttrack: 0.001981
ttrack: 0.004078
ttrack: 0.002958
ttrack: 0.002477
ttrack: 0.002559
ttrack: 0.004406
ttrack: 0.004457
ttrack: 0.004091
ttrack: 0.003935
ttrack: 0.003675
ttrack: 0.004771
ttrack: 0.003123
ttrack: 0.003383
ttrack: 0.004099
ttrack: 0.002559
ttrack: 0.004051
ttrack: 0.004075
ttrack: 0.004666
ttrack: 0.004703
ttrack: 0.003605
ttrack: 0.002543
ttrack: 0.002238
ttrack: 0.004145
ttrack: 0.003381
ttrack: 0.003192
ttrack: 0.003898
ttrack: 0.005030
ttrack: 0.005398
ttrack: 0.004247
ttrack: 0.002672
ttrack: 0.002585
ttrack: 0.005619
ttrack: 0.002943
ttrack: 0.002413
ttrack: 0.002041
ttrack: 0.003336
ttrack: 0.002548
ttrack: 0.004354
ttrack: 0.004280
ttrack: 0.003870
ttrack: 0.002660
ttrack: 0.003809
ttrack: 0.004020
ttrack: 0.001864
ttrack: 0.003994
ttrack: 0.003503
ttrack: 0.005744
ttrack: 0.003918
ttrack: 0.002040
ttrack: 0.002114
ttrack: 0.004179
ttrack: 0.006190
ttrack: 0.004101
ttrack: 0.004077
ttrack: 0.004598
ttrack: 0.004780
ttrack: 0.002101
ttrack: 0.003990
ttrack: 0.003070
ttrack: 0.004155
ttrack: 0.004673
ttrack: 0.003296
ttrack: 0.003795
ttrack: 0.004058
ttrack: 0.003789
ttrack: 0.003853
ttrack: 0.003941
ttrack: 0.004714
ttrack: 0.002164
ttrack: 0.003564
ttrack: 0.003888
ttrack: 0.005459
ttrack: 0.004800
ttrack: 0.004086
ttrack: 0.002142
ttrack: 0.002733
ttrack: 0.003282
ttrack: 0.003770
ttrack: 0.003115
ttrack: 0.002616
ttrack: 0.003999
ttrack: 0.002946
ttrack: 0.002835
ttrack: 0.002179
ttrack: 0.002862
ttrack: 0.003918
ttrack: 0.004614
ttrack: 0.002751
ttrack: 0.002714
ttrack: 0.004354
ttrack: 0.004396
ttrack: 0.002054
ttrack: 0.005127
ttrack: 0.002939
ttrack: 0.003298
ttrack: 0.003793
ttrack: 0.004506
ttrack: 0.004703
ttrack: 0.002274
ttrack: 0.004811
ttrack: 0.004526
ttrack: 0.004181
ttrack: 0.004326
ttrack: 0.005655
ttrack: 0.004029
ttrack: 0.003095
ttrack: 0.003539
ttrack: 0.004151
ttrack: 0.002999
ttrack: 0.003938
ttrack: 0.004659
ttrack: 0.002925
ttrack: 0.004606
ttrack: 0.005617
ttrack: 0.002704
ttrack: 0.003356
ttrack: 0.006193
ttrack: 0.003910
ttrack: 0.003824
ttrack: 0.003707
ttrack: 0.002303
ttrack: 0.002302
ttrack: 0.002945
ttrack: 0.004099
ttrack: 0.002873
ttrack: 0.003169
ttrack: 0.005208
ttrack: 0.003887
ttrack: 0.004046
ttrack: 0.003878
ttrack: 0.005269
ttrack: 0.003178
ttrack: 0.005129
ttrack: 0.003090
ttrack: 0.004054
ttrack: 0.004172
ttrack: 0.002315
ttrack: 0.003827
ttrack: 0.002862
ttrack: 0.002620
ttrack: 0.002183
ttrack: 0.004681
ttrack: 0.002117
ttrack: 0.003012
ttrack: 0.002996
ttrack: 0.003586
ttrack: 0.003388
ttrack: 0.001920
ttrack: 0.002634
ttrack: 0.003707
ttrack: 0.003475
ttrack: 0.005309
ttrack: 0.002955
ttrack: 0.002404
ttrack: 0.003533
ttrack: 0.003585
ttrack: 0.004025
ttrack: 0.002742
ttrack: 0.003290
ttrack: 0.002216
ttrack: 0.005427
ttrack: 0.004326
ttrack: 0.002483
ttrack: 0.002526
ttrack: 0.002929
ttrack: 0.004809
ttrack: 0.002781
ttrack: 0.002515
ttrack: 0.004905
ttrack: 0.004469
ttrack: 0.003640
ttrack: 0.003492
ttrack: 0.005808
ttrack: 0.003960
ttrack: 0.001825
ttrack: 0.003494
ttrack: 0.003352
ttrack: 0.005575
ttrack: 0.007092
ttrack: 0.003670
ttrack: 0.002929
ttrack: 0.008298
ttrack: 0.004811
ttrack: 0.003561
ttrack: 0.004515
ttrack: 0.003052
ttrack: 0.003098
ttrack: 0.004891
ttrack: 0.004585
ttrack: 0.003434
ttrack: 0.003926
ttrack: 0.003760
ttrack: 0.004212
ttrack: 0.003873
ttrack: 0.004997
ttrack: 0.004971
loopmappingLoopClosing
-------

median tracking time: 0.003229
mean tracking time: 0.00338438

Saving camera trajectory to CameraTrajectory.txt ...

trajectory saved!

Saving keyframe trajectory to KeyFrameTrajectory.txt ...

trajectory saved!
[2024-05-05 17:15:00.861] [[32minfo[m] [restore.cpp:135] Execution time: 1214.5153413 s
