code 0x125c68004 code_size 105454192
[2024-05-05 17:19:09.626] [[32minfo[m] [wamr_read_write.h:134] [Server] Bind socket 128.114.59.212 1238
[2024-05-05 17:19:09.627] [[32minfo[m] [wamr_read_write.h:139] [Server] Listening on socket
[2024-05-05 17:20:45.112] [[31m[1merror[m] [wamr_wasi_context.cpp:143] tid_start_arg_map: 6097727488, 1
[2024-05-05 17:20:45.112] [[31m[1merror[m] [wamr_wasi_context.cpp:143] tid_start_arg_map: 6097842176, 2
[2024-05-05 17:20:45.112] [[31m[1merror[m] [wamr_wasi_context.cpp:143] tid_start_arg_map: 140737352554176, 2
[2024-05-05 17:20:45.112] [[31m[1merror[m] [wamr_wasi_context.cpp:143] tid_start_arg_map: 140737353897664, 1
[2024-05-05 17:20:45.112] [[31m[1merror[m] [wamr_wasi_context.cpp:148] child_tid_map: 1, 0
[2024-05-05 17:20:45.112] [[31m[1merror[m] [wamr_wasi_context.cpp:148] child_tid_map: 2, 0
[2024-05-05 17:20:45.112] [[32minfo[m] [wamr_wasi_context.cpp:153] fd: 15 path: ./rgbd_dataset_freiburg3_long_office_household_validation/rgb/1341848152.891028.png

ttrack: 0.004220
ttrack: 0.004055
ttrack: 0.004005
ttrack: 0.004158
ttrack: 0.004127
ttrack: 0.003945
ttrack: 0.003866
ttrack: 0.004162
ttrack: 0.003913
ttrack: 0.003979
ttrack: 0.003917
ttrack: 0.003949
ttrack: 0.003894
ttrack: 0.003900
ttrack: 0.004103
ttrack: 0.003921
ttrack: 0.003891
ttrack: 0.003888
ttrack: 0.003898
ttrack: 0.003909
ttrack: 0.004259
ttrack: 0.004025
ttrack: 0.004012
ttrack: 0.004083
ttrack: 0.004022
ttrack: 0.003985
ttrack: 0.003957
ttrack: 0.003934
ttrack: 0.004178
ttrack: 0.004031
ttrack: 0.003954
ttrack: 0.003914
ttrack: 0.004022
ttrack: 0.004048
ttrack: 0.003966
ttrack: 0.004074
ttrack: 0.003948
ttrack: 0.004123
ttrack: 0.004079
ttrack: 0.003920
ttrack: 0.004060
ttrack: 0.003998
ttrack: 0.003951
ttrack: 0.004260
ttrack: 0.003895
ttrack: 0.003905
ttrack: 0.004154
ttrack: 0.003941
ttrack: 0.003920
ttrack: 0.004131
ttrack: 0.003898
ttrack: 0.004035
ttrack: 0.003949
ttrack: 0.003927
ttrack: 0.003913
ttrack: 0.003923
ttrack: 0.003933
ttrack: 0.004123
ttrack: 0.004019
ttrack: 0.003849
ttrack: 0.003924
ttrack: 0.004139
ttrack: 0.004196
ttrack: 0.004106
ttrack: 0.003932
ttrack: 0.003938
ttrack: 0.003894
ttrack: 0.003895
ttrack: 0.004008
ttrack: 0.004342
ttrack: 0.004175
ttrack: 0.004175
ttrack: 0.004233
ttrack: 0.003213
ttrack: 0.003516
ttrack: 0.004315
ttrack: 0.004241
ttrack: 0.004196
ttrack: 0.004243
ttrack: 0.004112
ttrack: 0.004145
ttrack: 0.004163
ttrack: 0.004095
ttrack: 0.004236
ttrack: 0.004462
ttrack: 0.004513
ttrack: 0.004315
ttrack: 0.004152
ttrack: 0.004021
ttrack: 0.004293
ttrack: 0.004123
ttrack: 0.004021
ttrack: 0.004142
ttrack: 0.003924
ttrack: 0.003851
ttrack: 0.004153
ttrack: 0.003914
ttrack: 0.004241
ttrack: 0.004535
ttrack: 0.004131
ttrack: 0.003924
ttrack: 0.004241
ttrack: 0.004245
ttrack: 0.004425
ttrack: 0.004024
ttrack: 0.004252
ttrack: 0.004024
ttrack: 0.004325
ttrack: 0.004043
ttrack: 0.003905
ttrack: 0.004222
ttrack: 0.004534
ttrack: 0.004019
ttrack: 0.004403
ttrack: 0.004043
ttrack: 0.004421
ttrack: 0.003534
ttrack: 0.004734
ttrack: 0.004024
ttrack: 0.004234
ttrack: 0.003934
ttrack: 0.003932
ttrack: 0.004432
ttrack: 0.004440
ttrack: 0.004112
ttrack: 0.004241
ttrack: 0.003953
ttrack: 0.003945
ttrack: 0.004324
ttrack: 0.004224
ttrack: 0.004324
ttrack: 0.003834
ttrack: 0.004243
ttrack: 0.004272
ttrack: 0.004106
ttrack: 0.004006
ttrack: 0.004063
ttrack: 0.004056
ttrack: 0.004085
ttrack: 0.004092
ttrack: 0.003932
ttrack: 0.004095
ttrack: 0.003915
ttrack: 0.004132
ttrack: 0.004120
ttrack: 0.004211
ttrack: 0.003990
ttrack: 0.003917
ttrack: 0.003925
ttrack: 0.003869
ttrack: 0.003899
ttrack: 0.004047
ttrack: 0.004029
ttrack: 0.004035
ttrack: 0.003867
ttrack: 0.003964
ttrack: 0.003910
ttrack: 0.003892
ttrack: 0.003885
ttrack: 0.003966
ttrack: 0.004028
ttrack: 0.003927
ttrack: 0.003917
ttrack: 0.004080
ttrack: 0.004005
ttrack: 0.004283
ttrack: 0.003996
ttrack: 0.004015
ttrack: 0.003794
ttrack: 0.004152
ttrack: 0.004121
ttrack: 0.004059
ttrack: 0.003905
ttrack: 0.004058
ttrack: 0.004054
ttrack: 0.003738
ttrack: 0.004026
ttrack: 0.004017
ttrack: 0.003961
ttrack: 0.003907
ttrack: 0.003889
ttrack: 0.003910
ttrack: 0.004136
ttrack: 0.004198
ttrack: 0.004149
ttrack: 0.004292
ttrack: 0.004204
ttrack: 0.003957
ttrack: 0.003989
ttrack: 0.004039
ttrack: 0.004169
ttrack: 0.004124
ttrack: 0.004118
ttrack: 0.003954
ttrack: 0.003959
ttrack: 0.004012
ttrack: 0.004010
ttrack: 0.004106
ttrack: 0.004044
ttrack: 0.004175
ttrack: 0.004297
ttrack: 0.004276
ttrack: 0.004130
ttrack: 0.004029
ttrack: 0.004247
ttrack: 0.003937
ttrack: 0.003909
ttrack: 0.003886
ttrack: 0.004047
ttrack: 0.003980
ttrack: 0.003882
ttrack: 0.004087
ttrack: 0.003917
ttrack: 0.004051
ttrack: 0.004073
ttrack: 0.003929
ttrack: 0.004081
ttrack: 0.003952
ttrack: 0.003980
ttrack: 0.003926
ttrack: 0.003907
ttrack: 0.003919
ttrack: 0.004119
ttrack: 0.004052
ttrack: 0.003969
ttrack: 0.003951
ttrack: 0.004087
ttrack: 0.004018
ttrack: 0.004094
ttrack: 0.004124
ttrack: 0.004185
ttrack: 0.003991
ttrack: 0.003937
ttrack: 0.003954
ttrack: 0.003996
ttrack: 0.003927
ttrack: 0.003931
ttrack: 0.003913
ttrack: 0.004041
ttrack: 0.003974
ttrack: 0.003952
ttrack: 0.003917
ttrack: 0.004102
ttrack: 0.004140
ttrack: 0.004127
ttrack: 0.004024
ttrack: 0.003934
ttrack: 0.004116
ttrack: 0.004019
ttrack: 0.003938
ttrack: 0.004099
ttrack: 0.003932
ttrack: 0.004083
ttrack: 0.004051
ttrack: 0.003968
ttrack: 0.003902
ttrack: 0.004089
ttrack: 0.003998
ttrack: 0.003908
ttrack: 0.003925
ttrack: 0.003958
ttrack: 0.003935
ttrack: 0.003930
ttrack: 0.003862
ttrack: 0.003912
ttrack: 0.003936
ttrack: 0.003928
ttrack: 0.003919
ttrack: 0.004119
ttrack: 0.003955
ttrack: 0.003886
ttrack: 0.004111
ttrack: 0.003963
ttrack: 0.004091
ttrack: 0.003949
ttrack: 0.003904
ttrack: 0.004143
ttrack: 0.003963
ttrack: 0.003936
ttrack: 0.003969
ttrack: 0.003909
ttrack: 0.003890
ttrack: 0.004043
ttrack: 0.003903
ttrack: 0.003866
ttrack: 0.003987
ttrack: 0.004135
ttrack: 0.004109
ttrack: 0.004067
ttrack: 0.003982
ttrack: 0.004569
ttrack: 0.004012
ttrack: 0.003920
ttrack: 0.003972
ttrack: 0.004065
ttrack: 0.003924
ttrack: 0.003864
ttrack: 0.003919
ttrack: 0.003948
ttrack: 0.003898
ttrack: 0.003923
ttrack: 0.004114
ttrack: 0.003955
ttrack: 0.003906
ttrack: 0.003917
ttrack: 0.004086
ttrack: 0.003900
ttrack: 0.003920
ttrack: 0.003941
ttrack: 0.004041
ttrack: 0.003932
ttrack: 0.003893
ttrack: 0.003959
ttrack: 0.003956
ttrack: 0.004067
ttrack: 0.003880
ttrack: 0.003920
ttrack: 0.004148
ttrack: 0.003947
ttrack: 0.003809
ttrack: 0.004067
ttrack: 0.004024
ttrack: 0.004128
ttrack: 0.003922
ttrack: 0.004105
ttrack: 0.004119
ttrack: 0.004117
ttrack: 0.004031
ttrack: 0.003969
ttrack: 0.003967
ttrack: 0.003913
ttrack: 0.004233
ttrack: 0.003946
ttrack: 0.003950
ttrack: 0.004168
ttrack: 0.004061
ttrack: 0.004102
ttrack: 0.003989
ttrack: 0.004164
ttrack: 0.004014
ttrack: 0.004004
ttrack: 0.004044
ttrack: 0.004080
ttrack: 0.003961
ttrack: 0.003985
ttrack: 0.003867
ttrack: 0.004060
ttrack: 0.004164
ttrack: 0.004003
ttrack: 0.004037
ttrack: 0.004103
ttrack: 0.004001
ttrack: 0.003903
ttrack: 0.003991
ttrack: 0.003969
ttrack: 0.003977
ttrack: 0.003944
ttrack: 0.003865
ttrack: 0.003950
ttrack: 0.003889
ttrack: 0.003979
ttrack: 0.003879
ttrack: 0.003927
ttrack: 0.003876
ttrack: 0.003935
ttrack: 0.004101
ttrack: 0.004046
ttrack: 0.004302
ttrack: 0.004021
ttrack: 0.004056
ttrack: 0.003969
ttrack: 0.004089
ttrack: 0.003995
ttrack: 0.004020
ttrack: 0.004079
ttrack: 0.003956
ttrack: 0.003900
ttrack: 0.004073
ttrack: 0.003957
ttrack: 0.004006
ttrack: 0.003887
ttrack: 0.003963
ttrack: 0.004133
ttrack: 0.003859
ttrack: 0.004061
ttrack: 0.003989
ttrack: 0.004136
ttrack: 0.003943
ttrack: 0.004076
ttrack: 0.003916
ttrack: 0.004018
ttrack: 0.004054
ttrack: 0.004030
ttrack: 0.003967
ttrack: 0.003948
ttrack: 0.003946
ttrack: 0.003911
ttrack: 0.004158
ttrack: 0.004052
ttrack: 0.004084
ttrack: 0.004050
ttrack: 0.003943
ttrack: 0.004101
ttrack: 0.004013
ttrack: 0.003975
ttrack: 0.004109
ttrack: 0.003915
ttrack: 0.003989
ttrack: 0.004291
ttrack: 0.004029
ttrack: 0.003942
ttrack: 0.004040
ttrack: 0.003950
ttrack: 0.004016
ttrack: 0.004137
ttrack: 0.004059
ttrack: 0.004065
ttrack: 0.004034
ttrack: 0.003993
ttrack: 0.004035
ttrack: 0.003947
ttrack: 0.003932
ttrack: 0.004091
ttrack: 0.004028
ttrack: 0.003977
ttrack: 0.003961
ttrack: 0.003883
ttrack: 0.004092
ttrack: 0.003994
ttrack: 0.004001
ttrack: 0.004117
ttrack: 0.004134
ttrack: 0.004099
ttrack: 0.003985
ttrack: 0.003962
ttrack: 0.004052
ttrack: 0.004046
ttrack: 0.004088
ttrack: 0.003968
ttrack: 0.003948
ttrack: 0.004168
ttrack: 0.004132
ttrack: 0.003944
ttrack: 0.004094
ttrack: 0.004203
ttrack: 0.003924
ttrack: 0.003914
ttrack: 0.004006
ttrack: 0.004116
ttrack: 0.003922
ttrack: 0.003958
ttrack: 0.003966
ttrack: 0.004108
ttrack: 0.004046
ttrack: 0.003922
ttrack: 0.003927
ttrack: 0.004241
ttrack: 0.004010
ttrack: 0.003915
ttrack: 0.003885
ttrack: 0.003997
ttrack: 0.004016
ttrack: 0.003931
ttrack: 0.004040
ttrack: 0.003921
ttrack: 0.003910
ttrack: 0.004115
ttrack: 0.003910
ttrack: 0.004004
ttrack: 0.003952
ttrack: 0.003944
ttrack: 0.004067
ttrack: 0.004015
ttrack: 0.003905
ttrack: 0.003935
ttrack: 0.003886
ttrack: 0.004091
ttrack: 0.004155
ttrack: 0.004257
ttrack: 0.003772
ttrack: 0.004082
ttrack: 0.004054
ttrack: 0.004216
ttrack: 0.003997
ttrack: 0.003881
ttrack: 0.003860
ttrack: 0.003949
ttrack: 0.003919
ttrack: 0.003921
ttrack: 0.004116
ttrack: 0.003945
ttrack: 0.003926
ttrack: 0.003999
ttrack: 0.004098
ttrack: 0.003920
ttrack: 0.003987
ttrack: 0.003919
ttrack: 0.004041
ttrack: 0.004156
ttrack: 0.003996
ttrack: 0.003922
ttrack: 0.004015
ttrack: 0.003885
ttrack: 0.004075
ttrack: 0.004293
ttrack: 0.003986
ttrack: 0.003980
ttrack: 0.004301
ttrack: 0.004217
ttrack: 0.004103
ttrack: 0.004187
ttrack: 0.003988
ttrack: 0.004146
ttrack: 0.003982
ttrack: 0.003980
ttrack: 0.004054
ttrack: 0.004018
ttrack: 0.003939
ttrack: 0.003921
ttrack: 0.004266
ttrack: 0.004204
ttrack: 0.003962
ttrack: 0.004011
ttrack: 0.004103
ttrack: 0.004189
ttrack: 0.004397
ttrack: 0.003986
ttrack: 0.004134
ttrack: 0.004007
ttrack: 0.004137
ttrack: 0.003944
ttrack: 0.003988
ttrack: 0.003954
ttrack: 0.003988
ttrack: 0.003953
ttrack: 0.003904
ttrack: 0.003927
ttrack: 0.003923
ttrack: 0.003954
ttrack: 0.003928
ttrack: 0.004067
ttrack: 0.004020
ttrack: 0.003889
ttrack: 0.003895
ttrack: 0.004395
ttrack: 0.003997
ttrack: 0.004098
ttrack: 0.003994
ttrack: 0.003911
ttrack: 0.004000
ttrack: 0.004102
ttrack: 0.003935
ttrack: 0.003910
ttrack: 0.003760
ttrack: 0.004008
ttrack: 0.004158
ttrack: Caught signal 2, performing custom logic...
serializing
[2024-05-05 17:21:10.861] [[32minfo[m] [wamr_interp_frame.cpp:83] function_index 13857 ip_offset 25 lp 0x170188eb4 sp 0x170188f08 sp_offset 21
3 1 2392704 1 268435455 0 268435455 0 0 1870580 3 1 2392704 247344 1 268435455 0 268435455 0 0 1870580 
[2024-05-05 17:21:10.861] [[32minfo[m] [wamr_interp_frame.cpp:83] function_index 13874 ip_offset 244 lp 0x170188e2c sp 0x170188e78 sp_offset 19
3 2392704 335548416 1870576 4294967295 4294967295 4294967295 268435455 0 3 1 2392704 1 268435455 0 268435455 0 0 1870580 
[2024-05-05 17:21:10.861] [[32minfo[m] [wamr_interp_frame.cpp:83] function_index 13907 ip_offset 151 lp 0x170188dc8 sp 0x170188dec sp_offset 9
3 335548416 0 1870608 1032 4294967295 3 2392704 335548416 
[2024-05-05 17:21:10.861] [[32minfo[m] [wamr_interp_frame.cpp:83] function_index 91 ip_offset 143 lp 0x170188d60 sp 0x170188d8c sp_offset 11
2392704 15 1870624 2344656 4294967295 1028 2640044 73847 2392704 335548416 0 
[2024-05-05 17:21:13.477] [[32minfo[m] [wamr.cpp:1001] Snapshot time: 2.616005 s
[2024-05-05 17:21:13.477] [[32minfo[m] [wamr.cpp:1002] Memory usage: 2894 MB
Connection to 169.233.156.215 closed.

