code 0x1239d0004 code_size 113448276
restore function_index 56
restore function_index 4913
restore function_index 1781
restore function_index 1769
restore function_index 1655
restore function_index 1130
restore function_index 1135
restore function_index 1354
restore function_index 1771
main_env created 0x160088000 0x60000001c050

invoke_init_c
wakeup.release
invoke main 0x160088000 0x60000001c050
[2024-06-20 12:17:08.321] [error] [wamr_export.cpp:364] wamr_handle_map old:< 140737352567808 > new:< 140737352567808 >
[2024-06-20 12:17:08.322] [info] [wamr.cpp:567] Recover time: 0.101093

Trial Time:          -609031.55219
Trial Time:          5.02415
Trial Time:          5.15055
Trial Time:          5.26320
Trial Time:          5.20261
Trial Time:          5.12689
Trial Time:          5.22968
Trial Time:          4.92104
Trial Time:          6.22364
Trial Time:          6.46169
Trial Time:          5.24337
Trial Time:          5.72656
Trial Time:          5.98894
Trial Time:          5.25471
Trial Time:          5.03265
Trial Time:          5.47601
Trial Time:          5.07090
Trial Time:          5.23721
Trial Time:          5.41472
Trial Time:          5.14829
Trial Time:          5.13758
Trial Time:          5.02984
Trial Time:          5.03438
Trial Time:          5.13176
Trial Time:          4.95200
Trial Time:          5.66010
Trial Time:          5.13046
Trial Time:          5.00020
Trial Time:          5.07953
Trial Time:          5.03335
Trial Time:          5.87843
Trial Time:          6.49670
^CCaught signal 2, performing custom logic...
serializing
[2024-06-20 12:17:50.162] [info] [wamr_interp_frame.cpp:83] function_index 1771 ip_offset 295 lp 0x16008b574 sp 0x16008b614 sp_offset 40
212648 212644 213300 213292 213308 218612 213340 218416 213320 213339 212560 6 0 8550 0 2180 213304 213296 545 884515 1 4 130739584 0 0 0 0 0 0 781752280 55320 0 0 0 0 218416 884515 1 218612 212600
[2024-06-20 12:17:50.162] [info] [wamr_interp_frame.cpp:83] function_index 1354 ip_offset 1347 lp 0x16008a77c sp 0x16008b4f8 sp_offset 863
291 0 0 8 212656 212656 32 212624 8 25 0 0 0 0 0 0 0 0 0 0 0 0 0 0 0 0 0 0 0 0 0 0 0 0 0 0 0 0 0 0 0 0 0 0 0 0 0 0 0 0 0 0 0 0 0 0 0 0 0 0 0 0 0 0 0 0 0 0 0 0 0 0 0 0 0 0 0 0 0 0 0 0 0 0 0 0 0 0 0 0 0 0 0 0 0 0 0 0 0 0 0 0 0 0 0 0 0 0 0 0 0 0 0 0 0 0 0 0 0 0 0 0 0 0 0 0 0 0 0 291 212656 213300 212656 213292 212656 213308 212656 218612 212656 213340 212656 218416 212656 213320 212656 213339 24 212648 212648 20 212644 212644 0 0 0 0 0 0 0 0 0 0 0 0 0 0 0 0 0 0 0 0 0 0 0 0 0 0 0 0 0 0 0 0 0 0 0 0 0 0 0 0 0 0 0 0 0 0 0 0 0 0 0 0 0 0 0 0 0 0 0 0 0 0 0 0 0 0 0 0 0 0 0 0 0 0 0 0 0 0 0 0 0 0 0 0 0 0 0 0 0 0 0 0 0 0 0 0 0 0 0 0 0 0 0 0 0 0 0 0 0 0 0 0 0 0 0 0 0 0 0 0 0 0 0 0 0 0 0 0 0 0 0 0 0 0 0 0 0 0 0 0 0 0 0 0 0 0 0 0 0 0 0 0 0 0 0 0 0 0 0 0 0 0 0 0 0 0 0 0 0 0 0 0 0 0 0 0 0 0 0 0 0 0 0 0 0 0 0 0 0 0 0 0 0 0 0 0 0 0 0 0 0 0 0 0 0 0 0 0 0 0 0 0 0 0 0 0 0 0 0 0 0 0 0 0 0 0 0 0 0 0 0 0 0 0 0 0 0 0 0 0 0 0 0 0 0 0 0 0 0 0 0 0 0 0 0 0 0 0 0 0 0 0 0 0 0 0 0 0 0 0 0 0 0 0 0 0 0 0 0 0 0 0 0 0 0 0 0 0 0 0 0 0 0 0 0 0 0 0 0 0 0 0 0 0 0 0 0 0 0 0 0 0 0 0 0 0 0 0 0 0 0 0 0 0 0 0 0 0 0 0 0 0 0 0 0 0 0 0 0 0 0 0 0 0 0 0 0 0 0 0 0 0 0 0 0 0 0 0 0 0 0 0 0 0 0 0 0 0 0 0 0 0 0 0 0 0 0 0 0 0 0 0 0 0 0 0 0 0 0 0 0 0 0 0 0 0 0 0 0 0 0 0 0 0 0 0 0 0 0 0 0 0 0 0 0 0 0 0 0 0 0 0 0 0 0 0 0 0 0 0 0 0 0 0 0 0 0 0 0 0 0 0 0 0 0 0 0 0 0 0 0 0 0 0 0 0 0 0 0 0 0 0 0 0 0 0 0 0 0 0 0 0 0 0 0 0 0 0 0 0 0 0 0 0 0 0 0 0 0 0 0 0 0 0 0 0 0 0 0 0 0 0 0 0 0 0 0 0 0 0 0 0 0 0 0 0 0 0 0 0 0 0 0 0 0 0 0 0 0 0 0 0 0 0 0 0 0 0 0 0 0 0 0 0 0 0 0 0 0 0 0 0 0 0 0 0 0 0 0 0 0 0 0 0 0 0 0 0 0 0 0 0 0 0 0 0 0 0 0 0 0 0 0 0 0 0 0 0 0 0 0 0 0 0 0 0 0 0 0 0 0 0 0 0 0 0 0 0 0 0 0 0 0 0 0 0 0 0 0 0 0 0 0 0 0 0 0 0 0 0 0 0 0 0 0 0 0 0 0 0 0 0 0 0 0 0 0 0 0 0 0 0 0 0 0 0 0 0 0 0 0 0 0 0 0 0 0 0 0 0 0 0 0 0 0 0 0 0 0 0 0 0 0 0 0 0 0 0 0 0 0 0 0 0 0 0 0 0 0 0 212648 212644 213300 213292 213308 218612 213340 218416 213320 213339 291
[2024-06-20 12:17:50.162] [info] [wamr_interp_frame.cpp:83] function_index 1135 ip_offset 1564 lp 0x16008a3d0 sp 0x16008a744 sp_offset 221
136280 0 1 8 291 182 201561664 201557952 213228 212784 96 212656 212688 8 2 32 15 47 4294967280 32 212688 212656 0 0 20 0 20 0 1 0 0 0 0 0 136280 0 1 1 1 1 1 1 1 136280 201561664 201563392 213228 0 213228 0 1 1 1 0 0 0 0 0 0 0 0 0 0 0 291 162 291 162 0 1 0 0 0 0 0 0 0 0 0 0 0 0 0 0 0 0 0 0 0 0 0 0 0 0 0 0 0 0 0 0 0 0 0 0 0 0 0 0 0 0 0 0 0 0 0 0 0 0 0 0 0 0 0 0 0 0 0 0 0 0 0 0 0 0 0 0 0 0 0 0 0 0 0 0 0 0 0 0 0 0 0 212656 8 1 7 4294967295 0 4294967295 0 0 1 0 213228 213276 4 213280 213339 212684 4 212688 0 4294967295 4294967295 291 0 8 212656 0 0 0 0 0 0 0 0 0 0 0 0 0 0 0 0 0 0 0 0 0 0 0 0 0 0 0 0 0 0 0 0 0 0 0 0 0 0 0 291 0 0 8 212656
[2024-06-20 12:17:50.162] [info] [wamr_interp_frame.cpp:83] function_index 1130 ip_offset 2956 lp 0x160088fcc sp 0x16008a38c sp_offset 1264
136280 0 1 8 291 182 213228 213216 432 212784 212784 0 0 0 20 0 20 0 1 0 0 0 0 0 0 0 0 0 0 0 1 0 0 0 0 0 0 0 0 0 0 0 0 0 0 0 0 0 0 0 0 0 0 0 0 0 0 0 0 0 0 0 0 0 0 0 0 0 0 0 0 0 0 1 0 0 0 0 1 0 201548288 0 2 0 201548288 201561664 201561664 201557952 201561664 0 201561664 0 201561664 201557632 201557632 0 201561664 0 201561664 201559040 0 201557952 0 201557952 0 201561664 0 201561664 132 201561796 201561796 201567744 0 201567744 0 0 1 0 0 0 0 0 0 0 0 0 0 0 0 0 0 0 0 0 0 0 0 0 0 0 0 136280 201561664 201561664 291 0 0 213228 0 1 0 0 0 0 0 0 0 0 0 0 0 0 0 0 0 2 201561664 0 201557952 408 201558360 201561664 0 255 0 2 0 201558360 0 0 0 1 1 1 0 0 0 0 0 0 213228 0 1 0 0 201557952 0 201561664 201559040 1 0 1 0 1 0 0 3 1 3 1 0 1 0 0 0 0 0 0 0 0 0 0 0 0 0 0 0 0 1 201557952 201547520 0 2 0 201547520 201561664 201559040 1 1 0 0 0 0 0 1 0 0 0 0 0 0 0 0 0 1 1 1 1 1 1 1 0 1 0 0 0 0 0 0 0 0 0 0 0 0 0 0 0 0 1 0 1 0 1 1 1 0 0 0 201561664 0 1 1 1 1 1 1 1 136280 0 1 8 291 182 201561664 201557952 213228 0 0 0 0 0 0 0 0 0 0 0 0 0 0 0 0 0 0 0 0 0 0 0 0 0 0 0 0 0 0 0 0 0 0 0 0 0 0 0 0 0 0 0 0 0 0 0 0 0 0 0 0 0 0 0 0 0 0 0 0 0 0 0 0 0 0 0 0 0 0 0 0 0 0 0 0 0 0 0 0 0 0 0 0 0 0 0 0 0 0 0 0 0 0 0 0 0 0 0 0 0 0 0 0 0 0 0 0 0 0 0 0 0 0 0 0 0 0 0 0 0 0 0 0 0 0 0 0 0 0 0 0 0 0 0 0 0 0 0 0 0 0 0 0 0 0 0 0 0 0 0 0 0 0 0 0 0 0 0 0 0 0 0 0 0 0 0 0 0 0 0 0 0 0 0 0 0 0 0 0 0 0 0 0 0 0 0 0 0 0 0 0 0 0 0 0 0 0 0 0 0 0 0 0 0 0 0 0 0 0 0 0 0 0 0 0 0 0 0 0 0 0 0 0 0 0 0 0 0 0 0 0 0 0 0 0 0 0 0 0 0 0 0 0 0 0 0 0 0 0 0 0 0 0 0 0 0 0 0 0 0 0 0 0 0 0 0 0 0 0 0 0 0 0 0 0 0 0 0 0 0 0 0 0 0 0 0 0 0 0 0 0 0 0 0 0 0 0 0 0 0 0 0 0 0 0 0 0 0 0 0 0 0 0 0 0 0 0 0 0 0 0 0 0 0 0 0 0 0 0 0 0 0 0 0 0 0 0 0 0 0 0 0 0 0 0 0 0 0 0 0 0 0 0 0 0 0 0 0 0 0 0 0 0 0 0 0 0 0 0 0 0 0 0 0 0 0 0 0 0 0 0 0 0 0 0 0 0 0 0 0 0 0 0 0 0 0 0 0 0 0 0 0 0 0 0 0 0 0 0 0 0 0 0 0 0 0 0 0 0 0 0 0 0 0 0 0 0 0 0 0 0 0 0 0 0 0 0 0 0 0 0 0 0 0 0 0 0 0 0 0 0 0 0 0 0 0 0 0 0 0 0 0 0 0 0 0 0 0 0 0 0 0 0 0 0 0 0 0 0 0 0 0 0 0 0 0 0 0 0 0 0 0 0 0 0 0 0 0 0 0 0 0 0 0 0 0 0 0 0 0 0 0 0 0 0 0 0 0 0 0 0 0 0 0 0 0 0 0 0 0 0 0 0 0 0 0 0 0 0 0 0 0 0 0 0 0 0 0 0 0 0 0 0 0 0 0 0 0 0 0 0 0 0 0 0 0 0 0 0 0 0 0 0 0 0 0 0 0 0 0 0 0 0 0 0 0 0 0 0 0 0 0 0 0 0 0 0 0 0 0 0 0 0 0 0 0 0 0 0 0 0 0 0 0 0 0 0 0 0 0 0 0 0 0 0 0 0 0 0 0 0 0 0 0 0 0 0 0 0 0 0 0 0 0 0 0 0 0 0 0 0 0 0 0 0 0 0 0 0 0 0 0 0 0 0 0 0 0 0 0 0 0 0 0 0 0 0 0 0 0 0 0 0 0 0 0 0 0 0 0 0 0 0 0 0 0 0 0 0 0 0 0 0 0 0 0 0 0 0 0 0 0 0 0 0 0 0 0 0 0 0 0 0 0 0 0 0 0 0 0 0 0 0 0 0 0 0 0 0 0 0 0 0 0 0 0 0 0 0 0 0 0 0 0 0 0 0 0 0 0 0 0 0 0 0 0 0 0 0 0 0 0 0 0 0 0 0 0 0 0 0 0 0 0 0 0 0 0 0 0 0 0 0 0 0 0 0 0 0 0 0 0 0 0 0 0 0 0 0 0 0 0 0 0 0 0 0 0 0 0 0 0 0 0 0 0 0 0 0 0 0 0 0 0 0 0 0 0 0 0 0 0 0 0 0 0 0 0 0 0 0 0 0 0 0 0 0 0 0 0 0 0 0 0 0 0 0 0 0 0 0 0 0 0 0 0 0 0 0 0 0 0 0 0 0 0 0 0 0 0 0 0 0 0 0 0 0 0 0 0 0 0 0 0 0 0 0 0 0 0 0 0 0 0 0 0 0 0 0 0 0 0 0 0 0 0 0 0 0 0 0 0 0 0 0 0 0 0 0 0 0 0 0 0 0 0 0 136280 0 1 8 291 182 201561664 201557952 213228
[2024-06-20 12:17:50.162] [info] [wamr_interp_frame.cpp:83] function_index 1655 ip_offset 140 lp 0x160088f20 sp 0x160088f94 sp_offset 29
136280 8 291 213248 213248 32 213216 0 136280 0 8 291 1 182 12 213228 213228 0 0 0 0 0 136280 0 1 8 291 182 213228
[2024-06-20 12:17:50.162] [info] [wamr_interp_frame.cpp:83] function_index 1769 ip_offset 425 lp 0x160088eb4 sp 0x160088ee4 sp_offset 12
1 0 694806 130012424 4414896 213248 725067280 55320 136280 8 291 213248
[2024-06-20 12:17:50.162] [info] [wamr_interp_frame.cpp:83] function_index 1781 ip_offset 1474 lp 0x160088df8 sp 0x160088e6c sp_offset 29
0 56 213344 2999800 215888 694806 218488 723775280 55320 309 0 1005944614 26108457 308 0 348664293 3240259293 455 4294967295 220576 1048576 0 1634698913 1072134365 218612 218416 694806 1 0
[2024-06-20 12:17:50.162] [info] [wamr_interp_frame.cpp:83] function_index 4913 ip_offset 109 lp 0x160088da8 sp 0x160088dbc sp_offset 5
218624 218720 218688 3 218720
[2024-06-20 12:17:50.162] [info] [wamr_interp_frame.cpp:83] function_index 56 ip_offset 40 lp 0x160088d60 sp 0x160088d64 sp_offset 1
0
[2024-06-20 12:17:50.909] [info] [wamr.cpp:1002] Snapshot time: 0.896703 s
[2024-06-20 12:17:50.909] [info] [wamr.cpp:1003] Memory usage: 5544 MB