code 0x1259d8004 code_size 113448276
restore function_index 56
restore function_index 4913
restore function_index 1781
restore function_index 1769
restore function_index 1655
restore function_index 1130
restore function_index 1135
restore function_index 1354
restore function_index 1771
main_env created 0x4e8008000 0x6000024c8000

invoke_init_c
wakeup.release
invoke main 0x4e8008000 0x6000024c8000
[2024-06-20 12:05:25.198] [error] [wamr_export.cpp:364] wamr_handle_map old:< 140737352567808 > new:< 140737352567808 >
[2024-06-20 12:05:25.199] [info] [wamr.cpp:567] Recover time: 0.23615

Trial Time:          -604855.06512
Trial Time:          6.33641
Trial Time:          6.44666
Trial Time:          6.34370
Trial Time:          6.08620
Trial Time:          6.16729
Trial Time:          6.71504
Trial Time:          6.13710
Trial Time:          5.86514
Trial Time:          6.08308
Trial Time:          6.23931
Trial Time:          6.36771
Trial Time:          6.66483
Trial Time:          6.66218
Trial Time:          6.54116
Trial Time:          5.77726
Trial Time:          5.99301
Trial Time:          6.55109
Trial Time:          7.01865
Trial Time:          6.49891
Trial Time:          6.09376
Trial Time:          6.06250
Trial Time:          5.88224
Trial Time:          6.21440
Trial Time:          6.07139
Trial Time:          6.13561
Trial Time:          6.28007
Trial Time:          6.04746
Trial Time:          5.99201
Trial Time:          6.06552
Trial Time:          6.54849
Trial Time:          6.49681
Trial Time:          6.52410
Trial Time:          6.10376
Trial Time:          5.83599
Trial Time:          6.02088
Trial Time:          5.95628
Trial Time:          6.07071
Trial Time:          7.27865
Trial Time:          6.35853
^CCaught signal 2, performing custom logic...
serializing
[2024-06-20 12:06:12.137] [info] [wamr_interp_frame.cpp:83] function_index 1771 ip_offset 295 lp 0x4e800b574 sp 0x4e800b614 sp_offset 40
212648 212644 213300 213292 213308 218612 213340 218416 213320 213339 212560 136 0 4140 0 15412 213304 213296 3853 776638 1 4 132891760 0 0 0 0 0 0 2838080528 55157 0 0 0 0 218416 776638 1 218612 212600
[2024-06-20 12:06:12.137] [info] [wamr_interp_frame.cpp:83] function_index 1354 ip_offset 1347 lp 0x4e800a77c sp 0x4e800b4f8 sp_offset 863
291 0 0 8 212656 212656 32 212624 8 25 0 0 0 0 0 0 0 0 0 0 0 0 0 0 0 0 0 0 0 0 0 0 0 0 0 0 0 0 0 0 0 0 0 0 0 0 0 0 0 0 0 0 0 0 0 0 0 0 0 0 0 0 0 0 0 0 0 0 0 0 0 0 0 0 0 0 0 0 0 0 0 0 0 0 0 0 0 0 0 0 0 0 0 0 0 0 0 0 0 0 0 0 0 0 0 0 0 0 0 0 0 0 0 0 0 0 0 0 0 0 0 0 0 0 0 0 0 0 0 291 212656 213300 212656 213292 212656 213308 212656 218612 212656 213340 212656 218416 212656 213320 212656 213339 24 212648 212648 20 212644 212644 0 0 0 0 0 0 0 0 0 0 0 0 0 0 0 0 0 0 0 0 0 0 0 0 0 0 0 0 0 0 0 0 0 0 0 0 0 0 0 0 0 0 0 0 0 0 0 0 0 0 0 0 0 0 0 0 0 0 0 0 0 0 0 0 0 0 0 0 0 0 0 0 0 0 0 0 0 0 0 0 0 0 0 0 0 0 0 0 0 0 0 0 0 0 0 0 0 0 0 0 0 0 0 0 0 0 0 0 0 0 0 0 0 0 0 0 0 0 0 0 0 0 0 0 0 0 0 0 0 0 0 0 0 0 0 0 0 0 0 0 0 0 0 0 0 0 0 0 0 0 0 0 0 0 0 0 0 0 0 0 0 0 0 0 0 0 0 0 0 0 0 0 0 0 0 0 0 0 0 0 0 0 0 0 0 0 0 0 0 0 0 0 0 0 0 0 0 0 0 0 0 0 0 0 0 0 0 0 0 0 0 0 0 0 0 0 0 0 0 0 0 0 0 0 0 0 0 0 0 0 0 0 0 0 0 0 0 0 0 0 0 0 0 0 0 0 0 0 0 0 0 0 0 0 0 0 0 0 0 0 0 0 0 0 0 0 0 0 0 0 0 0 0 0 0 0 0 0 0 0 0 0 0 0 0 0 0 0 0 0 0 0 0 0 0 0 0 0 0 0 0 0 0 0 0 0 0 0 0 0 0 0 0 0 0 0 0 0 0 0 0 0 0 0 0 0 0 0 0 0 0 0 0 0 0 0 0 0 0 0 0 0 0 0 0 0 0 0 0 0 0 0 0 0 0 0 0 0 0 0 0 0 0 0 0 0 0 0 0 0 0 0 0 0 0 0 0 0 0 0 0 0 0 0 0 0 0 0 0 0 0 0 0 0 0 0 0 0 0 0 0 0 0 0 0 0 0 0 0 0 0 0 0 0 0 0 0 0 0 0 0 0 0 0 0 0 0 0 0 0 0 0 0 0 0 0 0 0 0 0 0 0 0 0 0 0 0 0 0 0 0 0 0 0 0 0 0 0 0 0 0 0 0 0 0 0 0 0 0 0 0 0 0 0 0 0 0 0 0 0 0 0 0 0 0 0 0 0 0 0 0 0 0 0 0 0 0 0 0 0 0 0 0 0 0 0 0 0 0 0 0 0 0 0 0 0 0 0 0 0 0 0 0 0 0 0 0 0 0 0 0 0 0 0 0 0 0 0 0 0 0 0 0 0 0 0 0 0 0 0 0 0 0 0 0 0 0 0 0 0 0 0 0 0 0 0 0 0 0 0 0 0 0 0 0 0 0 0 0 0 0 0 0 0 0 0 0 0 0 0 0 0 0 0 0 0 0 0 0 0 0 0 0 0 0 0 0 0 0 0 0 0 0 0 0 0 0 0 0 0 0 0 0 0 0 0 0 0 0 0 0 0 0 0 0 0 0 0 0 0 0 0 0 0 0 0 0 0 0 0 0 0 0 0 0 0 0 0 0 0 0 0 0 0 0 0 0 0 0 0 0 0 0 0 0 0 0 0 0 0 0 0 0 0 0 0 0 0 0 0 0 0 0 0 0 0 0 0 0 0 212648 212644 213300 213292 213308 218612 213340 218416 213320 213339 291
[2024-06-20 12:06:12.137] [info] [wamr_interp_frame.cpp:83] function_index 1135 ip_offset 1564 lp 0x4e800a3d0 sp 0x4e800a744 sp_offset 221
136280 0 1 8 291 182 201561664 201557952 213228 212784 96 212656 212688 8 2 32 15 47 4294967280 32 212688 212656 0 0 20 0 20 0 1 0 0 0 0 0 136280 0 1 1 1 1 1 1 1 136280 201561664 201563392 213228 0 213228 0 1 1 1 0 0 0 0 0 0 0 0 0 0 0 291 162 291 162 0 1 0 0 0 0 0 0 0 0 0 0 0 0 0 0 0 0 0 0 0 0 0 0 0 0 0 0 0 0 0 0 0 0 0 0 0 0 0 0 0 0 0 0 0 0 0 0 0 0 0 0 0 0 0 0 0 0 0 0 0 0 0 0 0 0 0 0 0 0 0 0 0 0 0 0 0 0 0 0 0 0 0 212656 8 1 7 4294967295 0 4294967295 0 0 1 0 213228 213276 4 213280 213339 212684 4 212688 0 4294967295 4294967295 291 0 8 212656 0 0 0 0 0 0 0 0 0 0 0 0 0 0 0 0 0 0 0 0 0 0 0 0 0 0 0 0 0 0 0 0 0 0 0 0 0 0 0 291 0 0 8 212656
[2024-06-20 12:06:12.138] [info] [wamr_interp_frame.cpp:83] function_index 1130 ip_offset 2956 lp 0x4e8008fcc sp 0x4e800a38c sp_offset 1264
136280 0 1 8 291 182 213228 213216 432 212784 212784 0 0 0 20 0 20 0 1 0 0 0 0 0 0 0 0 0 0 0 1 0 0 0 0 0 0 0 0 0 0 0 0 0 0 0 0 0 0 0 0 0 0 0 0 0 0 0 0 0 0 0 0 0 0 0 0 0 0 0 0 0 0 1 0 0 0 0 1 0 201548288 0 2 0 201548288 201561664 201561664 201557952 201561664 0 201561664 0 201561664 201557632 201557632 0 201561664 0 201561664 201559040 0 201557952 0 201557952 0 201561664 0 201561664 132 201561796 201561796 201567744 0 201567744 0 0 1 0 0 0 0 0 0 0 0 0 0 0 0 0 0 0 0 0 0 0 0 0 0 0 0 136280 201561664 201561664 291 0 0 213228 0 1 0 0 0 0 0 0 0 0 0 0 0 0 0 0 0 2 201561664 0 201557952 408 201558360 201561664 0 255 0 2 0 201558360 0 0 0 1 1 1 0 0 0 0 0 0 213228 0 1 0 0 201557952 0 201561664 201559040 1 0 1 0 1 0 0 3 1 3 1 0 1 0 0 0 0 0 0 0 0 0 0 0 0 0 0 0 0 1 201557952 201547520 0 2 0 201547520 201561664 201559040 1 1 0 0 0 0 0 1 0 0 0 0 0 0 0 0 0 1 1 1 1 1 1 1 0 1 0 0 0 0 0 0 0 0 0 0 0 0 0 0 0 0 1 0 1 0 1 1 1 0 0 0 201561664 0 1 1 1 1 1 1 1 136280 0 1 8 291 182 201561664 201557952 213228 0 0 0 0 0 0 0 0 0 0 0 0 0 0 0 0 0 0 0 0 0 0 0 0 0 0 0 0 0 0 0 0 0 0 0 0 0 0 0 0 0 0 0 0 0 0 0 0 0 0 0 0 0 0 0 0 0 0 0 0 0 0 0 0 0 0 0 0 0 0 0 0 0 0 0 0 0 0 0 0 0 0 0 0 0 0 0 0 0 0 0 0 0 0 0 0 0 0 0 0 0 0 0 0 0 0 0 0 0 0 0 0 0 0 0 0 0 0 0 0 0 0 0 0 0 0 0 0 0 0 0 0 0 0 0 0 0 0 0 0 0 0 0 0 0 0 0 0 0 0 0 0 0 0 0 0 0 0 0 0 0 0 0 0 0 0 0 0 0 0 0 0 0 0 0 0 0 0 0 0 0 0 0 0 0 0 0 0 0 0 0 0 0 0 0 0 0 0 0 0 0 0 0 0 0 0 0 0 0 0 0 0 0 0 0 0 0 0 0 0 0 0 0 0 0 0 0 0 0 0 0 0 0 0 0 0 0 0 0 0 0 0 0 0 0 0 0 0 0 0 0 0 0 0 0 0 0 0 0 0 0 0 0 0 0 0 0 0 0 0 0 0 0 0 0 0 0 0 0 0 0 0 0 0 0 0 0 0 0 0 0 0 0 0 0 0 0 0 0 0 0 0 0 0 0 0 0 0 0 0 0 0 0 0 0 0 0 0 0 0 0 0 0 0 0 0 0 0 0 0 0 0 0 0 0 0 0 0 0 0 0 0 0 0 0 0 0 0 0 0 0 0 0 0 0 0 0 0 0 0 0 0 0 0 0 0 0 0 0 0 0 0 0 0 0 0 0 0 0 0 0 0 0 0 0 0 0 0 0 0 0 0 0 0 0 0 0 0 0 0 0 0 0 0 0 0 0 0 0 0 0 0 0 0 0 0 0 0 0 0 0 0 0 0 0 0 0 0 0 0 0 0 0 0 0 0 0 0 0 0 0 0 0 0 0 0 0 0 0 0 0 0 0 0 0 0 0 0 0 0 0 0 0 0 0 0 0 0 0 0 0 0 0 0 0 0 0 0 0 0 0 0 0 0 0 0 0 0 0 0 0 0 0 0 0 0 0 0 0 0 0 0 0 0 0 0 0 0 0 0 0 0 0 0 0 0 0 0 0 0 0 0 0 0 0 0 0 0 0 0 0 0 0 0 0 0 0 0 0 0 0 0 0 0 0 0 0 0 0 0 0 0 0 0 0 0 0 0 0 0 0 0 0 0 0 0 0 0 0 0 0 0 0 0 0 0 0 0 0 0 0 0 0 0 0 0 0 0 0 0 0 0 0 0 0 0 0 0 0 0 0 0 0 0 0 0 0 0 0 0 0 0 0 0 0 0 0 0 0 0 0 0 0 0 0 0 0 0 0 0 0 0 0 0 0 0 0 0 0 0 0 0 0 0 0 0 0 0 0 0 0 0 0 0 0 0 0 0 0 0 0 0 0 0 0 0 0 0 0 0 0 0 0 0 0 0 0 0 0 0 0 0 0 0 0 0 0 0 0 0 0 0 0 0 0 0 0 0 0 0 0 0 0 0 0 0 0 0 0 0 0 0 0 0 0 0 0 0 0 0 0 0 0 0 0 0 0 0 0 0 0 0 0 0 0 0 0 0 0 0 0 0 0 0 0 0 0 0 0 0 0 0 0 0 0 0 0 0 0 0 0 0 0 0 0 0 0 0 0 0 0 0 0 0 0 0 0 0 0 0 0 0 0 0 0 0 0 0 0 0 0 0 0 0 0 0 0 0 0 0 0 0 0 0 0 0 0 0 0 0 0 0 0 0 0 0 0 0 0 0 0 0 0 0 0 0 0 0 0 0 0 0 0 0 0 0 0 0 0 0 0 0 0 0 0 0 0 0 0 0 0 0 0 0 0 0 0 0 0 0 0 0 0 0 0 0 0 0 0 0 0 0 0 0 0 0 0 0 0 0 0 0 0 0 0 0 0 0 0 0 0 0 0 0 0 0 0 0 0 0 0 0 0 0 0 0 0 0 0 0 0 0 0 0 0 0 0 0 0 0 0 0 0 0 0 0 0 0 0 0 0 0 0 0 0 0 0 0 0 0 0 0 0 0 0 0 0 0 136280 0 1 8 291 182 201561664 201557952 213228
[2024-06-20 12:06:12.138] [info] [wamr_interp_frame.cpp:83] function_index 1655 ip_offset 140 lp 0x4e8008f20 sp 0x4e8008f94 sp_offset 29
136280 8 291 213248 213248 32 213216 0 136280 0 8 291 1 182 12 213228 213228 0 0 0 0 0 136280 0 1 8 291 182 213228
[2024-06-20 12:06:12.138] [info] [wamr_interp_frame.cpp:83] function_index 1769 ip_offset 425 lp 0x4e8008eb4 sp 0x4e8008ee4 sp_offset 12
1 0 370048 130012424 4414896 213248 2103863528 55157 136280 8 291 213248
[2024-06-20 12:06:12.138] [info] [wamr_interp_frame.cpp:83] function_index 1781 ip_offset 1474 lp 0x4e8008df8 sp 0x4e8008e6c sp_offset 29
0 72 213344 1700768 215888 370048 218488 2102607528 55157 309 0 169251762 3680760660 308 0 2008664128 3240260690 252 4294967295 220576 1048576 0 906272459 1072226535 218612 218416 370048 1 0
[2024-06-20 12:06:12.138] [info] [wamr_interp_frame.cpp:83] function_index 4913 ip_offset 109 lp 0x4e8008da8 sp 0x4e8008dbc sp_offset 5
218624 218720 218688 3 218720
[2024-06-20 12:06:12.138] [info] [wamr_interp_frame.cpp:83] function_index 56 ip_offset 40 lp 0x4e8008d60 sp 0x4e8008d64 sp_offset 1
0
[2024-06-20 12:06:12.484] [info] [wamr.cpp:1002] Snapshot time: 0.503022 s
[2024-06-20 12:06:12.484] [info] [wamr.cpp:1003] Memory usage: 1535 MB