code 0x40000004 code_size 61598088
restore function_index 56
restore function_index 4913
restore function_index 1781
restore function_index 1769
restore function_index 1655
restore function_index 1130
restore function_index 1135
restore function_index 1354
restore function_index 1771
main_env created 0x5555559342e0 0x555555918e80

invoke_init_c
wakeup.release
invoke main 0x5555559342e0 0x555555918e80
[2024-06-19 21:12:08.567] [error] [wamr_export.cpp:364] wamr_handle_map old:< 8324201280 > new:< 8324201280 >
[2024-06-19 21:12:08.568] [info] [wamr.cpp:570] Recover time: 0.539041

Trial Time:          609611.40374
Trial Time:          0.52600
Trial Time:          0.54871
Trial Time:          0.58523
Trial Time:          0.52667
Trial Time:          0.55479
Trial Time:          0.53181
Trial Time:          0.54414
Trial Time:          0.53131
Trial Time:          0.54272
Trial Time:          0.53115
Trial Time:          0.54127
Trial Time:          0.52444
Trial Time:          0.54065
Trial Time:          0.52274
Trial Time:          0.54220
Trial Time:          0.52327
Trial Time:          0.51751
Trial Time:          0.54941
Trial Time:          0.51324
Trial Time:          0.54694
Trial Time:          0.51489
Trial Time:          0.55748
Trial Time:          0.51788
Trial Time:          0.54844
Trial Time:          0.52619
Trial Time:          0.51740
Trial Time:          0.54752
Trial Time:          0.52745
Trial Time:          0.55467
Trial Time:          0.51878
Trial Time:          0.55939
Trial Time:          0.51137
Trial Time:          0.55452
Trial Time:          0.51285
Trial Time:          0.53101
Trial Time:          0.51821
Trial Time:          0.55367
Trial Time:          0.50828
Trial Time:          0.55682
Trial Time:          0.50651
Trial Time:          0.56375
Trial Time:          0.51086
Trial Time:          0.53232
Trial Time:          0.54241
Trial Time:          0.52548
Trial Time:          0.52608
Trial Time:          0.51273
Trial Time:          0.55510
Trial Time:          0.50823
Trial Time:          0.55034
Trial Time:          0.52288
Trial Time:          0.51988
Trial Time:          0.54926
Trial Time:          0.53302
Trial Time:          0.51985
Trial Time:          0.54340
Trial Time:          0.52924
Trial Time:          0.51256
Trial Time:          0.52947
Trial Time:          0.54295
Trial Time:          0.52874
Trial Time:          0.51109
Trial Time:          0.55803
Trial Time:          0.50495
Trial Time:          0.53010
Trial Time:          0.54920
Trial Time:          0.53193
Trial Time:          0.52227
Trial Time:          0.55492
Trial Time:          0.50646
Trial Time:          0.52893
Trial Time:          0.51643
Trial Time:          0.52695
Trial Time:          0.54964
Trial Time:          0.52141
Trial Time:          0.51497
Trial Time:          0.57234
Trial Time:          0.51550
Trial Time:          0.52132
Trial Time:          0.53007
Trial Time:          0.54270
Trial Time:          0.52810
Trial Time:          0.51860
Trial Time:          0.55412
Trial Time:          0.53270
Trial Time:          0.50686
Trial Time:          0.52707
Trial Time:          0.51915
Trial Time:          0.52346
Trial Time:          0.55486
Trial Time:          0.51390
Trial Time:          0.52725
Trial Time:          0.51617
Trial Time:          0.54456
Trial Time:          0.53136
Trial Time:          0.51543
Trial Time:          0.52538
Trial Time:          0.51830
Trial Time:          0.53510
Trial Time:          0.52762
Trial Time:          0.53108
Trial Time:          0.54972
Trial Time:          0.52746
Trial Time:          0.50916
Trial Time:          0.52458
Trial Time:          0.52346
Trial Time:          0.51324
Trial Time:          0.52590
Trial Time:          0.52397
Trial Time:          0.53259
Trial Time:          0.50605
Trial Time:          0.55977
Trial Time:          0.51135
Trial Time:          0.51948
Trial Time:          0.52040
Trial Time:          0.51763
Trial Time:          0.55344
Trial Time:          0.50758
Trial Time:          0.52082
Trial Time:          0.51384
Trial Time:          0.52044
Trial Time:          0.55748
Trial Time:          0.51538
Trial Time:          0.51501
Trial Time:          0.51806
Trial Time:          0.51429
Trial Time:          0.54679
Trial Time:          0.52546
Trial Time:          0.50868
Trial Time:          0.52075
Trial Time:          0.52613
Trial Time:          0.51908
Trial Time:          0.52370
Trial Time:          0.51655
Trial Time:          0.55124
Trial Time:          0.51404
Trial Time:          0.51316
Trial Time:          0.52255
Trial Time:          0.50912
Trial Time:          0.56062
Trial Time:          0.51195
Trial Time:          0.52127
Trial Time:          0.50767
Trial Time:          0.52691
Trial Time:          0.54891
Trial Time:          0.52538
^CCaught signal 2, performing custom logic...
^C[2024-06-19 21:13:31.760] [info] [wamr_interp_frame.cpp:82] function_index 1771 ip_offset 295 lp 0x55555593783c sp 0x5555559378dc sp_offset 40
212648 212644 213300 213292 213308 218612 213340 218416 213320 213339 212560 74 0 6708 0 9120 213304 213296 2280 914298 1 4 133274000 0 0 0 0 0 0 3463590022 197111 0 0 0 0 218416 914298 1 218612 212600 
[2024-06-19 21:13:31.760] [info] [wamr_interp_frame.cpp:82] function_index 1354 ip_offset 1347 lp 0x555555936a44 sp 0x5555559377c0 sp_offset 863
291 0 0 8 212656 212656 32 212624 8 25 0 0 0 0 0 0 0 0 0 0 0 0 0 0 0 0 0 0 0 0 0 0 0 0 0 0 0 0 0 0 0 0 0 0 0 0 0 0 0 0 0 0 0 0 0 0 0 0 0 0 0 0 0 0 0 0 0 0 0 0 0 0 0 0 0 0 0 0 0 0 0 0 0 0 0 0 0 0 0 0 0 0 0 0 0 0 0 0 0 0 0 0 0 0 0 0 0 0 0 0 0 0 0 0 0 0 0 0 0 0 0 0 0 0 0 0 0 0 0 291 212656 213300 212656 213292 212656 213308 212656 218612 212656 213340 212656 218416 212656 213320 212656 213339 24 212648 212648 20 212644 212644 0 0 0 0 0 0 0 0 0 0 0 0 0 0 0 0 0 0 0 0 0 0 0 0 0 0 0 0 0 0 0 0 0 0 0 0 0 0 0 0 0 0 0 0 0 0 0 0 0 0 0 0 0 0 0 0 0 0 0 0 0 0 0 0 0 0 0 0 0 0 0 0 0 0 0 0 0 0 0 0 0 0 0 0 0 0 0 0 0 0 0 0 0 0 0 0 0 0 0 0 0 0 0 0 0 0 0 0 0 0 0 0 0 0 0 0 0 0 0 0 0 0 0 0 0 0 0 0 0 0 0 0 0 0 0 0 0 0 0 0 0 0 0 0 0 0 0 0 0 0 0 0 0 0 0 0 0 0 0 0 0 0 0 0 0 0 0 0 0 0 0 0 0 0 0 0 0 0 0 0 0 0 0 0 0 0 0 0 0 0 0 0 0 0 0 0 0 0 0 0 0 0 0 0 0 0 0 0 0 0 0 0 0 0 0 0 0 0 0 0 0 0 0 0 0 0 0 0 0 0 0 0 0 0 0 0 0 0 0 0 0 0 0 0 0 0 0 0 0 0 0 0 0 0 0 0 0 0 0 0 0 0 0 0 0 0 0 0 0 0 0 0 0 0 0 0 0 0 0 0 0 0 0 0 0 0 0 0 0 0 0 0 0 0 0 0 0 0 0 0 0 0 0 0 0 0 0 0 0 0 0 0 0 0 0 0 0 0 0 0 0 0 0 0 0 0 0 0 0 0 0 0 0 0 0 0 0 0 0 0 0 0 0 0 0 0 0 0 0 0 0 0 0 0 0 0 0 0 0 0 0 0 0 0 0 0 0 0 0 0 0 0 0 0 0 0 0 0 0 0 0 0 0 0 0 0 0 0 0 0 0 0 0 0 0 0 0 0 0 0 0 0 0 0 0 0 0 0 0 0 0 0 0 0 0 0 0 0 0 0 0 0 0 0 0 0 0 0 0 0 0 0 0 0 0 0 0 0 0 0 0 0 0 0 0 0 0 0 0 0 0 0 0 0 0 0 0 0 0 0 0 0 0 0 0 0 0 0 0 0 0 0 0 0 0 0 0 0 0 0 0 0 0 0 0 0 0 0 0 0 0 0 0 0 0 0 0 0 0 0 0 0 0 0 0 0 0 0 0 0 0 0 0 0 0 0 0 0 0 0 0 0 0 0 0 0 0 0 0 0 0 0 0 0 0 0 0 0 0 0 0 0 0 0 0 0 0 0 0 0 0 0 0 0 0 0 0 0 0 0 0 0 0 0 0 0 0 0 0 0 0 0 0 0 0 0 0 0 0 0 0 0 0 0 0 0 0 0 0 0 0 0 0 0 0 0 0 0 0 0 0 0 0 0 0 0 0 0 0 0 0 0 0 0 0 0 0 0 0 0 0 0 0 0 0 0 0 0 0 0 0 0 0 0 0 0 0 0 0 0 0 0 0 0 0 0 0 0 0 0 0 0 0 0 0 0 0 0 0 0 0 0 0 0 0 0 0 0 0 0 0 0 0 0 0 0 0 0 0 0 0 0 0 0 0 0 0 0 0 0 0 0 0 0 0 0 0 0 0 0 212648 212644 213300 213292 213308 218612 213340 218416 213320 213339 291 
[2024-06-19 21:13:31.760] [info] [wamr_interp_frame.cpp:82] function_index 1135 ip_offset 1564 lp 0x555555936698 sp 0x555555936a0c sp_offset 221
136280 0 1 8 291 182 201561664 201557952 213228 212784 96 212656 212688 8 2 32 15 47 4294967280 32 212688 212656 0 0 20 0 20 0 1 0 0 0 0 0 136280 0 1 1 1 1 1 1 1 136280 201561664 201563392 213228 0 213228 0 1 1 1 0 0 0 0 0 0 0 0 0 0 0 291 162 291 162 0 1 0 0 0 0 0 0 0 0 0 0 0 0 0 0 0 0 0 0 0 0 0 0 0 0 0 0 0 0 0 0 0 0 0 0 0 0 0 0 0 0 0 0 0 0 0 0 0 0 0 0 0 0 0 0 0 0 0 0 0 0 0 0 0 0 0 0 0 0 0 0 0 0 0 0 0 0 0 0 0 0 0 212656 8 1 7 4294967295 0 4294967295 0 0 1 0 213228 213276 4 213280 213339 212684 4 212688 0 4294967295 4294967295 291 0 8 212656 0 0 0 0 0 0 0 0 0 0 0 0 0 0 0 0 0 0 0 0 0 0 0 0 0 0 0 0 0 0 0 0 0 0 0 0 0 0 0 291 0 0 8 212656 
[2024-06-19 21:13:31.760] [info] [wamr_interp_frame.cpp:82] function_index 1130 ip_offset 2956 lp 0x555555935294 sp 0x555555936654 sp_offset 1264
136280 0 1 8 291 182 213228 213216 432 212784 212784 0 0 0 20 0 20 0 1 0 0 0 0 0 0 0 0 0 0 0 1 0 0 0 0 0 0 0 0 0 0 0 0 0 0 0 0 0 0 0 0 0 0 0 0 0 0 0 0 0 0 0 0 0 0 0 0 0 0 0 0 0 0 1 0 0 0 0 1 0 201548288 0 2 0 201548288 201561664 201561664 201557952 201561664 0 201561664 0 201561664 201557632 201557632 0 201561664 0 201561664 201559040 0 201557952 0 201557952 0 201561664 0 201561664 132 201561796 201561796 201567744 0 201567744 0 0 1 0 0 0 0 0 0 0 0 0 0 0 0 0 0 0 0 0 0 0 0 0 0 0 0 136280 201561664 201561664 291 0 0 213228 0 1 0 0 0 0 0 0 0 0 0 0 0 0 0 0 0 2 201561664 0 201557952 408 201558360 201561664 0 255 0 2 0 201558360 0 0 0 1 1 1 0 0 0 0 0 0 213228 0 1 0 0 201557952 0 201561664 201559040 1 0 1 0 1 0 0 3 1 3 1 0 1 0 0 0 0 0 0 0 0 0 0 0 0 0 0 0 0 1 201557952 201547520 0 2 0 201547520 201561664 201559040 1 1 0 0 0 0 0 1 0 0 0 0 0 0 0 0 0 1 1 1 1 1 1 1 0 1 0 0 0 0 0 0 0 0 0 0 0 0 0 0 0 0 1 0 1 0 1 1 1 0 0 0 201561664 0 1 1 1 1 1 1 1 136280 0 1 8 291 182 201561664 201557952 213228 0 0 0 0 0 0 0 0 0 0 0 0 0 0 0 0 0 0 0 0 0 0 0 0 0 0 0 0 0 0 0 0 0 0 0 0 0 0 0 0 0 0 0 0 0 0 0 0 0 0 0 0 0 0 0 0 0 0 0 0 0 0 0 0 0 0 0 0 0 0 0 0 0 0 0 0 0 0 0 0 0 0 0 0 0 0 0 0 0 0 0 0 0 0 0 0 0 0 0 0 0 0 0 0 0 0 0 0 0 0 0 0 0 0 0 0 0 0 0 0 0 0 0 0 0 0 0 0 0 0 0 0 0 0 0 0 0 0 0 0 0 0 0 0 0 0 0 0 0 0 0 0 0 0 0 0 0 0 0 0 0 0 0 0 0 0 0 0 0 0 0 0 0 0 0 0 0 0 0 0 0 0 0 0 0 0 0 0 0 0 0 0 0 0 0 0 0 0 0 0 0 0 0 0 0 0 0 0 0 0 0 0 0 0 0 0 0 0 0 0 0 0 0 0 0 0 0 0 0 0 0 0 0 0 0 0 0 0 0 0 0 0 0 0 0 0 0 0 0 0 0 0 0 0 0 0 0 0 0 0 0 0 0 0 0 0 0 0 0 0 0 0 0 0 0 0 0 0 0 0 0 0 0 0 0 0 0 0 0 0 0 0 0 0 0 0 0 0 0 0 0 0 0 0 0 0 0 0 0 0 0 0 0 0 0 0 0 0 0 0 0 0 0 0 0 0 0 0 0 0 0 0 0 0 0 0 0 0 0 0 0 0 0 0 0 0 0 0 0 0 0 0 0 0 0 0 0 0 0 0 0 0 0 0 0 0 0 0 0 0 0 0 0 0 0 0 0 0 0 0 0 0 0 0 0 0 0 0 0 0 0 0 0 0 0 0 0 0 0 0 0 0 0 0 0 0 0 0 0 0 0 0 0 0 0 0 0 0 0 0 0 0 0 0 0 0 0 0 0 0 0 0 0 0 0 0 0 0 0 0 0 0 0 0 0 0 0 0 0 0 0 0 0 0 0 0 0 0 0 0 0 0 0 0 0 0 0 0 0 0 0 0 0 0 0 0 0 0 0 0 0 0 0 0 0 0 0 0 0 0 0 0 0 0 0 0 0 0 0 0 0 0 0 0 0 0 0 0 0 0 0 0 0 0 0 0 0 0 0 0 0 0 0 0 0 0 0 0 0 0 0 0 0 0 0 0 0 0 0 0 0 0 0 0 0 0 0 0 0 0 0 0 0 0 0 0 0 0 0 0 0 0 0 0 0 0 0 0 0 0 0 0 0 0 0 0 0 0 0 0 0 0 0 0 0 0 0 0 0 0 0 0 0 0 0 0 0 0 0 0 0 0 0 0 0 0 0 0 0 0 0 0 0 0 0 0 0 0 0 0 0 0 0 0 0 0 0 0 0 0 0 0 0 0 0 0 0 0 0 0 0 0 0 0 0 0 0 0 0 0 0 0 0 0 0 0 0 0 0 0 0 0 0 0 0 0 0 0 0 0 0 0 0 0 0 0 0 0 0 0 0 0 0 0 0 0 0 0 0 0 0 0 0 0 0 0 0 0 0 0 0 0 0 0 0 0 0 0 0 0 0 0 0 0 0 0 0 0 0 0 0 0 0 0 0 0 0 0 0 0 0 0 0 0 0 0 0 0 0 0 0 0 0 0 0 0 0 0 0 0 0 0 0 0 0 0 0 0 0 0 0 0 0 0 0 0 0 0 0 0 0 0 0 0 0 0 0 0 0 0 0 0 0 0 0 0 0 0 0 0 0 0 0 0 0 0 0 0 0 0 0 0 0 0 0 0 0 0 0 0 0 0 0 0 0 0 0 0 0 0 0 0 0 0 0 0 0 0 0 0 0 0 0 0 0 0 0 0 0 0 0 0 0 0 0 0 0 0 0 0 0 0 0 0 0 0 0 0 0 0 0 0 0 0 0 0 0 0 0 0 0 0 0 0 0 0 0 0 0 0 0 0 0 0 0 0 0 0 0 0 0 0 0 0 0 0 0 0 0 0 0 0 0 0 0 0 0 0 0 0 0 0 0 0 0 0 0 0 0 0 0 0 0 0 0 0 0 0 0 0 0 0 0 0 0 0 0 0 0 0 0 0 0 0 0 0 0 0 136280 0 1 8 291 182 201561664 201557952 213228 
[2024-06-19 21:13:31.760] [info] [wamr_interp_frame.cpp:82] function_index 1655 ip_offset 140 lp 0x5555559351e8 sp 0x55555593525c sp_offset 29
136280 8 291 213248 213248 32 213216 0 136280 0 8 291 1 182 12 213228 213228 0 0 0 0 0 136280 0 1 8 291 182 213228 
[2024-06-19 21:13:31.760] [info] [wamr_interp_frame.cpp:82] function_index 1769 ip_offset 425 lp 0x55555593517c sp 0x5555559351ac sp_offset 12
1 0 823275 130012424 4414896 213248 3032661007 197111 136280 8 291 213248 
[2024-06-19 21:13:31.760] [info] [wamr_interp_frame.cpp:82] function_index 1781 ip_offset 1474 lp 0x5555559350c0 sp 0x555555935134 sp_offset 29
0 282 213344 3513676 215888 823275 218488 3032171517 197111 309 0 3067661749 4177745005 308 0 852129303 1085501306 399 4294967295 220576 1048576 0 2780704489 1071697906 218612 218416 823275 1 0 
[2024-06-19 21:13:31.760] [info] [wamr_interp_frame.cpp:82] function_index 4913 ip_offset 109 lp 0x555555935070 sp 0x555555935084 sp_offset 5
218624 218720 218688 3 218720 
[2024-06-19 21:13:31.760] [info] [wamr_interp_frame.cpp:82] function_index 56 ip_offset 40 lp 0x555555935028 sp 0x55555593502c sp_offset 1
0 
[2024-06-19 21:13:33.229] [info] [wamr.cpp:1007] Snapshot time: 1.754383 s
[2024-06-19 21:13:33.229] [info] [wamr.cpp:1008] Max Interval: 0
[2024-06-19 21:13:33.229] [info] [wamr.cpp:1009] Memory usage: 8654 MB