code 0x40000004 code_size 61598088
restore function_index 56
restore function_index 4913
restore function_index 1781
restore function_index 1769
restore function_index 1655
restore function_index 1130
restore function_index 1135
restore function_index 1354
restore function_index 1771
main_env created 0x5555559342e0 0x555555918e80

invoke_init_c
wakeup.release
invoke main 0x5555559342e0 0x555555918e80
[2024-06-19 21:30:18.838] [error] [wamr_export.cpp:364] wamr_handle_map old:< 8324201280 > new:< 8324201280 >
[2024-06-19 21:30:18.838] [info] [wamr.cpp:570] Recover time: 0.5122

Trial Time:          610003.40289
Trial Time:          0.53107
Trial Time:          0.54685
Trial Time:          0.50727
Trial Time:          0.54167
Trial Time:          0.51288
Trial Time:          0.54975
Trial Time:          0.51486
Trial Time:          0.51480
Trial Time:          0.53043
Trial Time:          0.52348
Trial Time:          0.53833
Trial Time:          0.52033
Trial Time:          0.53358
Trial Time:          0.52157
Trial Time:          0.53788
Trial Time:          0.53732
Trial Time:          0.50421
Trial Time:          0.54677
Trial Time:          0.51466
Trial Time:          0.51224
Trial Time:          0.55254
Trial Time:          0.50474
Trial Time:          0.54098
Trial Time:          0.52644
Trial Time:          0.52908
Trial Time:          0.51402
Trial Time:          0.50011
Trial Time:          0.54786
Trial Time:          0.50424
Trial Time:          0.53304
Trial Time:          0.49933
Trial Time:          0.55202
Trial Time:          0.50146
Trial Time:          0.55070
Trial Time:          0.51996
Trial Time:          0.51160
Trial Time:          0.53990
Trial Time:          0.52299
Trial Time:          0.50195
Trial Time:          0.54357
Trial Time:          0.50677
Trial Time:          0.52257
Trial Time:          0.51131
Trial Time:          0.52271
Trial Time:          0.51291
Trial Time:          0.54343
Trial Time:          0.50889
Trial Time:          0.52261
Trial Time:          0.53265
Trial Time:          0.52624
Trial Time:          0.50787
Trial Time:          0.55023
Trial Time:          0.50538
Trial Time:          0.52874
Trial Time:          0.51969
Trial Time:          0.52615
Trial Time:          0.53443
Trial Time:          0.54083
Trial Time:          0.53104
Trial Time:          0.50849
Trial Time:          0.53101
Trial Time:          0.53744
Trial Time:          0.52954
Trial Time:          0.51634
Trial Time:          0.54667
Trial Time:          0.51517
Trial Time:          0.52805
Trial Time:          0.51534
Trial Time:          0.55791
Trial Time:          0.51933
Trial Time:          0.51025
Trial Time:          0.53559
Trial Time:          0.51126
Trial Time:          0.53075
Trial Time:          0.53838
Trial Time:          0.52929
Trial Time:          0.50808
Trial Time:          0.53024
Trial Time:          0.55362
Trial Time:          0.52760
Trial Time:          0.51235
Trial Time:          0.56307
Trial Time:          0.51481
Trial Time:          0.52327
Trial Time:          0.51167
Trial Time:          0.52951
Trial Time:          0.54654
Trial Time:          0.52096
Trial Time:          0.51554
Trial Time:          0.51997
Trial Time:          0.51872
Trial Time:          0.52632
Trial Time:          0.51584
Trial Time:          0.55361
Trial Time:          0.51833
Trial Time:          0.52082
Trial Time:          0.51243
Trial Time:          0.53568
Trial Time:          0.55077
Trial Time:          0.52050
Trial Time:          0.52319
Trial Time:          0.52110
Trial Time:          0.54917
Trial Time:          0.51639
Trial Time:          0.53329
Trial Time:          0.51925
Trial Time:          0.53118
Trial Time:          0.54868
Trial Time:          0.52671
Trial Time:          0.51565
Trial Time:          0.53020
Trial Time:          0.52325
Trial Time:          0.52098
Trial Time:          0.52977
Trial Time:          0.50273
Trial Time:          0.52983
Trial Time:          0.53572
Trial Time:          0.53235
Trial Time:          0.51634
Trial Time:          0.52325
Trial Time:          0.52301
Trial Time:          0.54181
Trial Time:          0.52220
Trial Time:          0.51722
Trial Time:          0.53101
Trial Time:          0.54222
Trial Time:          0.53476
Trial Time:          0.51591
Trial Time:          0.51987
Trial Time:          0.51942
Trial Time:          0.55028
Trial Time:          0.52219
Trial Time:          0.52612
Trial Time:          0.52179
Trial Time:          0.51923
Trial Time:          0.53353
Trial Time:          0.51922
Trial Time:          0.52744
Trial Time:          0.51527
Trial Time:          0.55338
Trial Time:          0.51559
Trial Time:          0.52426
Trial Time:          0.51447
Trial Time:          0.53223
Trial Time:          0.54015
Trial Time:          0.53470
Trial Time:          0.51093
Trial Time:          0.53112
Trial Time:          0.54881
Trial Time:          0.53295
Trial Time:          0.51213
Trial Time:          0.52034
Trial Time:          0.51936
Trial Time:          0.54417
Trial Time:          0.51975
Trial Time:          0.52005
Trial Time:          0.52510
Trial Time:          0.51530
Trial Time:          0.52763
Trial Time:          0.51474
Trial Time:          0.53236
Trial Time:          0.51501
Trial Time:          0.55442
Trial Time:          0.52368
Trial Time:          0.51902
Trial Time:          0.52708
Trial Time:          0.53856
Trial Time:          0.52039
Trial Time:          0.52325
Trial Time:          0.51620
Trial Time:          0.53084
Trial Time:          0.53743
Trial Time:          0.53116
Trial Time:          0.51332
Trial Time:          0.52863
Trial Time:          0.51782
Trial Time:          0.55171
Trial Time:          0.52345
Trial Time:          0.51180
Trial Time:          0.54487
Trial Time:          0.51315
Trial Time:          0.54177
Trial Time:          0.51240
Trial Time:          0.53339
Trial Time:          0.53576
Trial Time:          0.53034
Trial Time:          0.51238
Trial Time:          0.53486
Trial Time:          0.51640
Trial Time:          0.55783
Trial Time:          0.51045
Trial Time:          0.53468
Trial Time:          0.52052
Trial Time:          0.53100
Trial Time:          0.54344
Trial Time:          0.53418
Trial Time:          0.51117
Trial Time:          0.52907
Trial Time:          0.52091
Trial Time:          0.54928
Trial Time:          0.52377
Trial Time:          0.52212
Trial Time:          0.52103
Trial Time:          0.52531
Trial Time:          0.54812
Trial Time:          0.51204
Trial Time:          0.52930
Trial Time:          0.54355
Trial Time:          0.50451
Trial Time:          0.52141
Trial Time:          0.50623
Trial Time:          0.51290
Trial Time:          0.55248
Trial Time:          0.49944
Trial Time:          0.52303
Trial Time:          0.50133
Trial Time:          0.51885
Trial Time:          0.53343
Trial Time:          0.52205
Trial Time:          0.50356
Trial Time:          0.52179
Trial Time:          0.49878
Trial Time:          0.55213
Trial Time:          0.51883
Trial Time:          0.53450
Trial Time:          0.50368
Trial Time:          0.51726
Trial Time:          0.51570
Trial Time:          0.50402
Trial Time:          0.51411
Trial Time:          0.50536
Trial Time:          0.54270
Trial Time:          0.50835
Trial Time:          0.51798
Trial Time:          0.50977
Trial Time:          0.53483
Trial Time:          0.49815
Trial Time:          0.52038
Trial Time:          0.50281
Trial Time:          0.52174
Trial Time:          0.53605
Trial Time:          0.51637
Trial Time:          0.49968
Trial Time:          0.53735
Trial Time:          0.50449
Trial Time:          0.55026
Trial Time:          0.50473
Trial Time:          0.51427
Trial Time:          0.51125
Trial Time:          0.51173
Trial Time:          0.51268
Trial Time:          0.51957
Trial Time:          0.51058
Trial Time:          0.51606
Trial Time:          0.51643
Trial Time:          0.52202
Trial Time:          0.49627
Trial Time:          0.51758
Trial Time:          0.53245
Trial Time:          0.50997
Trial Time:          0.51624
Trial Time:          0.50129
Trial Time:          0.51613
Trial Time:          0.53998
Trial Time:          0.52783
Trial Time:          0.52761
Trial Time:          0.49662
Trial Time:          0.51377
Trial Time:          0.54597
Trial Time:          0.50514
Trial Time:          0.53856
Trial Time:          0.52405
Trial Time:          0.52185
Trial Time:          0.51937
Trial Time:          0.52561
Trial Time:          0.51875
Trial Time:          0.51398
Trial Time:          0.56030
Trial Time:          0.52326
Trial Time:          0.51011
Trial Time:          0.53155
Trial Time:          0.49819
Trial Time:          0.55932
Trial Time:          0.52269
Trial Time:          0.51033
Trial Time:          0.53922
Trial Time:          0.54038
Trial Time:          0.51560
Trial Time:          0.54980
Trial Time:          0.51292
Trial Time:          0.51974
Trial Time:          0.52946
Trial Time:          0.53330
Trial Time:          0.52649
Trial Time:          0.51924
Trial Time:          0.51146
Trial Time:          0.53741
Trial Time:          0.52547
Trial Time:          0.51607
Trial Time:          0.52904
Trial Time:          0.52889
Trial Time:          0.52481
Trial Time:          0.52304
Trial Time:          0.50942
Trial Time:          0.52155
Trial Time:          0.53706
Trial Time:          0.49798
Trial Time:          0.51861
Trial Time:          0.51055
Trial Time:          0.50531
Trial Time:          0.53481
Trial Time:          0.52482
Trial Time:          0.50182
Trial Time:          0.51017
Trial Time:          0.51568
Trial Time:          0.52882
Trial Time:          0.50218
Trial Time:          0.52518
Trial Time:          0.50052
Trial Time:          0.50505
Trial Time:          0.52448
Trial Time:          0.50302
Trial Time:          0.51578
Trial Time:          0.54391
Trial Time:          0.49982
Trial Time:          0.49748
Trial Time:          0.52011
Trial Time:          0.50752
Trial Time:          0.53303
Trial Time:          0.51733
Trial Time:          0.49986
Trial Time:          0.51320
Trial Time:          0.50072
Trial Time:          0.53991
Trial Time:          0.51743
Trial Time:          0.50633
Trial Time:          0.52041
Trial Time:          0.50312
Trial Time:          0.53323
Trial Time:          0.50717
Trial Time:          0.50701
Trial Time:          0.51849
Trial Time:          0.49992
Trial Time:          0.52657
Trial Time:          0.50059
Trial Time:          0.51977
Trial Time:          0.50713
Trial Time:          0.54020
Trial Time:          0.51127
Trial Time:          0.51242
Trial Time:          0.50692
Trial Time:          0.53100
Trial Time:          0.51690
Trial Time:          0.50885
Trial Time:          0.51648
Trial Time:          0.50180
Trial Time:          0.55106
Trial Time:          0.49862
Trial Time:          0.52199
Trial Time:          0.52237
Trial Time:          0.50045
Trial Time:          0.55349
Trial Time:          0.50308
Trial Time:          0.51857
Trial Time:          0.50130
Trial Time:          0.51753
Trial Time:          0.50927
Trial Time:          0.52156
Trial Time:          0.50089
Trial Time:          0.52236
Trial Time:          0.52920
Trial Time:          0.52608
Trial Time:          0.52065
Trial Time:          0.50201
Trial Time:          0.55843
Trial Time:          0.50986
Trial Time:          0.51340
Trial Time:          0.52284
Trial Time:          0.50508
Trial Time:          0.55045
Trial Time:          0.51597
Trial Time:          0.50779
Trial Time:          0.52584
Trial Time:          0.50600
Trial Time:          0.54984
Trial Time:          0.51880
Trial Time:          0.59028
Trial Time:          0.50991
Trial Time:          0.52646
Trial Time:          0.52758
Trial Time:          0.52040
Trial Time:          0.52621
Trial Time:          0.50644
Trial Time:          0.54750
Trial Time:          0.51253
Trial Time:          0.50240
Trial Time:          0.52679
Trial Time:          0.51115
Trial Time:          0.53769
Trial Time:          0.53073
Trial Time:          0.51672
Trial Time:          0.52148
Trial Time:          0.52104
Trial Time:          0.53407
Trial Time:          0.54103
Trial Time:          0.52494
Trial Time:          0.50864
Trial Time:          0.55121
Trial Time:          0.51208
Trial Time:          0.52457
Trial Time:          0.51606
Trial Time:          0.50996
Trial Time:          0.52370
Trial Time:          0.51208
Trial Time:          0.52364
Trial Time:          0.51934
Trial Time:          0.53656
Trial Time:          0.52264
Trial Time:          0.52965
Trial Time:          0.52731
Trial Time:          0.50451
Trial Time:          0.54982
Trial Time:          0.51391
Trial Time:          0.51772
Trial Time:          0.51955
Trial Time:          0.50838
Trial Time:          0.55755
Trial Time:          0.50158
Trial Time:          0.53490
Trial Time:          0.51689
Trial Time:          0.51002
Trial Time:          0.55418
Trial Time:          0.50587
Trial Time:          0.51837
Trial Time:          0.50962
Trial Time:          0.51629
Trial Time:          0.52749
Trial Time:          0.50838
Trial Time:          0.52539
Trial Time:          0.52665
Trial Time:          0.53702
Trial Time:          0.52678
Trial Time:          0.51338
Trial Time:          0.52535
Trial Time:          0.54423
Trial Time:          0.52047
Trial Time:          0.51455
Trial Time:          0.51918
Trial Time:          0.51896
Trial Time:          0.53905
Trial Time:          0.53176
Trial Time:          0.51235
Trial Time:          0.51543
Trial Time:          0.50577
Trial Time:          0.55114
Trial Time:          0.50910
Trial Time:          0.53036
Trial Time:          0.51285
Trial Time:          0.51702
Trial Time:          0.52543
Trial Time:          0.51787
Trial Time:          0.52969
Trial Time:          0.53597
Trial Time:          0.52751
Trial Time:          0.49755
Trial Time:          0.51581
Trial Time:          0.51222
Trial Time:          0.54949
Trial Time:          0.51458
Trial Time:          0.51023
Trial Time:          0.52931
Trial Time:          0.50216
Trial Time:          0.56018
Trial Time:          0.50685
Trial Time:          0.52813
Trial Time:          0.50461
Trial Time:          0.52408
Trial Time:          0.53855
Trial Time:          0.52644
Trial Time:          0.52582
Trial Time:          0.50626
Trial Time:          0.52562
Trial Time:          0.51409
Trial Time:          0.51624
Trial Time:          0.51131
Trial Time:          0.53979
Trial Time:          0.51756
Trial Time:          0.51545
Trial Time:          0.51988
Trial Time:          0.50520
Trial Time:          0.54739
Trial Time:          0.52016
Trial Time:          0.51063
Trial Time:          0.51792
Trial Time:          0.51413
Trial Time:          0.54946
Trial Time:          0.50513
Trial Time:          0.52718
Trial Time:          0.51350
Trial Time:          0.55748
Trial Time:          0.51268
Trial Time:          0.52559
Trial Time:          0.50378
Trial Time:          0.53063
Trial Time:          0.50628
Trial Time:          0.53761
Trial Time:          0.51569
Trial Time:          0.52013
Trial Time:          0.53478
Trial Time:          0.52397
Trial Time:          0.51290
Trial Time:          0.50861
Trial Time:          0.52617
Trial Time:          0.53305
Trial Time:          0.52524
Trial Time:          0.50070
Trial Time:          0.52933
Trial Time:          0.51962
Trial Time:          0.54717
Trial Time:          0.50675
Trial Time:          0.51888
Trial Time:          0.50493
Trial Time:          0.53244
Trial Time:          0.53645
Trial Time:          0.52600
Trial Time:          0.51293
Trial Time:          0.51004
Trial Time:          0.50658
Trial Time:          0.52520
Trial Time:          0.51239
Trial Time:          0.51969
Trial Time:          0.53603
Trial Time:          0.52401
Trial Time:          0.50737
Trial Time:          0.51794
Trial Time:          0.51497
Trial Time:          0.55024
Trial Time:          0.52396
Trial Time:          0.53082
Trial Time:          0.52173
Trial Time:          0.53068
Trial Time:          0.56328
Trial Time:          0.52623
Trial Time:          0.53511
Average Time:        6.27338
[2024-06-19 21:35:03.860] [info] [restore.cpp:141] Execution time: 287.600882 s