code 0x40000004 code_size 61598088
Generate Time:       3.48545
Build Time:          3.78698
Graph has 1048576 nodes and 15699691 undirected edges for degree: 14
Trial Time:          0.52371
Trial Time:          0.50362
Trial Time:          0.52295
Trial Time:          0.50293
Trial Time:          0.51841
Trial Time:          0.50353
Trial Time:          0.49592
Trial Time:          0.49998
Trial Time:          0.49843
Trial Time:          0.48767
Trial Time:          0.53459
Trial Time:          0.49343
Trial Time:          0.49864
Trial Time:          0.48579
Trial Time:          0.52065
Trial Time:          0.48522
Trial Time:          0.49396
Trial Time:          0.53023
Trial Time:          0.48312
Trial Time:          0.50684
Trial Time:          0.48491
Trial Time:          0.53917
Trial Time:          0.50311
Trial Time:          0.48829
Trial Time:          0.50390
Trial Time:          0.53348
Trial Time:          0.47924
Trial Time:          0.51077
Trial Time:          0.49237
Trial Time:          0.48851
Trial Time:          0.50163
Trial Time:          0.49959
Trial Time:          0.49685
Trial Time:          0.49860
Trial Time:          0.48799
Trial Time:          0.52816
Trial Time:          0.50236
Trial Time:          0.48465
Trial Time:          0.49750
Trial Time:          0.50074
Trial Time:          0.48611
Trial Time:          0.49546
Trial Time:          0.53018
Trial Time:          0.50268
Trial Time:          0.47901
Trial Time:          0.51012
Trial Time:          0.52387
Trial Time:          0.54032
Trial Time:          0.50564
Trial Time:          0.48854
Trial Time:          0.50678
Trial Time:          0.49835
Trial Time:          0.49607
Trial Time:          0.48430
Trial Time:          0.50570
Trial Time:          0.50461
Trial Time:          0.49985
Trial Time:          0.48828
Trial Time:          0.50407
Trial Time:          0.50566
Trial Time:          0.48915
Trial Time:          0.50845
Trial Time:          0.52316
Trial Time:          0.50856
Trial Time:          0.48920
Trial Time:          0.49834
Trial Time:          0.52023
Trial Time:          0.49296
Trial Time:          0.49063
Trial Time:          0.50472
Trial Time:          0.50139
Trial Time:          0.48750
Trial Time:          0.52378
Trial Time:          0.48523
Trial Time:          0.50940
Trial Time:          0.50814
Trial Time:          0.49852
Trial Time:          0.50191
Trial Time:          0.48225
Trial Time:          0.50647
Trial Time:          0.48324
Trial Time:          0.52614
Trial Time:          0.49066
Trial Time:          0.49430
Trial Time:          0.50174
Trial Time:          0.49994
Trial Time:          0.49903
Trial Time:          0.48271
Trial Time:          0.50326
Trial Time:          0.48763
Trial Time:          0.48430
Trial Time:          0.52156
Trial Time:          0.49197
Trial Time:          0.48755
Trial Time:          0.50261
Trial Time:          0.48801
Trial Time:          0.50009
Trial Time:          0.50248
Trial Time:          0.50980
Trial Time:          0.48914
Trial Time:          0.50885
Trial Time:          0.51397
Trial Time:          0.49608
Trial Time:          0.48626
Trial Time:          0.50706
Trial Time:          0.48867
Trial Time:          0.50123
Trial Time:          0.49227
Trial Time:          0.50064
Trial Time:          0.50171
Trial Time:          0.49550
Trial Time:          0.51419
Trial Time:          0.48716
Trial Time:          0.49588
Trial Time:          0.49819
Trial Time:          0.48729
Trial Time:          0.48784
Trial Time:          0.50441
Trial Time:          0.49650
Trial Time:          0.47985
Trial Time:          0.54309
Trial Time:          0.48656
Trial Time:          0.50612
Trial Time:          0.50077
Trial Time:          0.50449
Trial Time:          0.48480
Trial Time:          0.51445
Trial Time:          0.48515
Trial Time:          0.51166
Trial Time:          0.48630
Trial Time:          0.52285
Trial Time:          0.48795
Trial Time:          0.51337
Trial Time:          0.50347
Trial Time:          0.48795
Trial Time:          0.50135
Trial Time:          0.48626
Trial Time:          0.49638
Trial Time:          0.49376
Trial Time:          0.48971
Trial Time:          0.52482
Trial Time:          0.48919
Trial Time:          0.50307
Trial Time:          0.48013
Trial Time:          0.50750
Trial Time:          0.48643
Trial Time:          0.49393
Trial Time:          0.49708
Trial Time:          0.50703
Trial Time:          0.47989
Trial Time:          0.52522
Trial Time:          0.48844
Trial Time:          0.50186
Trial Time:          0.48876
Trial Time:          0.51066
Trial Time:          0.48727
Trial Time:          0.51090
Trial Time:          0.52449
Trial Time:          0.50538
Trial Time:          0.51861
Trial Time:          0.51384
Trial Time:          0.49517
Trial Time:          0.49475
Trial Time:          0.48974
Trial Time:          0.50396
Trial Time:          0.50806
Trial Time:          0.49637
Trial Time:          0.48831
Trial Time:          0.49979
Trial Time:          0.48496
Trial Time:          0.52475
Trial Time:          0.50580
Trial Time:          0.49402
Trial Time:          0.50455
Trial Time:          0.48909
Trial Time:          0.49529
Trial Time:          0.49175
Trial Time:          0.50140
Trial Time:          0.49154
Trial Time:          0.52475
Trial Time:          0.49256
Trial Time:          0.48525
Trial Time:          0.51099
Trial Time:          0.51472
Trial Time:          0.48801
Trial Time:          0.50200
Trial Time:          0.49642
Trial Time:          0.49100
Trial Time:          0.50853
Trial Time:          0.53097
Trial Time:          0.48294
Trial Time:          0.50178
^CCaught signal 2, performing custom logic...
^C[2024-06-19 19:52:16.313] [info] [wamr_interp_frame.cpp:82] function_index 1771 ip_offset 295 lp 0x5555557fe40c sp 0x5555557fe4ac sp_offset 40
212648 212644 213300 213292 213308 218612 213340 218416 213320 213339 212560 8 0 31178 0 123012 213304 213296 30753 281406 1 4 139799840 0 0 0 0 0 0 2941368222 195975 0 0 0 0 218416 281406 1 218612 212600 
[2024-06-19 19:52:16.313] [info] [wamr_interp_frame.cpp:82] function_index 1354 ip_offset 1347 lp 0x5555557fd614 sp 0x5555557fe390 sp_offset 863
291 0 0 8 212656 212656 32 212624 8 25 0 0 0 0 0 0 0 0 0 0 0 0 0 0 0 0 0 0 0 0 0 0 0 0 0 0 0 0 0 0 0 0 0 0 0 0 0 0 0 0 0 0 0 0 0 0 0 0 0 0 0 0 0 0 0 0 0 0 0 0 0 0 0 0 0 0 0 0 0 0 0 0 0 0 0 0 0 0 0 0 0 0 0 0 0 0 0 0 0 0 0 0 0 0 0 0 0 0 0 0 0 0 0 0 0 0 0 0 0 0 0 0 0 0 0 0 0 0 0 291 212656 213300 212656 213292 212656 213308 212656 218612 212656 213340 212656 218416 212656 213320 212656 213339 24 212648 212648 20 212644 212644 0 0 0 0 0 0 0 0 0 0 0 0 0 0 0 0 0 0 0 0 0 0 0 0 0 0 0 0 0 0 0 0 0 0 0 0 0 0 0 0 0 0 0 0 0 0 0 0 0 0 0 0 0 0 0 0 0 0 0 0 0 0 0 0 0 0 0 0 0 0 0 0 0 0 0 0 0 0 0 0 0 0 0 0 0 0 0 0 0 0 0 0 0 0 0 0 0 0 0 0 0 0 0 0 0 0 0 0 0 0 0 0 0 0 0 0 0 0 0 0 0 0 0 0 0 0 0 0 0 0 0 0 0 0 0 0 0 0 0 0 0 0 0 0 0 0 0 0 0 0 0 0 0 0 0 0 0 0 0 0 0 0 0 0 0 0 0 0 0 0 0 0 0 0 0 0 0 0 0 0 0 0 0 0 0 0 0 0 0 0 0 0 0 0 0 0 0 0 0 0 0 0 0 0 0 0 0 0 0 0 0 0 0 0 0 0 0 0 0 0 0 0 0 0 0 0 0 0 0 0 0 0 0 0 0 0 0 0 0 0 0 0 0 0 0 0 0 0 0 0 0 0 0 0 0 0 0 0 0 0 0 0 0 0 0 0 0 0 0 0 0 0 0 0 0 0 0 0 0 0 0 0 0 0 0 0 0 0 0 0 0 0 0 0 0 0 0 0 0 0 0 0 0 0 0 0 0 0 0 0 0 0 0 0 0 0 0 0 0 0 0 0 0 0 0 0 0 0 0 0 0 0 0 0 0 0 0 0 0 0 0 0 0 0 0 0 0 0 0 0 0 0 0 0 0 0 0 0 0 0 0 0 0 0 0 0 0 0 0 0 0 0 0 0 0 0 0 0 0 0 0 0 0 0 0 0 0 0 0 0 0 0 0 0 0 0 0 0 0 0 0 0 0 0 0 0 0 0 0 0 0 0 0 0 0 0 0 0 0 0 0 0 0 0 0 0 0 0 0 0 0 0 0 0 0 0 0 0 0 0 0 0 0 0 0 0 0 0 0 0 0 0 0 0 0 0 0 0 0 0 0 0 0 0 0 0 0 0 0 0 0 0 0 0 0 0 0 0 0 0 0 0 0 0 0 0 0 0 0 0 0 0 0 0 0 0 0 0 0 0 0 0 0 0 0 0 0 0 0 0 0 0 0 0 0 0 0 0 0 0 0 0 0 0 0 0 0 0 0 0 0 0 0 0 0 0 0 0 0 0 0 0 0 0 0 0 0 0 0 0 0 0 0 0 0 0 0 0 0 0 0 0 0 0 0 0 0 0 0 0 0 0 0 0 0 0 0 0 0 0 0 0 0 0 0 0 0 0 0 0 0 0 0 0 0 0 0 0 0 0 0 0 0 0 0 0 0 0 0 0 0 0 0 0 0 0 0 0 0 0 0 0 0 0 0 0 0 0 0 0 0 0 0 0 0 0 0 0 0 0 0 0 0 0 0 0 0 0 0 0 0 0 0 0 0 0 0 0 0 0 0 0 0 0 0 0 0 0 0 0 0 0 0 0 0 0 0 0 0 0 0 0 0 0 0 0 0 0 0 0 0 0 0 0 0 0 0 0 0 0 212648 212644 213300 213292 213308 218612 213340 218416 213320 213339 291 
[2024-06-19 19:52:16.313] [info] [wamr_interp_frame.cpp:82] function_index 1135 ip_offset 1564 lp 0x5555557fd268 sp 0x5555557fd5dc sp_offset 221
136280 0 1 8 291 182 201561664 201557952 213228 212784 96 212656 212688 8 2 32 15 47 4294967280 32 212688 212656 0 0 20 0 20 0 1 0 0 0 0 0 136280 0 1 1 1 1 1 1 1 136280 201561664 201563392 213228 0 213228 0 1 1 1 0 0 0 0 0 0 0 0 0 0 0 291 162 291 162 0 1 0 0 0 0 0 0 0 0 0 0 0 0 0 0 0 0 0 0 0 0 0 0 0 0 0 0 0 0 0 0 0 0 0 0 0 0 0 0 0 0 0 0 0 0 0 0 0 0 0 0 0 0 0 0 0 0 0 0 0 0 0 0 0 0 0 0 0 0 0 0 0 0 0 0 0 0 0 0 0 0 0 212656 8 1 7 4294967295 0 4294967295 0 0 1 0 213228 213276 4 213280 213339 212684 4 212688 0 4294967295 4294967295 291 0 8 212656 0 0 0 0 0 0 0 0 0 0 0 0 0 0 0 0 0 0 0 0 0 0 0 0 0 0 0 0 0 0 0 0 0 0 0 0 0 0 0 291 0 0 8 212656 
[2024-06-19 19:52:16.313] [info] [wamr_interp_frame.cpp:82] function_index 1130 ip_offset 2956 lp 0x5555557fbe64 sp 0x5555557fd224 sp_offset 1264
136280 0 1 8 291 182 213228 213216 432 212784 212784 0 0 0 20 0 20 0 1 0 0 0 0 0 0 0 0 0 0 0 1 0 0 0 0 0 0 0 0 0 0 0 0 0 0 0 0 0 0 0 0 0 0 0 0 0 0 0 0 0 0 0 0 0 0 0 0 0 0 0 0 0 0 1 0 0 0 0 1 0 201548288 0 2 0 201548288 201561664 201561664 201557952 201561664 0 201561664 0 201561664 201557632 201557632 0 201561664 0 201561664 201559040 0 201557952 0 201557952 0 201561664 0 201561664 132 201561796 201561796 201567744 0 201567744 0 0 1 0 0 0 0 0 0 0 0 0 0 0 0 0 0 0 0 0 0 0 0 0 0 0 0 136280 201561664 201561664 291 0 0 213228 0 1 0 0 0 0 0 0 0 0 0 0 0 0 0 0 0 2 201561664 0 201557952 408 201558360 201561664 0 255 0 2 0 201558360 0 0 0 1 1 1 0 0 0 0 0 0 213228 0 1 0 0 201557952 0 201561664 201559040 1 0 1 0 1 0 0 3 1 3 1 0 1 0 0 0 0 0 0 0 0 0 0 0 0 0 0 0 0 1 201557952 201547520 0 2 0 201547520 201561664 201559040 1 1 0 0 0 0 0 1 0 0 0 0 0 0 0 0 0 1 1 1 1 1 1 1 0 1 0 0 0 0 0 0 0 0 0 0 0 0 0 0 0 0 1 0 1 0 1 1 1 0 0 0 201561664 0 1 1 1 1 1 1 1 136280 0 1 8 291 182 201561664 201557952 213228 0 0 0 0 0 0 0 0 0 0 0 0 0 0 0 0 0 0 0 0 0 0 0 0 0 0 0 0 0 0 0 0 0 0 0 0 0 0 0 0 0 0 0 0 0 0 0 0 0 0 0 0 0 0 0 0 0 0 0 0 0 0 0 0 0 0 0 0 0 0 0 0 0 0 0 0 0 0 0 0 0 0 0 0 0 0 0 0 0 0 0 0 0 0 0 0 0 0 0 0 0 0 0 0 0 0 0 0 0 0 0 0 0 0 0 0 0 0 0 0 0 0 0 0 0 0 0 0 0 0 0 0 0 0 0 0 0 0 0 0 0 0 0 0 0 0 0 0 0 0 0 0 0 0 0 0 0 0 0 0 0 0 0 0 0 0 0 0 0 0 0 0 0 0 0 0 0 0 0 0 0 0 0 0 0 0 0 0 0 0 0 0 0 0 0 0 0 0 0 0 0 0 0 0 0 0 0 0 0 0 0 0 0 0 0 0 0 0 0 0 0 0 0 0 0 0 0 0 0 0 0 0 0 0 0 0 0 0 0 0 0 0 0 0 0 0 0 0 0 0 0 0 0 0 0 0 0 0 0 0 0 0 0 0 0 0 0 0 0 0 0 0 0 0 0 0 0 0 0 0 0 0 0 0 0 0 0 0 0 0 0 0 0 0 0 0 0 0 0 0 0 0 0 0 0 0 0 0 0 0 0 0 0 0 0 0 0 0 0 0 0 0 0 0 0 0 0 0 0 0 0 0 0 0 0 0 0 0 0 0 0 0 0 0 0 0 0 0 0 0 0 0 0 0 0 0 0 0 0 0 0 0 0 0 0 0 0 0 0 0 0 0 0 0 0 0 0 0 0 0 0 0 0 0 0 0 0 0 0 0 0 0 0 0 0 0 0 0 0 0 0 0 0 0 0 0 0 0 0 0 0 0 0 0 0 0 0 0 0 0 0 0 0 0 0 0 0 0 0 0 0 0 0 0 0 0 0 0 0 0 0 0 0 0 0 0 0 0 0 0 0 0 0 0 0 0 0 0 0 0 0 0 0 0 0 0 0 0 0 0 0 0 0 0 0 0 0 0 0 0 0 0 0 0 0 0 0 0 0 0 0 0 0 0 0 0 0 0 0 0 0 0 0 0 0 0 0 0 0 0 0 0 0 0 0 0 0 0 0 0 0 0 0 0 0 0 0 0 0 0 0 0 0 0 0 0 0 0 0 0 0 0 0 0 0 0 0 0 0 0 0 0 0 0 0 0 0 0 0 0 0 0 0 0 0 0 0 0 0 0 0 0 0 0 0 0 0 0 0 0 0 0 0 0 0 0 0 0 0 0 0 0 0 0 0 0 0 0 0 0 0 0 0 0 0 0 0 0 0 0 0 0 0 0 0 0 0 0 0 0 0 0 0 0 0 0 0 0 0 0 0 0 0 0 0 0 0 0 0 0 0 0 0 0 0 0 0 0 0 0 0 0 0 0 0 0 0 0 0 0 0 0 0 0 0 0 0 0 0 0 0 0 0 0 0 0 0 0 0 0 0 0 0 0 0 0 0 0 0 0 0 0 0 0 0 0 0 0 0 0 0 0 0 0 0 0 0 0 0 0 0 0 0 0 0 0 0 0 0 0 0 0 0 0 0 0 0 0 0 0 0 0 0 0 0 0 0 0 0 0 0 0 0 0 0 0 0 0 0 0 0 0 0 0 0 0 0 0 0 0 0 0 0 0 0 0 0 0 0 0 0 0 0 0 0 0 0 0 0 0 0 0 0 0 0 0 0 0 0 0 0 0 0 0 0 0 0 0 0 0 0 0 0 0 0 0 0 0 0 0 0 0 0 0 0 0 0 0 0 0 0 0 0 0 0 0 0 0 0 0 0 0 0 0 0 0 0 0 0 0 0 0 0 0 0 0 0 0 0 0 0 0 0 0 0 0 0 0 0 0 0 0 0 0 0 0 0 0 0 0 0 0 0 0 0 0 0 0 0 0 0 0 0 0 0 0 0 0 0 0 0 0 0 0 0 0 0 0 0 0 0 0 0 0 0 0 0 0 0 0 0 0 0 0 0 0 0 0 0 0 0 0 0 0 0 0 0 0 0 0 0 0 0 0 0 0 0 0 0 0 0 0 0 0 0 0 0 0 136280 0 1 8 291 182 201561664 201557952 213228 
[2024-06-19 19:52:16.313] [info] [wamr_interp_frame.cpp:82] function_index 1655 ip_offset 140 lp 0x5555557fbdb8 sp 0x5555557fbe2c sp_offset 29
136280 8 291 213248 213248 32 213216 0 136280 0 8 291 1 182 12 213228 213228 0 0 0 0 0 136280 0 1 8 291 182 213228 
[2024-06-19 19:52:16.313] [info] [wamr_interp_frame.cpp:82] function_index 1769 ip_offset 425 lp 0x5555557fbd4c sp 0x5555557fbd7c sp_offset 12
1 0 100472 130012424 4414896 213248 2756613278 195975 136280 8 291 213248 
[2024-06-19 19:52:16.313] [info] [wamr_interp_frame.cpp:82] function_index 1781 ip_offset 1474 lp 0x5555557fbc90 sp 0x5555557fbd04 sp_offset 29
0 290 213344 622464 215888 100472 218488 2756135481 195975 309 0 1046561339 3396492961 308 0 1668453923 1079511071 192 4294967295 220576 1048576 0 3117159445 1071648400 218612 218416 100472 1 0 
[2024-06-19 19:52:16.313] [info] [wamr_interp_frame.cpp:82] function_index 4913 ip_offset 109 lp 0x5555557fbc40 sp 0x5555557fbc54 sp_offset 5
218624 218720 218688 3 218720 
[2024-06-19 19:52:16.313] [info] [wamr_interp_frame.cpp:82] function_index 56 ip_offset 40 lp 0x5555557fbbf8 sp 0x5555557fbbfc sp_offset 1
0 
[2024-06-19 19:52:17.725] [info] [wamr.cpp:1007] Snapshot time: 1.411934 s
[2024-06-19 19:52:17.725] [info] [wamr.cpp:1008] Max Interval: 0
[2024-06-19 19:52:17.725] [info] [wamr.cpp:1009] Memory usage: 3342 MB