Generate Time:       7.20967
Build Time:          1.60122
Graph has 1048576 nodes and 15699691 undirected edges for degree: 14
Trial Time:          0.63259
Trial Time:          0.63564
Trial Time:          0.61622
Trial Time:          0.61464
Trial Time:          0.54889
Trial Time:          0.59840
Trial Time:          0.61316
Trial Time:          0.59425
Trial Time:          0.59808
Trial Time:          0.60194
Trial Time:          0.63102
Trial Time:          0.53534
Trial Time:          0.48350
Trial Time:          0.61439
Trial Time:          0.51942
Trial Time:          0.60315
Trial Time:          0.70173
Trial Time:          0.67853
Trial Time:          0.66127
Trial Time:          0.76392
Trial Time:          0.73503
Trial Time:          0.84938
Trial Time:          0.90561
Trial Time:          0.63272
Trial Time:          0.73038
Trial Time:          0.70488
Trial Time:          0.62318
Trial Time:          0.73118
Trial Time:          0.65193
Trial Time:          0.67848
Trial Time:          0.66037
Trial Time:          0.59822
Trial Time:          0.53945
Trial Time:          0.83836
Trial Time:          0.86710
Trial Time:          1.08272
Trial Time:          0.83072
Trial Time:          0.69860
Trial Time:          0.67220
Trial Time:          0.61437
Trial Time:          0.62322
Trial Time:          0.55124
Trial Time:          0.60059
Trial Time:          0.61487
Trial Time:          0.60722
Trial Time:          0.60093
Trial Time:          0.56310
Trial Time:          0.58756
Trial Time:          0.58141
Trial Time:          0.63588
Trial Time:          0.56694
Trial Time:          0.59066
Trial Time:          0.58111
Trial Time:          0.62593
Trial Time:          0.56591
Trial Time:          0.68128
Trial Time:          0.69933
Trial Time:          0.64203
Trial Time:          0.67800
Trial Time:          0.67030
Trial Time:          0.63890
Trial Time:          0.61180
Trial Time:          0.54239
Trial Time:          0.68595
Trial Time:          0.57943
Trial Time:          0.52138
Trial Time:          0.58746
Trial Time:          0.58951
Trial Time:          0.59515
Trial Time:          0.64121
Trial Time:          0.52597
Trial Time:          0.60584
Trial Time:          0.60115
Trial Time:          0.52795
Trial Time:          0.68943
Trial Time:          0.53622
Trial Time:          0.52875
Trial Time:          0.56972
Trial Time:          0.57877
Trial Time:          0.58651
Trial Time:          0.54080
Trial Time:          0.58593
Trial Time:          0.69033
Trial Time:          1.14252
Trial Time:          0.74446
Trial Time:          0.62434
Trial Time:          0.64811
Trial Time:          0.83611
Trial Time:          0.72206
Trial Time:          0.70909
Trial Time:          0.75114
Trial Time:          0.70004
Trial Time:          0.84186
Trial Time:          0.85136
Trial Time:          0.78350
Trial Time:          1.08079
Trial Time:          1.20876
Trial Time:          2.62682
Trial Time:          1.23307
Trial Time:          1.02200
Trial Time:          1.09223
Trial Time:          0.89804
Trial Time:          0.77153
Trial Time:          0.81919
Trial Time:          1.11849
Trial Time:          2.91579
Trial Time:          0.88228
Trial Time:          0.91326
Trial Time:          1.13889
Trial Time:          1.28375
Trial Time:          1.17904
Trial Time:          0.95836
Trial Time:          0.79763
Trial Time:          0.79177
Trial Time:          0.70900
Trial Time:          0.88124
Trial Time:          1.18365
Trial Time:          0.97522
Trial Time:          0.87387
Trial Time:          0.84894
Trial Time:          0.75481
Trial Time:          0.73586
Trial Time:          0.72296
Trial Time:          0.83987
Trial Time:          0.72778
Trial Time:          0.79180
Trial Time:          0.87201
Trial Time:          0.90797
Trial Time:          0.80861
Trial Time:          0.75047
Trial Time:          0.84944
Trial Time:          0.79258
Trial Time:          0.72528
Trial Time:          0.62523
Trial Time:          0.63303
Trial Time:          0.79006
Trial Time:          0.72153
Trial Time:          0.77768
Trial Time:          0.83978
Trial Time:          0.72154
Trial Time:          0.84609
Trial Time:          0.78579
Trial Time:          0.77291
Trial Time:          0.73360
Trial Time:          0.78714
Trial Time:          0.80089
Trial Time:          0.79128
Trial Time:          0.74996
Trial Time:          0.73328
Trial Time:          0.75083
Trial Time:          0.76067
Trial Time:          0.72409
Trial Time:          0.67458
Trial Time:          0.73879
Trial Time:          0.64341
Trial Time:          0.69640
Trial Time:          0.72270
Trial Time:          0.78424
Trial Time:          0.71201
Trial Time:          0.74436
Trial Time:          0.77470
Trial Time:          0.69992
Trial Time:          0.72158
Trial Time:          0.74479
Trial Time:          0.75974
Trial Time:          0.81779
Trial Time:          0.62106
Trial Time:          0.58871
Trial Time:          0.57280
Trial Time:          0.55127
Trial Time:          0.65592
Trial Time:          0.72996
Trial Time:          0.73975
Trial Time:          0.77004
Trial Time:          0.65707
Trial Time:          0.69790
Trial Time:          0.70940
Trial Time:          0.82555
Trial Time:          0.73416
Trial Time:          0.71488
Trial Time:          0.75619
Trial Time:          0.73377
Trial Time:          0.72397
Trial Time:          0.74576
Trial Time:          0.73665
Trial Time:          1.84518
Trial Time:          0.91742
Trial Time:          0.74033
Trial Time:          0.61871
Trial Time:          0.60172
Trial Time:          0.58383
Trial Time:          0.59590
Trial Time:          0.54206
Trial Time:          0.58033
Trial Time:          0.56931
Trial Time:          0.75209
Trial Time:          0.60084
Trial Time:          0.57131
Trial Time:          0.54080
Trial Time:          0.53475
Trial Time:          0.55158
Trial Time:          0.60240
Trial Time:          0.56938
Trial Time:          0.55615
Trial Time:          0.54534
Trial Time:          0.59770
Trial Time:          0.53699
Trial Time:          0.63182
Trial Time:          0.60745
Trial Time:          0.56038
Trial Time:          0.57897
Trial Time:          0.55324
Trial Time:          0.65255
Trial Time:          1.43357
Trial Time:          0.55972
Trial Time:          0.58637
Trial Time:          0.56462
Trial Time:          0.61960
Trial Time:          0.61919
Trial Time:          0.69046
Trial Time:          0.57825
Trial Time:          0.51942
Trial Time:          0.70342
Trial Time:          1.67436
Trial Time:          1.03466
Trial Time:          1.69715
Trial Time:          0.67321
Trial Time:          0.58198
Trial Time:          0.66072
Trial Time:          0.69503
Trial Time:          0.74339
Trial Time:          0.69604
Trial Time:          0.67324
Trial Time:          0.55320
Trial Time:          0.63616
Trial Time:          0.73519
Trial Time:          0.67522
Trial Time:          0.56970
Trial Time:          0.59447
Trial Time:          0.63231
Trial Time:          0.62018
Trial Time:          0.53234
Trial Time:          0.61805
Trial Time:          0.64093
Trial Time:          0.65894
Trial Time:          0.66152
Trial Time:          0.64566
Trial Time:          0.64366
Trial Time:          0.62607
Trial Time:          0.61323
Trial Time:          0.65698
Trial Time:          0.61898
Trial Time:          0.61737
Trial Time:          0.63686
Trial Time:          0.62905
Trial Time:          0.63229
Trial Time:          0.63132
Trial Time:          0.60902
Trial Time:          0.67892
Trial Time:          0.64318
Trial Time:          0.60163
Trial Time:          0.62817
Trial Time:          0.60712
Trial Time:          0.62457
Trial Time:          0.65522
Trial Time:          0.56525
Trial Time:          0.61882
Trial Time:          0.65050
Trial Time:          0.69953
Trial Time:          0.73870
Trial Time:          0.61919
Trial Time:          0.60513
Trial Time:          0.62470
Trial Time:          0.61733
Trial Time:          0.64919
Trial Time:          0.62854
Trial Time:          0.69652
Trial Time:          0.62336
Trial Time:          0.59471
Trial Time:          0.66486
Trial Time:          0.63781
Trial Time:          0.64971
Trial Time:          0.70247
Trial Time:          0.59818
Trial Time:          0.65026
Trial Time:          0.66799
Trial Time:          0.67526
Trial Time:          0.63313
Trial Time:          0.62955
Trial Time:          0.60421
Trial Time:          0.65847
Trial Time:          0.68228
Trial Time:          0.67189
Trial Time:          0.65561
Trial Time:          0.66336
Trial Time:          0.64811
Trial Time:          0.61403
Trial Time:          0.65941
Trial Time:          0.68696
Trial Time:          0.65987
Trial Time:          0.62523
Trial Time:          0.60278
Trial Time:          0.62498
Trial Time:          0.61794
Trial Time:          0.55966
Trial Time:          0.65736
Trial Time:          0.67472
Trial Time:          0.62050
Trial Time:          0.59249
Trial Time:          0.55251
Trial Time:          0.60246
Trial Time:          0.66495
Trial Time:          0.57880
Trial Time:          0.59695
Trial Time:          0.65334
Trial Time:          0.64557
Trial Time:          0.63246
Trial Time:          0.62675
Trial Time:          0.65012
Trial Time:          0.63210
Trial Time:          0.64366
Trial Time:          0.64079
Trial Time:          0.71406
Trial Time:          0.64698
Trial Time:          0.66066
Trial Time:          0.61263
Trial Time:          0.61311
Trial Time:          0.86915
Trial Time:          0.90434
Trial Time:          0.94186
Trial Time:          0.69064
Trial Time:          0.66898
Trial Time:          0.60094
Trial Time:          0.60725
Trial Time:          0.61805
Trial Time:          0.59122
Trial Time:          0.58705
Trial Time:          0.64860
Trial Time:          0.55394
Trial Time:          0.56246
Trial Time:          0.62661
Trial Time:          0.68190
Trial Time:          0.58504
Trial Time:          1.34314
Trial Time:          1.08181
Trial Time:          0.79161
Trial Time:          0.60483
Trial Time:          0.87115
Trial Time:          2.11549
Trial Time:          1.21593
Trial Time:          1.11977
Trial Time:          0.97152
Trial Time:          1.17304
Trial Time:          2.05069
Trial Time:          10.03359
Trial Time:          1.11628
Trial Time:          1.14879
Trial Time:          1.10068
Trial Time:          0.92927
Trial Time:          0.64937
Trial Time:          0.69349
Trial Time:          0.77271
Trial Time:          0.80942
Trial Time:          0.82251
Trial Time:          0.71415
Trial Time:          0.65484
Trial Time:          0.64039
Trial Time:          0.61620
Trial Time:          0.71911
Trial Time:          0.76290
Trial Time:          0.66374
Trial Time:          0.81285
Trial Time:          0.66614
Trial Time:          0.64208
Trial Time:          0.81879
Trial Time:          0.75396
Trial Time:          0.83467
Trial Time:          0.95900
Trial Time:          0.71741
Trial Time:          0.64099
Trial Time:          0.70505
Trial Time:          0.72768
Trial Time:          0.80855
Trial Time:          0.68711
Trial Time:          0.76633
Trial Time:          0.72605
Trial Time:          0.76588
Trial Time:          0.73287
Trial Time:          0.68006
Trial Time:          0.70419
Trial Time:          0.68692
Trial Time:          0.66557
Trial Time:          0.62812
Trial Time:          0.67872
Trial Time:          0.79010
Trial Time:          0.66979
Trial Time:          0.62511
Trial Time:          0.72745
Trial Time:          0.71020
Trial Time:          0.61047
Trial Time:          0.70017
Trial Time:          0.73565
Trial Time:          0.82504
Trial Time:          0.64746
Trial Time:          0.65326
Trial Time:          0.77445
Trial Time:          0.75534
Trial Time:          0.71870
Trial Time:          0.68356
Trial Time:          0.64181
Trial Time:          0.67042
Trial Time:          0.74607
Trial Time:          0.77372
Trial Time:          0.91071
Trial Time:          0.93915
Trial Time:          0.84947
Trial Time:          0.72795
Trial Time:          1.53583
Trial Time:          0.64651
Trial Time:          0.53926
Trial Time:          0.57409
Trial Time:          0.63037
Trial Time:          0.55155
Trial Time:          0.60509
Trial Time:          0.56972
Trial Time:          0.70694
Trial Time:          0.91677
Trial Time:          0.64438
Trial Time:          0.64244
Trial Time:          0.65887
Trial Time:          0.69570
Trial Time:          0.64912
Trial Time:          0.71887
Trial Time:          0.60527
Trial Time:          0.59033
Trial Time:          0.47741
Trial Time:          0.56983
Trial Time:          0.48958
Trial Time:          0.55832
Trial Time:          0.48340
Trial Time:          0.48215
Trial Time:          0.53956
Trial Time:          0.64027
Trial Time:          0.65381
Trial Time:          0.56023
Trial Time:          0.80329
Trial Time:          0.63046
Trial Time:          0.58212
Trial Time:          0.63900
Trial Time:          0.62890
Trial Time:          0.66137
Trial Time:          0.76836
Trial Time:          0.64219
Trial Time:          0.64160
Trial Time:          0.59661
Trial Time:          0.61873
Trial Time:          0.55647
Trial Time:          0.82509
Trial Time:          0.72371
Trial Time:          0.70170
Trial Time:          0.51994
Trial Time:          0.54706
Trial Time:          0.55008
Trial Time:          0.67257
Trial Time:          0.64706
Trial Time:          0.63398
Trial Time:          0.49463
Trial Time:          0.45297
Trial Time:          0.44941
Trial Time:          0.55953
Trial Time:          0.65481
Trial Time:          0.60136
Trial Time:          0.60287
Trial Time:          0.65605
Trial Time:          0.64000
Trial Time:          0.67707
Trial Time:          0.61198
Trial Time:          0.59643
Trial Time:          0.60038
Trial Time:          0.60373
Trial Time:          0.60621
Trial Time:          0.61091
Trial Time:          0.61602
Trial Time:          0.61788
Trial Time:          0.60378
Trial Time:          0.58125
Trial Time:          0.58553
Trial Time:          0.62680
Trial Time:          0.57376
Trial Time:          0.59814
Trial Time:          0.60848
Trial Time:          0.61502
Trial Time:          0.60733
Trial Time:          0.50349
Trial Time:          0.47787
Trial Time:          0.52997
Trial Time:          0.62559
Trial Time:          0.56437
Trial Time:          0.60290
Trial Time:          0.51036
Trial Time:          0.53249
Trial Time:          0.59274
Trial Time:          0.60818
Trial Time:          0.55480
Trial Time:          0.51420
Trial Time:          0.56204
Trial Time:          0.55849
Trial Time:          0.54680
Trial Time:          0.62223
Trial Time:          0.60728
Trial Time:          0.61073
Trial Time:          0.80852
Trial Time:          0.70552
Trial Time:          0.58518
Trial Time:          0.57227
Trial Time:          0.58971
Trial Time:          0.68697
Trial Time:          0.67495
Trial Time:          0.62162
Trial Time:          0.55216
Trial Time:          0.56688
Trial Time:          0.65620
Trial Time:          0.52613
Trial Time:          0.54913
Trial Time:          0.54933
Trial Time:          0.52350
Trial Time:          0.59083
Trial Time:          0.58781
Trial Time:          0.60426
Trial Time:          0.59875
Trial Time:          0.65569
Trial Time:          0.58498
Trial Time:          0.50280
Trial Time:          0.55348
Trial Time:          0.52716
Trial Time:          0.53905
Trial Time:          0.52343
Trial Time:          0.63027
Trial Time:          0.58589
Trial Time:          0.58828
Trial Time:          0.56043
Trial Time:          0.56541
Trial Time:          0.58540
Trial Time:          0.59877
Trial Time:          0.60556
Trial Time:          0.58515
Trial Time:          0.57476
Trial Time:          0.58695
Trial Time:          0.51451
Trial Time:          0.54361
Trial Time:          0.49786
Trial Time:          0.45276
Trial Time:          0.54888
Trial Time:          0.50471
Trial Time:          0.56652
Trial Time:          0.62617
Trial Time:          0.67604
Trial Time:          0.61785
Trial Time:          0.67645
Trial Time:          0.66779
Trial Time:          0.59284
Trial Time:          0.50926
Trial Time:          0.56105
Trial Time:          0.63328
Trial Time:          0.53446
Trial Time:          0.55928
Trial Time:          0.56831
Trial Time:          0.58653
Trial Time:          0.58414
Trial Time:          0.71098
Trial Time:          0.64998
Trial Time:          0.55074
Trial Time:          0.66216
Trial Time:          0.74306
Trial Time:          0.74203
Trial Time:          0.74432
Trial Time:          0.59668
Trial Time:          0.59046
Trial Time:          0.55305
Trial Time:          0.58713
Trial Time:          0.53919
Trial Time:          0.58044
Trial Time:          0.54054
Trial Time:          0.56646
Trial Time:          0.59082
Trial Time:          0.59591
Trial Time:          0.54569
Trial Time:          0.52099
Trial Time:          0.59143
Trial Time:          0.58289
Trial Time:          0.61910
Trial Time:          0.55310
Trial Time:          0.62165
Trial Time:          0.62753
Trial Time:          0.64434
Trial Time:          0.56403
Trial Time:          0.61721
Trial Time:          0.63943
Trial Time:          0.73432
Trial Time:          0.60562
Trial Time:          0.57176
Trial Time:          0.57560
Trial Time:          0.60423
Trial Time:          0.61470
Trial Time:          0.53511
Trial Time:          0.71676
Trial Time:          0.71804
Trial Time:          0.55135
Trial Time:          0.57802
Trial Time:          0.55326
Trial Time:          0.59100
Trial Time:          0.62184
Trial Time:          0.56251
Trial Time:          0.55653
Trial Time:          0.65803
Trial Time:          0.69644
Trial Time:          0.54007
Trial Time:          0.57380
Trial Time:          0.70423
Trial Time:          0.60098
Trial Time:          0.59864
Trial Time:          0.56020
Trial Time:          0.60005
Trial Time:          0.62196
Trial Time:          0.61930
Trial Time:          0.70010
Trial Time:          0.68524
Trial Time:          0.58249
Trial Time:          0.63607
Trial Time:          0.66474
Trial Time:          0.66538
Trial Time:          0.59152
Trial Time:          0.61635
Trial Time:          0.79841
Trial Time:          0.66045
Trial Time:          0.56161
Trial Time:          0.52337
Trial Time:          0.48004
Trial Time:          0.57972
Trial Time:          0.68164
Trial Time:          0.55739
Trial Time:          0.70447
Trial Time:          0.70544
Trial Time:          0.58823
Trial Time:          0.99024
Trial Time:          0.88981
Trial Time:          1.93881
Trial Time:          0.85894
Trial Time:          0.55724
Trial Time:          0.70254
Trial Time:          0.95638
Trial Time:          0.99063
Trial Time:          0.95320
Trial Time:          0.97709
Trial Time:          1.10772
Trial Time:          2.05054
Trial Time:          0.95575
Trial Time:          0.66248
Trial Time:          0.66778
Trial Time:          0.64853
Trial Time:          0.68203
Trial Time:          0.65124
Trial Time:          0.63642
Trial Time:          0.68316
Trial Time:          0.65268
Trial Time:          0.70271
Trial Time:          0.56718
Trial Time:          0.56745
Trial Time:          0.62710
Trial Time:          0.57652
Trial Time:          0.58914
Trial Time:          0.50972
Trial Time:          0.58974
Trial Time:          0.65729
Trial Time:          0.73284
Trial Time:          0.56632
Trial Time:          0.61281
Trial Time:          0.60484
Trial Time:          0.89767
Trial Time:          0.95345
Trial Time:          0.81199
Trial Time:          0.60494
Trial Time:          0.62593
Trial Time:          0.71237
Trial Time:          0.61937
Trial Time:          0.61721
Trial Time:          1.16307
Trial Time:          0.78404
Trial Time:          0.64914
Trial Time:          0.57804
Trial Time:          0.50036
Trial Time:          0.55561
Trial Time:          0.63926
Trial Time:          0.63852
Trial Time:          0.50701
Trial Time:          0.61069
Trial Time:          0.64828
Trial Time:          0.73074
Trial Time:          0.74613
Trial Time:          0.69470
Trial Time:          0.64187
Trial Time:          0.73511
Trial Time:          0.83092
Trial Time:          0.84829
Trial Time:          0.86048
Trial Time:          0.79956
Trial Time:          0.86880
Trial Time:          0.85647
Trial Time:          0.91913
Trial Time:          0.77446
Trial Time:          0.84586
Trial Time:          0.89073
Trial Time:          0.79368
Trial Time:          0.66920
Trial Time:          0.73699
Trial Time:          0.64129
Trial Time:          0.92519
Trial Time:          0.77610
Trial Time:          0.75277
Trial Time:          0.85461
Trial Time:          0.74308
Trial Time:          0.70749
Trial Time:          0.80360
Trial Time:          0.77218
Trial Time:          0.72484
Trial Time:          0.73620
Trial Time:          0.85246
Trial Time:          0.80790
Trial Time:          0.71262
Trial Time:          0.83160
Trial Time:          0.80113
Trial Time:          0.89299
Trial Time:          0.80221
Trial Time:          0.68561
Trial Time:          0.77902
Trial Time:          0.75814
Trial Time:          0.71112
Trial Time:          0.68501
Trial Time:          0.60728
Trial Time:          0.66832
Trial Time:          0.62260
Trial Time:          0.68733
Trial Time:          0.63336
Trial Time:          0.78187
Trial Time:          0.65595
Trial Time:          0.66761
Trial Time:          0.68836
Trial Time:          0.71898
Trial Time:          3.05225
Trial Time:          0.98665
Trial Time:          0.64901
Trial Time:          0.69782
Trial Time:          0.68869
Trial Time:          0.55552
Trial Time:          0.63961
Trial Time:          0.75402
Trial Time:          0.74665
Trial Time:          0.69348
Trial Time:          0.75919
Trial Time:          0.75779
Trial Time:          0.75189
Trial Time:          0.77733
Trial Time:          0.75800
Trial Time:          0.78386
Trial Time:          0.74086
Trial Time:          0.79204
Trial Time:          0.77109
Trial Time:          0.77746
Trial Time:          0.82360
Trial Time:          1.53429
Trial Time:          0.85750
Trial Time:          0.79050
Trial Time:          0.81033
Trial Time:          0.75206
Trial Time:          0.55912
Trial Time:          0.58027
Trial Time:          0.84650
Trial Time:          0.69381
Trial Time:          0.86778
Trial Time:          0.60337
Trial Time:          0.66936
Trial Time:          0.76241
Trial Time:          0.66357
Trial Time:          0.87950
Trial Time:          0.84458
Trial Time:          0.72277
Trial Time:          0.76537
Trial Time:          0.75481
Trial Time:          0.64802
Trial Time:          0.64187
Trial Time:          0.76503
Trial Time:          0.74306
Trial Time:          0.80029
Trial Time:          0.72195
Trial Time:          0.77036
Trial Time:          0.82766
Trial Time:          0.77779
Trial Time:          0.87028
Trial Time:          0.77994
Trial Time:          0.80830
Trial Time:          0.77113
Trial Time:          0.79561
Trial Time:          0.90935
Trial Time:          0.85947
Trial Time:          1.06508
Trial Time:          0.80104
Trial Time:          0.78619
Trial Time:          0.86015
Trial Time:          0.75209
Trial Time:          0.81955
Trial Time:          2.05978
Trial Time:          1.48419
Trial Time:          0.89263
Trial Time:          0.88981
Trial Time:          0.82164
Trial Time:          0.64801
Trial Time:          0.72721
Trial Time:          0.70926
Trial Time:          0.75756
Trial Time:          0.76135
Trial Time:          0.74752
Trial Time:          0.69578
Trial Time:          0.77508
Trial Time:          0.80448
Trial Time:          0.78847
Trial Time:          0.69580
Trial Time:          0.77500
Trial Time:          0.81553
Trial Time:          0.72781
Trial Time:          0.68202
Trial Time:          0.62916
Trial Time:          0.63272
Trial Time:          0.75767
Trial Time:          0.75287
Trial Time:          0.96625
Trial Time:          0.94425
Trial Time:          0.69286
Trial Time:          0.63293
Trial Time:          0.74095
Trial Time:          0.71211
Trial Time:          0.68690
Trial Time:          0.56136
Trial Time:          0.68791
Trial Time:          0.67594
Trial Time:          0.62399
Trial Time:          0.57857
Trial Time:          0.71715
Trial Time:          0.74421
Trial Time:          0.57461
Trial Time:          0.65681
Trial Time:          0.62584
Trial Time:          0.64526
Trial Time:          0.70057
Trial Time:          0.71657
Trial Time:          0.67074
Trial Time:          0.73077
Trial Time:          0.79966
Trial Time:          0.64065
Trial Time:          0.77051
Trial Time:          0.79566
Trial Time:          0.86229
Trial Time:          0.68873
Trial Time:          0.68624
Trial Time:          0.59536
Trial Time:          0.71552
Trial Time:          0.71257
Trial Time:          3.15375
Trial Time:          0.93162
Trial Time:          1.10144
Trial Time:          0.84883
Trial Time:          0.80045
Trial Time:          2.19934
Trial Time:          0.70823
Trial Time:          0.49064
Trial Time:          0.56723
Trial Time:          0.54709
Trial Time:          0.52275
Trial Time:          0.54882
Trial Time:          0.53349
Trial Time:          0.55043
Trial Time:          0.52670
Trial Time:          0.60787
Trial Time:          0.57994
Trial Time:          0.75796
Trial Time:          1.24100
Trial Time:          0.71634
Trial Time:          0.64409
Trial Time:          0.77526
Trial Time:          0.59536
Trial Time:          0.51422
Trial Time:          0.60801
Trial Time:          0.72487
Trial Time:          0.56113
Trial Time:          0.54068
Trial Time:          0.59555
Trial Time:          0.64858
Trial Time:          0.51707
Trial Time:          0.49648
Trial Time:          0.56065
Trial Time:          0.52062
Trial Time:          0.59814
Trial Time:          2.66370
Trial Time:          0.59873
Trial Time:          0.56239
Trial Time:          0.54466
Trial Time:          0.59918
Trial Time:          0.56671
Trial Time:          0.57294
Trial Time:          0.51983
Trial Time:          0.52167
Trial Time:          0.55298
Trial Time:          0.63151
Trial Time:          0.60645
Trial Time:          0.63043
Trial Time:          0.63607
Trial Time:          0.59066
Trial Time:          0.63158
Trial Time:          0.61021
Trial Time:          0.58583
Trial Time:          0.59706
Trial Time:          0.61111
Trial Time:          0.62136
Trial Time:          0.55002
Trial Time:          0.63997
Trial Time:          0.64435
Trial Time:          0.60395
Trial Time:          0.60980
Trial Time:          0.58683
Trial Time:          0.57510
Trial Time:          0.54599
Trial Time:          0.61297
Trial Time:          0.56247
Trial Time:          0.63081
Trial Time:          0.60635
Trial Time:          0.54402
Trial Time:          0.63155
Trial Time:          0.59625
Trial Time:          0.63982
Trial Time:          0.65649
Trial Time:          0.62379
Trial Time:          0.64968
Trial Time:          0.65103
Trial Time:          0.55388
Trial Time:          0.69500
Trial Time:          0.63465
Trial Time:          0.63006
Trial Time:          0.66118
Trial Time:          0.62548
Trial Time:          0.63843
Trial Time:          0.61415
Trial Time:          0.57437
Trial Time:          0.57335
Trial Time:          0.55927
Trial Time:          0.55189
Trial Time:          0.60514
Trial Time:          0.56225
Trial Time:          0.62241
Trial Time:          0.56406
Trial Time:          0.80091
Trial Time:          0.57335
Trial Time:          0.57553
Trial Time:          0.62811
Trial Time:          0.66827
Trial Time:          0.62836
Trial Time:          0.85680
Trial Time:          0.61866
Trial Time:          0.60229
Trial Time:          0.56060
Trial Time:          0.61976
Trial Time:          0.65846
Trial Time:          0.62460
Trial Time:          0.64083
Trial Time:          0.57129
Trial Time:          0.52944
Trial Time:          0.54341
Trial Time:          0.57375
Trial Time:          0.65204
Trial Time:          0.59163
Trial Time:          0.60436
Trial Time:          0.67195
Trial Time:          0.59805
Trial Time:          0.50618
Trial Time:          0.53648
Trial Time:          0.45852
Trial Time:          0.57086
Trial Time:          0.58719
Trial Time:          0.58463
Trial Time:          0.67854
Trial Time:          0.63055
Trial Time:          0.81361
Trial Time:          0.99345
Trial Time:          0.79357
Trial Time:          0.66816
Trial Time:          0.57400
Trial Time:          0.50336
Trial Time:          0.54239
Trial Time:          0.67323
Trial Time:          0.61960
Trial Time:          0.49764
Trial Time:          0.65886
Average Time:        0.71207
[2024-06-19 21:35:03.860] [info] [restore.cpp:141] Execution time: 287.600882 s
